{"C:\\Users\\Javier Retondo\\Downloads\\curso-node-restserver-4.0.0\\to-do-list\\src\\api\\components\\auth\\controller.js": {"path":"C:\\Users\\Javier Retondo\\Downloads\\curso-node-restserver-4.0.0\\to-do-list\\src\\api\\components\\auth\\controller.js","statementMap":{"0":{"start":{"line":1,"column":17},"end":{"line":1,"column":36}},"1":{"start":{"line":2,"column":16},"end":{"line":2,"column":50}},"2":{"start":{"line":3,"column":23},"end":{"line":3,"column":62}},"3":{"start":{"line":5,"column":0},"end":{"line":44,"column":1}},"4":{"start":{"line":6,"column":18},"end":{"line":40,"column":5}},"5":{"start":{"line":7,"column":37},"end":{"line":7,"column":45}},"6":{"start":{"line":9,"column":24},"end":{"line":9,"column":68}},"7":{"start":{"line":11,"column":8},"end":{"line":14,"column":9}},"8":{"start":{"line":12,"column":12},"end":{"line":12,"column":47}},"9":{"start":{"line":13,"column":12},"end":{"line":13,"column":24}},"10":{"start":{"line":16,"column":8},"end":{"line":19,"column":9}},"11":{"start":{"line":17,"column":12},"end":{"line":17,"column":53}},"12":{"start":{"line":18,"column":12},"end":{"line":18,"column":24}},"13":{"start":{"line":21,"column":30},"end":{"line":21,"column":78}},"14":{"start":{"line":22,"column":8},"end":{"line":25,"column":9}},"15":{"start":{"line":23,"column":12},"end":{"line":23,"column":55}},"16":{"start":{"line":24,"column":12},"end":{"line":24,"column":24}},"17":{"start":{"line":27,"column":25},"end":{"line":32,"column":9}},"18":{"start":{"line":34,"column":22},"end":{"line":34,"column":48}},"19":{"start":{"line":36,"column":8},"end":{"line":39,"column":10}},"20":{"start":{"line":41,"column":4},"end":{"line":43,"column":5}}},"fnMap":{"0":{"name":"(anonymous_0)","decl":{"start":{"line":5,"column":17},"end":{"line":5,"column":18}},"loc":{"start":{"line":5,"column":23},"end":{"line":44,"column":1}},"line":5},"1":{"name":"(anonymous_1)","decl":{"start":{"line":6,"column":18},"end":{"line":6,"column":19}},"loc":{"start":{"line":6,"column":33},"end":{"line":40,"column":5}},"line":6}},"branchMap":{"0":{"loc":{"start":{"line":11,"column":8},"end":{"line":14,"column":9}},"type":"if","locations":[{"start":{"line":11,"column":8},"end":{"line":14,"column":9}},{"start":{},"end":{}}],"line":11},"1":{"loc":{"start":{"line":16,"column":8},"end":{"line":19,"column":9}},"type":"if","locations":[{"start":{"line":16,"column":8},"end":{"line":19,"column":9}},{"start":{},"end":{}}],"line":16},"2":{"loc":{"start":{"line":22,"column":8},"end":{"line":25,"column":9}},"type":"if","locations":[{"start":{"line":22,"column":8},"end":{"line":25,"column":9}},{"start":{},"end":{}}],"line":22}},"s":{"0":1,"1":1,"2":1,"3":1,"4":1,"5":4,"6":4,"7":4,"8":0,"9":0,"10":4,"11":0,"12":0,"13":4,"14":4,"15":1,"16":1,"17":3,"18":3,"19":3,"20":1},"f":{"0":1,"1":4},"b":{"0":[0,4],"1":[0,4],"2":[1,3]},"_coverageSchema":"1a1c01bbd47fc00a2c39e90264f33305004495a9","hash":"23c188b63b83d3eb9e6fff8e328a1561dd625446"}
,"C:\\Users\\Javier Retondo\\Downloads\\curso-node-restserver-4.0.0\\to-do-list\\src\\api\\components\\auth\\index.js": {"path":"C:\\Users\\Javier Retondo\\Downloads\\curso-node-restserver-4.0.0\\to-do-list\\src\\api\\components\\auth\\index.js","statementMap":{"0":{"start":{"line":1,"column":23},"end":{"line":1,"column":46}},"1":{"start":{"line":3,"column":0},"end":{"line":3,"column":33}}},"fnMap":{},"branchMap":{},"s":{"0":1,"1":1},"f":{},"b":{},"_coverageSchema":"1a1c01bbd47fc00a2c39e90264f33305004495a9","hash":"5384e44a8e938ee73068ebaad5f82e531b43389b"}
,"C:\\Users\\Javier Retondo\\Downloads\\curso-node-restserver-4.0.0\\to-do-list\\src\\api\\components\\auth\\routes.js": {"path":"C:\\Users\\Javier Retondo\\Downloads\\curso-node-restserver-4.0.0\\to-do-list\\src\\api\\components\\auth\\routes.js","statementMap":{"0":{"start":{"line":1,"column":19},"end":{"line":1,"column":37}},"1":{"start":{"line":2,"column":18},"end":{"line":2,"column":46}},"2":{"start":{"line":4,"column":27},"end":{"line":4,"column":63}},"3":{"start":{"line":5,"column":26},"end":{"line":5,"column":57}},"4":{"start":{"line":6,"column":18},"end":{"line":6,"column":36}},"5":{"start":{"line":7,"column":26},"end":{"line":7,"column":67}},"6":{"start":{"line":9,"column":15},"end":{"line":9,"column":23}},"7":{"start":{"line":11,"column":0},"end":{"line":20,"column":16}},"8":{"start":{"line":17,"column":23},"end":{"line":20,"column":14}},"9":{"start":{"line":18,"column":4},"end":{"line":19,"column":87}},"10":{"start":{"line":22,"column":0},"end":{"line":22,"column":24}}},"fnMap":{"0":{"name":"(anonymous_0)","decl":{"start":{"line":17,"column":3},"end":{"line":17,"column":4}},"loc":{"start":{"line":17,"column":23},"end":{"line":20,"column":14}},"line":17},"1":{"name":"(anonymous_1)","decl":{"start":{"line":17,"column":39},"end":{"line":17,"column":40}},"loc":{"start":{"line":17,"column":47},"end":{"line":20,"column":1}},"line":17}},"branchMap":{"0":{"loc":{"start":{"line":18,"column":4},"end":{"line":19,"column":87}},"type":"cond-expr","locations":[{"start":{"line":18,"column":11},"end":{"line":18,"column":38}},{"start":{"line":19,"column":8},"end":{"line":19,"column":87}}],"line":18}},"s":{"0":1,"1":1,"2":1,"3":1,"4":1,"5":1,"6":1,"7":1,"8":4,"9":4,"10":1},"f":{"0":4,"1":4},"b":{"0":[3,1]},"_coverageSchema":"1a1c01bbd47fc00a2c39e90264f33305004495a9","hash":"d424e3ecbfdd045af8de4d113d947a4a60740905"}
,"C:\\Users\\Javier Retondo\\Downloads\\curso-node-restserver-4.0.0\\to-do-list\\src\\api\\components\\tareas\\controller.js": {"path":"C:\\Users\\Javier Retondo\\Downloads\\curso-node-restserver-4.0.0\\to-do-list\\src\\api\\components\\tareas\\controller.js","statementMap":{"0":{"start":{"line":1,"column":14},"end":{"line":1,"column":46}},"1":{"start":{"line":2,"column":15},"end":{"line":2,"column":35}},"2":{"start":{"line":3,"column":20},"end":{"line":3,"column":46}},"3":{"start":{"line":5,"column":0},"end":{"line":109,"column":1}},"4":{"start":{"line":6,"column":22},"end":{"line":62,"column":5}},"5":{"start":{"line":11,"column":12},"end":{"line":11,"column":21}},"6":{"start":{"line":13,"column":27},"end":{"line":13,"column":37}},"7":{"start":{"line":15,"column":26},"end":{"line":15,"column":36}},"8":{"start":{"line":16,"column":8},"end":{"line":18,"column":9}},"9":{"start":{"line":17,"column":12},"end":{"line":17,"column":40}},"10":{"start":{"line":20,"column":8},"end":{"line":61,"column":9}},"11":{"start":{"line":21,"column":35},"end":{"line":21,"column":37}},"12":{"start":{"line":22,"column":27},"end":{"line":22,"column":58}},"13":{"start":{"line":23,"column":36},"end":{"line":39,"column":14}},"14":{"start":{"line":40,"column":12},"end":{"line":44,"column":14}},"15":{"start":{"line":46,"column":12},"end":{"line":60,"column":14}},"16":{"start":{"line":64,"column":23},"end":{"line":68,"column":5}},"17":{"start":{"line":65,"column":40},"end":{"line":65,"column":48}},"18":{"start":{"line":66,"column":23},"end":{"line":66,"column":34}},"19":{"start":{"line":67,"column":8},"end":{"line":67,"column":74}},"20":{"start":{"line":70,"column":21},"end":{"line":78,"column":5}},"21":{"start":{"line":71,"column":23},"end":{"line":71,"column":33}},"22":{"start":{"line":72,"column":8},"end":{"line":77,"column":10}},"23":{"start":{"line":80,"column":21},"end":{"line":89,"column":5}},"24":{"start":{"line":81,"column":23},"end":{"line":81,"column":33}},"25":{"start":{"line":82,"column":42},"end":{"line":82,"column":50}},"26":{"start":{"line":83,"column":22},"end":{"line":83,"column":70}},"27":{"start":{"line":84,"column":8},"end":{"line":88,"column":9}},"28":{"start":{"line":85,"column":12},"end":{"line":85,"column":45}},"29":{"start":{"line":87,"column":12},"end":{"line":87,"column":40}},"30":{"start":{"line":91,"column":24},"end":{"line":100,"column":5}},"31":{"start":{"line":92,"column":23},"end":{"line":92,"column":33}},"32":{"start":{"line":93,"column":22},"end":{"line":93,"column":60}},"33":{"start":{"line":95,"column":8},"end":{"line":99,"column":9}},"34":{"start":{"line":96,"column":12},"end":{"line":96,"column":44}},"35":{"start":{"line":98,"column":12},"end":{"line":98,"column":40}},"36":{"start":{"line":102,"column":4},"end":{"line":108,"column":5}}},"fnMap":{"0":{"name":"(anonymous_0)","decl":{"start":{"line":5,"column":17},"end":{"line":5,"column":18}},"loc":{"start":{"line":5,"column":23},"end":{"line":109,"column":1}},"line":5},"1":{"name":"(anonymous_1)","decl":{"start":{"line":6,"column":22},"end":{"line":6,"column":23}},"loc":{"start":{"line":6,"column":37},"end":{"line":62,"column":5}},"line":6},"2":{"name":"(anonymous_2)","decl":{"start":{"line":64,"column":23},"end":{"line":64,"column":24}},"loc":{"start":{"line":64,"column":38},"end":{"line":68,"column":5}},"line":64},"3":{"name":"(anonymous_3)","decl":{"start":{"line":70,"column":21},"end":{"line":70,"column":22}},"loc":{"start":{"line":70,"column":36},"end":{"line":78,"column":5}},"line":70},"4":{"name":"(anonymous_4)","decl":{"start":{"line":80,"column":21},"end":{"line":80,"column":22}},"loc":{"start":{"line":80,"column":36},"end":{"line":89,"column":5}},"line":80},"5":{"name":"(anonymous_5)","decl":{"start":{"line":91,"column":24},"end":{"line":91,"column":25}},"loc":{"start":{"line":91,"column":39},"end":{"line":100,"column":5}},"line":91}},"branchMap":{"0":{"loc":{"start":{"line":16,"column":8},"end":{"line":18,"column":9}},"type":"if","locations":[{"start":{"line":16,"column":8},"end":{"line":18,"column":9}},{"start":{},"end":{}}],"line":16},"1":{"loc":{"start":{"line":20,"column":8},"end":{"line":61,"column":9}},"type":"if","locations":[{"start":{"line":20,"column":8},"end":{"line":61,"column":9}},{"start":{"line":45,"column":15},"end":{"line":61,"column":9}}],"line":20},"2":{"loc":{"start":{"line":24,"column":24},"end":{"line":31,"column":22}},"type":"cond-expr","locations":[{"start":{"line":24,"column":72},"end":{"line":31,"column":17}},{"start":{"line":31,"column":20},"end":{"line":31,"column":22}}],"line":24},"3":{"loc":{"start":{"line":24,"column":25},"end":{"line":24,"column":68}},"type":"binary-expr","locations":[{"start":{"line":24,"column":25},"end":{"line":24,"column":39}},{"start":{"line":24,"column":43},"end":{"line":24,"column":54}},{"start":{"line":24,"column":58},"end":{"line":24,"column":68}}],"line":24},"4":{"loc":{"start":{"line":26,"column":24},"end":{"line":26,"column":90}},"type":"binary-expr","locations":[{"start":{"line":26,"column":24},"end":{"line":26,"column":38}},{"start":{"line":26,"column":42},"end":{"line":26,"column":90}}],"line":26},"5":{"loc":{"start":{"line":27,"column":24},"end":{"line":27,"column":95}},"type":"binary-expr","locations":[{"start":{"line":27,"column":24},"end":{"line":27,"column":38}},{"start":{"line":27,"column":42},"end":{"line":27,"column":95}}],"line":27},"6":{"loc":{"start":{"line":28,"column":24},"end":{"line":28,"column":52}},"type":"binary-expr","locations":[{"start":{"line":28,"column":24},"end":{"line":28,"column":34}},{"start":{"line":28,"column":38},"end":{"line":28,"column":52}}],"line":28},"7":{"loc":{"start":{"line":29,"column":24},"end":{"line":29,"column":66}},"type":"binary-expr","locations":[{"start":{"line":29,"column":24},"end":{"line":29,"column":35}},{"start":{"line":29,"column":39},"end":{"line":29,"column":66}}],"line":29},"8":{"loc":{"start":{"line":41,"column":28},"end":{"line":41,"column":45}},"type":"cond-expr","locations":[{"start":{"line":41,"column":36},"end":{"line":41,"column":41}},{"start":{"line":41,"column":44},"end":{"line":41,"column":45}}],"line":41},"9":{"loc":{"start":{"line":43,"column":29},"end":{"line":43,"column":45}},"type":"cond-expr","locations":[{"start":{"line":43,"column":36},"end":{"line":43,"column":40}},{"start":{"line":43,"column":43},"end":{"line":43,"column":45}}],"line":43},"10":{"loc":{"start":{"line":47,"column":24},"end":{"line":54,"column":22}},"type":"cond-expr","locations":[{"start":{"line":47,"column":72},"end":{"line":54,"column":17}},{"start":{"line":54,"column":20},"end":{"line":54,"column":22}}],"line":47},"11":{"loc":{"start":{"line":47,"column":25},"end":{"line":47,"column":68}},"type":"binary-expr","locations":[{"start":{"line":47,"column":25},"end":{"line":47,"column":39}},{"start":{"line":47,"column":43},"end":{"line":47,"column":54}},{"start":{"line":47,"column":58},"end":{"line":47,"column":68}}],"line":47},"12":{"loc":{"start":{"line":49,"column":24},"end":{"line":49,"column":90}},"type":"binary-expr","locations":[{"start":{"line":49,"column":24},"end":{"line":49,"column":38}},{"start":{"line":49,"column":42},"end":{"line":49,"column":90}}],"line":49},"13":{"loc":{"start":{"line":50,"column":24},"end":{"line":50,"column":95}},"type":"binary-expr","locations":[{"start":{"line":50,"column":24},"end":{"line":50,"column":38}},{"start":{"line":50,"column":42},"end":{"line":50,"column":95}}],"line":50},"14":{"loc":{"start":{"line":51,"column":24},"end":{"line":51,"column":52}},"type":"binary-expr","locations":[{"start":{"line":51,"column":24},"end":{"line":51,"column":34}},{"start":{"line":51,"column":38},"end":{"line":51,"column":52}}],"line":51},"15":{"loc":{"start":{"line":52,"column":24},"end":{"line":52,"column":66}},"type":"binary-expr","locations":[{"start":{"line":52,"column":24},"end":{"line":52,"column":35}},{"start":{"line":52,"column":39},"end":{"line":52,"column":66}}],"line":52},"16":{"loc":{"start":{"line":84,"column":8},"end":{"line":88,"column":9}},"type":"if","locations":[{"start":{"line":84,"column":8},"end":{"line":88,"column":9}},{"start":{"line":86,"column":15},"end":{"line":88,"column":9}}],"line":84},"17":{"loc":{"start":{"line":95,"column":8},"end":{"line":99,"column":9}},"type":"if","locations":[{"start":{"line":95,"column":8},"end":{"line":99,"column":9}},{"start":{"line":97,"column":15},"end":{"line":99,"column":9}}],"line":95}},"s":{"0":1,"1":1,"2":1,"3":1,"4":1,"5":2,"6":2,"7":2,"8":2,"9":0,"10":2,"11":1,"12":1,"13":1,"14":1,"15":1,"16":1,"17":1,"18":1,"19":1,"20":1,"21":1,"22":1,"23":1,"24":1,"25":1,"26":1,"27":1,"28":1,"29":0,"30":1,"31":1,"32":1,"33":1,"34":1,"35":0,"36":1},"f":{"0":1,"1":2,"2":1,"3":1,"4":1,"5":1},"b":{"0":[0,2],"1":[1,1],"2":[0,1],"3":[1,1,1],"4":[0,0],"5":[0,0],"6":[0,0],"7":[0,0],"8":[1,0],"9":[1,0],"10":[0,1],"11":[1,1,1],"12":[0,0],"13":[0,0],"14":[0,0],"15":[0,0],"16":[1,0],"17":[1,0]},"_coverageSchema":"1a1c01bbd47fc00a2c39e90264f33305004495a9","hash":"569f305d60311006b56ae1e75863ce15ee4cca77"}
,"C:\\Users\\Javier Retondo\\Downloads\\curso-node-restserver-4.0.0\\to-do-list\\src\\api\\components\\tareas\\index.js": {"path":"C:\\Users\\Javier Retondo\\Downloads\\curso-node-restserver-4.0.0\\to-do-list\\src\\api\\components\\tareas\\index.js","statementMap":{"0":{"start":{"line":1,"column":25},"end":{"line":1,"column":48}},"1":{"start":{"line":3,"column":0},"end":{"line":3,"column":35}}},"fnMap":{},"branchMap":{},"s":{"0":1,"1":1},"f":{},"b":{},"_coverageSchema":"1a1c01bbd47fc00a2c39e90264f33305004495a9","hash":"ddfc43c2481314609f03a8fdd148c9989e1f427b"}
,"C:\\Users\\Javier Retondo\\Downloads\\curso-node-restserver-4.0.0\\to-do-list\\src\\api\\components\\tareas\\routes.js": {"path":"C:\\Users\\Javier Retondo\\Downloads\\curso-node-restserver-4.0.0\\to-do-list\\src\\api\\components\\tareas\\routes.js","statementMap":{"0":{"start":{"line":2,"column":19},"end":{"line":2,"column":37}},"1":{"start":{"line":3,"column":18},"end":{"line":3,"column":46}},"2":{"start":{"line":4,"column":20},"end":{"line":4,"column":56}},"3":{"start":{"line":5,"column":29},"end":{"line":5,"column":70}},"4":{"start":{"line":11,"column":4},"end":{"line":11,"column":35}},"5":{"start":{"line":19,"column":4},"end":{"line":19,"column":22}},"6":{"start":{"line":21,"column":15},"end":{"line":21,"column":23}},"7":{"start":{"line":23,"column":0},"end":{"line":79,"column":98}},"8":{"start":{"line":33,"column":27},"end":{"line":33,"column":95}},"9":{"start":{"line":33,"column":55},"end":{"line":33,"column":82}},"10":{"start":{"line":43,"column":27},"end":{"line":43,"column":95}},"11":{"start":{"line":43,"column":55},"end":{"line":43,"column":82}},"12":{"start":{"line":50,"column":27},"end":{"line":50,"column":94}},"13":{"start":{"line":50,"column":54},"end":{"line":50,"column":81}},"14":{"start":{"line":58,"column":27},"end":{"line":59,"column":75}},"15":{"start":{"line":59,"column":22},"end":{"line":59,"column":62}},"16":{"start":{"line":72,"column":27},"end":{"line":72,"column":94}},"17":{"start":{"line":72,"column":54},"end":{"line":72,"column":81}},"18":{"start":{"line":79,"column":27},"end":{"line":79,"column":97}},"19":{"start":{"line":79,"column":57},"end":{"line":79,"column":84}},"20":{"start":{"line":81,"column":0},"end":{"line":81,"column":24}}},"fnMap":{"0":{"name":"(anonymous_0)","decl":{"start":{"line":33,"column":7},"end":{"line":33,"column":8}},"loc":{"start":{"line":33,"column":27},"end":{"line":33,"column":95}},"line":33},"1":{"name":"(anonymous_1)","decl":{"start":{"line":33,"column":47},"end":{"line":33,"column":48}},"loc":{"start":{"line":33,"column":55},"end":{"line":33,"column":82}},"line":33},"2":{"name":"(anonymous_2)","decl":{"start":{"line":43,"column":7},"end":{"line":43,"column":8}},"loc":{"start":{"line":43,"column":27},"end":{"line":43,"column":95}},"line":43},"3":{"name":"(anonymous_3)","decl":{"start":{"line":43,"column":47},"end":{"line":43,"column":48}},"loc":{"start":{"line":43,"column":55},"end":{"line":43,"column":82}},"line":43},"4":{"name":"(anonymous_4)","decl":{"start":{"line":50,"column":7},"end":{"line":50,"column":8}},"loc":{"start":{"line":50,"column":27},"end":{"line":50,"column":94}},"line":50},"5":{"name":"(anonymous_5)","decl":{"start":{"line":50,"column":46},"end":{"line":50,"column":47}},"loc":{"start":{"line":50,"column":54},"end":{"line":50,"column":81}},"line":50},"6":{"name":"(anonymous_6)","decl":{"start":{"line":58,"column":7},"end":{"line":58,"column":8}},"loc":{"start":{"line":58,"column":27},"end":{"line":59,"column":75}},"line":58},"7":{"name":"(anonymous_7)","decl":{"start":{"line":59,"column":14},"end":{"line":59,"column":15}},"loc":{"start":{"line":59,"column":22},"end":{"line":59,"column":62}},"line":59},"8":{"name":"(anonymous_8)","decl":{"start":{"line":72,"column":7},"end":{"line":72,"column":8}},"loc":{"start":{"line":72,"column":27},"end":{"line":72,"column":94}},"line":72},"9":{"name":"(anonymous_9)","decl":{"start":{"line":72,"column":46},"end":{"line":72,"column":47}},"loc":{"start":{"line":72,"column":54},"end":{"line":72,"column":81}},"line":72},"10":{"name":"(anonymous_10)","decl":{"start":{"line":79,"column":7},"end":{"line":79,"column":8}},"loc":{"start":{"line":79,"column":27},"end":{"line":79,"column":97}},"line":79},"11":{"name":"(anonymous_11)","decl":{"start":{"line":79,"column":49},"end":{"line":79,"column":50}},"loc":{"start":{"line":79,"column":57},"end":{"line":79,"column":84}},"line":79}},"branchMap":{},"s":{"0":1,"1":1,"2":1,"3":1,"4":1,"5":1,"6":1,"7":1,"8":1,"9":1,"10":1,"11":1,"12":1,"13":1,"14":1,"15":1,"16":1,"17":1,"18":1,"19":1,"20":1},"f":{"0":1,"1":1,"2":1,"3":1,"4":1,"5":1,"6":1,"7":1,"8":1,"9":1,"10":1,"11":1},"b":{},"_coverageSchema":"1a1c01bbd47fc00a2c39e90264f33305004495a9","hash":"93ef112d6e94cb7531aadfd013188d97cd508776"}
,"C:\\Users\\Javier Retondo\\Downloads\\curso-node-restserver-4.0.0\\to-do-list\\src\\api\\components\\usuarios\\controller.js": {"path":"C:\\Users\\Javier Retondo\\Downloads\\curso-node-restserver-4.0.0\\to-do-list\\src\\api\\components\\usuarios\\controller.js","statementMap":{"0":{"start":{"line":1,"column":17},"end":{"line":1,"column":36}},"1":{"start":{"line":2,"column":16},"end":{"line":2,"column":50}},"2":{"start":{"line":4,"column":0},"end":{"line":70,"column":1}},"3":{"start":{"line":5,"column":24},"end":{"line":9,"column":5}},"4":{"start":{"line":6,"column":8},"end":{"line":8,"column":10}},"5":{"start":{"line":11,"column":23},"end":{"line":16,"column":5}},"6":{"start":{"line":12,"column":23},"end":{"line":12,"column":33}},"7":{"start":{"line":13,"column":8},"end":{"line":15,"column":10}},"8":{"start":{"line":18,"column":25},"end":{"line":33,"column":5}},"9":{"start":{"line":19,"column":50},"end":{"line":19,"column":58}},"10":{"start":{"line":20,"column":24},"end":{"line":20,"column":79}},"11":{"start":{"line":22,"column":21},"end":{"line":22,"column":43}},"12":{"start":{"line":23,"column":8},"end":{"line":23,"column":61}},"13":{"start":{"line":25,"column":8},"end":{"line":25,"column":29}},"14":{"start":{"line":27,"column":8},"end":{"line":32,"column":11}},"15":{"start":{"line":35,"column":24},"end":{"line":50,"column":5}},"16":{"start":{"line":36,"column":23},"end":{"line":36,"column":33}},"17":{"start":{"line":37,"column":43},"end":{"line":37,"column":51}},"18":{"start":{"line":38,"column":8},"end":{"line":41,"column":9}},"19":{"start":{"line":39,"column":25},"end":{"line":39,"column":47}},"20":{"start":{"line":40,"column":12},"end":{"line":40,"column":81}},"21":{"start":{"line":43,"column":24},"end":{"line":43,"column":76}},"22":{"start":{"line":45,"column":8},"end":{"line":49,"column":9}},"23":{"start":{"line":46,"column":12},"end":{"line":46,"column":45}},"24":{"start":{"line":48,"column":12},"end":{"line":48,"column":40}},"25":{"start":{"line":52,"column":27},"end":{"line":61,"column":5}},"26":{"start":{"line":53,"column":23},"end":{"line":53,"column":33}},"27":{"start":{"line":54,"column":24},"end":{"line":54,"column":64}},"28":{"start":{"line":56,"column":8},"end":{"line":60,"column":9}},"29":{"start":{"line":57,"column":12},"end":{"line":57,"column":44}},"30":{"start":{"line":59,"column":12},"end":{"line":59,"column":40}},"31":{"start":{"line":63,"column":4},"end":{"line":69,"column":5}}},"fnMap":{"0":{"name":"(anonymous_0)","decl":{"start":{"line":4,"column":17},"end":{"line":4,"column":18}},"loc":{"start":{"line":4,"column":23},"end":{"line":70,"column":1}},"line":4},"1":{"name":"(anonymous_1)","decl":{"start":{"line":5,"column":24},"end":{"line":5,"column":25}},"loc":{"start":{"line":5,"column":36},"end":{"line":9,"column":5}},"line":5},"2":{"name":"(anonymous_2)","decl":{"start":{"line":11,"column":23},"end":{"line":11,"column":24}},"loc":{"start":{"line":11,"column":38},"end":{"line":16,"column":5}},"line":11},"3":{"name":"(anonymous_3)","decl":{"start":{"line":18,"column":25},"end":{"line":18,"column":26}},"loc":{"start":{"line":18,"column":40},"end":{"line":33,"column":5}},"line":18},"4":{"name":"(anonymous_4)","decl":{"start":{"line":35,"column":24},"end":{"line":35,"column":25}},"loc":{"start":{"line":35,"column":39},"end":{"line":50,"column":5}},"line":35},"5":{"name":"(anonymous_5)","decl":{"start":{"line":52,"column":27},"end":{"line":52,"column":28}},"loc":{"start":{"line":52,"column":42},"end":{"line":61,"column":5}},"line":52}},"branchMap":{"0":{"loc":{"start":{"line":38,"column":8},"end":{"line":41,"column":9}},"type":"if","locations":[{"start":{"line":38,"column":8},"end":{"line":41,"column":9}},{"start":{},"end":{}}],"line":38},"1":{"loc":{"start":{"line":45,"column":8},"end":{"line":49,"column":9}},"type":"if","locations":[{"start":{"line":45,"column":8},"end":{"line":49,"column":9}},{"start":{"line":47,"column":15},"end":{"line":49,"column":9}}],"line":45},"2":{"loc":{"start":{"line":56,"column":8},"end":{"line":60,"column":9}},"type":"if","locations":[{"start":{"line":56,"column":8},"end":{"line":60,"column":9}},{"start":{"line":58,"column":15},"end":{"line":60,"column":9}}],"line":56}},"s":{"0":1,"1":1,"2":1,"3":1,"4":2,"5":1,"6":0,"7":0,"8":1,"9":2,"10":2,"11":2,"12":2,"13":2,"14":2,"15":1,"16":1,"17":1,"18":1,"19":1,"20":1,"21":1,"22":1,"23":1,"24":0,"25":1,"26":2,"27":2,"28":2,"29":2,"30":0,"31":1},"f":{"0":1,"1":2,"2":0,"3":2,"4":1,"5":2},"b":{"0":[1,0],"1":[1,0],"2":[2,0]},"_coverageSchema":"1a1c01bbd47fc00a2c39e90264f33305004495a9","hash":"d94c8a68f94b0663b6ed2b2fdd63b5f233b887e5"}
,"C:\\Users\\Javier Retondo\\Downloads\\curso-node-restserver-4.0.0\\to-do-list\\src\\api\\components\\usuarios\\index.js": {"path":"C:\\Users\\Javier Retondo\\Downloads\\curso-node-restserver-4.0.0\\to-do-list\\src\\api\\components\\usuarios\\index.js","statementMap":{"0":{"start":{"line":1,"column":27},"end":{"line":1,"column":50}},"1":{"start":{"line":3,"column":0},"end":{"line":3,"column":37}}},"fnMap":{},"branchMap":{},"s":{"0":1,"1":1},"f":{},"b":{},"_coverageSchema":"1a1c01bbd47fc00a2c39e90264f33305004495a9","hash":"c25e7948f539ba734e9d6cdddd73701d1cbd19a0"}
,"C:\\Users\\Javier Retondo\\Downloads\\curso-node-restserver-4.0.0\\to-do-list\\src\\api\\components\\usuarios\\routes.js": {"path":"C:\\Users\\Javier Retondo\\Downloads\\curso-node-restserver-4.0.0\\to-do-list\\src\\api\\components\\usuarios\\routes.js","statementMap":{"0":{"start":{"line":2,"column":19},"end":{"line":2,"column":37}},"1":{"start":{"line":3,"column":18},"end":{"line":3,"column":46}},"2":{"start":{"line":4,"column":20},"end":{"line":4,"column":56}},"3":{"start":{"line":10,"column":4},"end":{"line":10,"column":35}},"4":{"start":{"line":16,"column":4},"end":{"line":16,"column":45}},"5":{"start":{"line":24,"column":4},"end":{"line":24,"column":22}},"6":{"start":{"line":26,"column":15},"end":{"line":26,"column":23}},"7":{"start":{"line":28,"column":0},"end":{"line":78,"column":101}},"8":{"start":{"line":30,"column":34},"end":{"line":30,"column":109}},"9":{"start":{"line":30,"column":63},"end":{"line":30,"column":96}},"10":{"start":{"line":37,"column":27},"end":{"line":37,"column":96}},"11":{"start":{"line":37,"column":56},"end":{"line":37,"column":83}},"12":{"start":{"line":47,"column":27},"end":{"line":47,"column":111}},"13":{"start":{"line":47,"column":58},"end":{"line":47,"column":98}},"14":{"start":{"line":58,"column":27},"end":{"line":58,"column":111}},"15":{"start":{"line":58,"column":58},"end":{"line":58,"column":98}},"16":{"start":{"line":71,"column":27},"end":{"line":71,"column":97}},"17":{"start":{"line":71,"column":57},"end":{"line":71,"column":84}},"18":{"start":{"line":78,"column":27},"end":{"line":78,"column":100}},"19":{"start":{"line":78,"column":60},"end":{"line":78,"column":87}},"20":{"start":{"line":80,"column":0},"end":{"line":80,"column":24}}},"fnMap":{"0":{"name":"(anonymous_0)","decl":{"start":{"line":30,"column":14},"end":{"line":30,"column":15}},"loc":{"start":{"line":30,"column":34},"end":{"line":30,"column":109}},"line":30},"1":{"name":"(anonymous_1)","decl":{"start":{"line":30,"column":53},"end":{"line":30,"column":54}},"loc":{"start":{"line":30,"column":63},"end":{"line":30,"column":96}},"line":30},"2":{"name":"(anonymous_2)","decl":{"start":{"line":37,"column":7},"end":{"line":37,"column":8}},"loc":{"start":{"line":37,"column":27},"end":{"line":37,"column":96}},"line":37},"3":{"name":"(anonymous_3)","decl":{"start":{"line":37,"column":48},"end":{"line":37,"column":49}},"loc":{"start":{"line":37,"column":56},"end":{"line":37,"column":83}},"line":37},"4":{"name":"(anonymous_4)","decl":{"start":{"line":47,"column":7},"end":{"line":47,"column":8}},"loc":{"start":{"line":47,"column":27},"end":{"line":47,"column":111}},"line":47},"5":{"name":"(anonymous_5)","decl":{"start":{"line":47,"column":50},"end":{"line":47,"column":51}},"loc":{"start":{"line":47,"column":58},"end":{"line":47,"column":98}},"line":47},"6":{"name":"(anonymous_6)","decl":{"start":{"line":58,"column":7},"end":{"line":58,"column":8}},"loc":{"start":{"line":58,"column":27},"end":{"line":58,"column":111}},"line":58},"7":{"name":"(anonymous_7)","decl":{"start":{"line":58,"column":50},"end":{"line":58,"column":51}},"loc":{"start":{"line":58,"column":58},"end":{"line":58,"column":98}},"line":58},"8":{"name":"(anonymous_8)","decl":{"start":{"line":71,"column":7},"end":{"line":71,"column":8}},"loc":{"start":{"line":71,"column":27},"end":{"line":71,"column":97}},"line":71},"9":{"name":"(anonymous_9)","decl":{"start":{"line":71,"column":49},"end":{"line":71,"column":50}},"loc":{"start":{"line":71,"column":57},"end":{"line":71,"column":84}},"line":71},"10":{"name":"(anonymous_10)","decl":{"start":{"line":78,"column":7},"end":{"line":78,"column":8}},"loc":{"start":{"line":78,"column":27},"end":{"line":78,"column":100}},"line":78},"11":{"name":"(anonymous_11)","decl":{"start":{"line":78,"column":52},"end":{"line":78,"column":53}},"loc":{"start":{"line":78,"column":60},"end":{"line":78,"column":87}},"line":78}},"branchMap":{},"s":{"0":1,"1":1,"2":1,"3":1,"4":1,"5":1,"6":1,"7":1,"8":2,"9":2,"10":0,"11":0,"12":1,"13":1,"14":1,"15":1,"16":1,"17":1,"18":2,"19":2,"20":1},"f":{"0":2,"1":2,"2":0,"3":0,"4":1,"5":1,"6":1,"7":1,"8":1,"9":1,"10":2,"11":2},"b":{},"_coverageSchema":"1a1c01bbd47fc00a2c39e90264f33305004495a9","hash":"368b019d7235aa9532d3d3f54f98fbd005219623"}
,"C:\\Users\\Javier Retondo\\Downloads\\curso-node-restserver-4.0.0\\to-do-list\\src\\database\\config.js": {"path":"C:\\Users\\Javier Retondo\\Downloads\\curso-node-restserver-4.0.0\\to-do-list\\src\\database\\config.js","statementMap":{"0":{"start":{"line":1,"column":22},"end":{"line":1,"column":42}},"1":{"start":{"line":3,"column":21},"end":{"line":12,"column":2}},"2":{"start":{"line":14,"column":0},"end":{"line":16,"column":1}}},"fnMap":{},"branchMap":{},"s":{"0":1,"1":1,"2":1},"f":{},"b":{},"_coverageSchema":"1a1c01bbd47fc00a2c39e90264f33305004495a9","hash":"b72f3ea6304ccaafa7139c20bb0f310fa01a50e6"}
,"C:\\Users\\Javier Retondo\\Downloads\\curso-node-restserver-4.0.0\\to-do-list\\src\\helpers\\db-validators.js": {"path":"C:\\Users\\Javier Retondo\\Downloads\\curso-node-restserver-4.0.0\\to-do-list\\src\\helpers\\db-validators.js","statementMap":{"0":{"start":{"line":1,"column":27},"end":{"line":1,"column":47}},"1":{"start":{"line":3,"column":20},"end":{"line":8,"column":1}},"2":{"start":{"line":4,"column":24},"end":{"line":4,"column":68}},"3":{"start":{"line":5,"column":4},"end":{"line":7,"column":5}},"4":{"start":{"line":6,"column":8},"end":{"line":6,"column":68}},"5":{"start":{"line":10,"column":22},"end":{"line":15,"column":1}},"6":{"start":{"line":11,"column":24},"end":{"line":11,"column":68}},"7":{"start":{"line":12,"column":4},"end":{"line":14,"column":5}},"8":{"start":{"line":13,"column":8},"end":{"line":13,"column":68}},"9":{"start":{"line":17,"column":26},"end":{"line":22,"column":1}},"10":{"start":{"line":18,"column":28},"end":{"line":18,"column":51}},"11":{"start":{"line":19,"column":4},"end":{"line":21,"column":5}},"12":{"start":{"line":20,"column":8},"end":{"line":20,"column":59}},"13":{"start":{"line":24,"column":27},"end":{"line":29,"column":1}},"14":{"start":{"line":25,"column":26},"end":{"line":25,"column":52}},"15":{"start":{"line":26,"column":4},"end":{"line":28,"column":5}},"16":{"start":{"line":27,"column":8},"end":{"line":27,"column":49}},"17":{"start":{"line":31,"column":25},"end":{"line":36,"column":1}},"18":{"start":{"line":32,"column":24},"end":{"line":32,"column":48}},"19":{"start":{"line":33,"column":4},"end":{"line":35,"column":5}},"20":{"start":{"line":34,"column":8},"end":{"line":34,"column":49}},"21":{"start":{"line":38,"column":0},"end":{"line":44,"column":1}}},"fnMap":{"0":{"name":"(anonymous_0)","decl":{"start":{"line":3,"column":20},"end":{"line":3,"column":21}},"loc":{"start":{"line":3,"column":43},"end":{"line":8,"column":1}},"line":3},"1":{"name":"(anonymous_1)","decl":{"start":{"line":10,"column":22},"end":{"line":10,"column":23}},"loc":{"start":{"line":10,"column":45},"end":{"line":15,"column":1}},"line":10},"2":{"name":"(anonymous_2)","decl":{"start":{"line":17,"column":26},"end":{"line":17,"column":27}},"loc":{"start":{"line":17,"column":38},"end":{"line":22,"column":1}},"line":17},"3":{"name":"(anonymous_3)","decl":{"start":{"line":24,"column":27},"end":{"line":24,"column":28}},"loc":{"start":{"line":24,"column":41},"end":{"line":29,"column":1}},"line":24},"4":{"name":"(anonymous_4)","decl":{"start":{"line":31,"column":25},"end":{"line":31,"column":26}},"loc":{"start":{"line":31,"column":39},"end":{"line":36,"column":1}},"line":31}},"branchMap":{"0":{"loc":{"start":{"line":3,"column":27},"end":{"line":3,"column":38}},"type":"default-arg","locations":[{"start":{"line":3,"column":36},"end":{"line":3,"column":38}}],"line":3},"1":{"loc":{"start":{"line":5,"column":4},"end":{"line":7,"column":5}},"type":"if","locations":[{"start":{"line":5,"column":4},"end":{"line":7,"column":5}},{"start":{},"end":{}}],"line":5},"2":{"loc":{"start":{"line":10,"column":29},"end":{"line":10,"column":40}},"type":"default-arg","locations":[{"start":{"line":10,"column":38},"end":{"line":10,"column":40}}],"line":10},"3":{"loc":{"start":{"line":12,"column":4},"end":{"line":14,"column":5}},"type":"if","locations":[{"start":{"line":12,"column":4},"end":{"line":14,"column":5}},{"start":{},"end":{}}],"line":12},"4":{"loc":{"start":{"line":19,"column":4},"end":{"line":21,"column":5}},"type":"if","locations":[{"start":{"line":19,"column":4},"end":{"line":21,"column":5}},{"start":{},"end":{}}],"line":19},"5":{"loc":{"start":{"line":26,"column":4},"end":{"line":28,"column":5}},"type":"if","locations":[{"start":{"line":26,"column":4},"end":{"line":28,"column":5}},{"start":{},"end":{}}],"line":26},"6":{"loc":{"start":{"line":33,"column":4},"end":{"line":35,"column":5}},"type":"if","locations":[{"start":{"line":33,"column":4},"end":{"line":35,"column":5}},{"start":{},"end":{}}],"line":33}},"s":{"0":1,"1":1,"2":4,"3":4,"4":2,"5":1,"6":4,"7":4,"8":0,"9":1,"10":2,"11":2,"12":1,"13":1,"14":3,"15":3,"16":0,"17":1,"18":4,"19":4,"20":1,"21":1},"f":{"0":4,"1":4,"2":2,"3":3,"4":4},"b":{"0":[0],"1":[2,2],"2":[0],"3":[0,4],"4":[1,1],"5":[0,3],"6":[1,3]},"_coverageSchema":"1a1c01bbd47fc00a2c39e90264f33305004495a9","hash":"b7d0f68bc517aa64c9c96027e502d28750658f95"}
,"C:\\Users\\Javier Retondo\\Downloads\\curso-node-restserver-4.0.0\\to-do-list\\src\\helpers\\generar-jwt.js": {"path":"C:\\Users\\Javier Retondo\\Downloads\\curso-node-restserver-4.0.0\\to-do-list\\src\\helpers\\generar-jwt.js","statementMap":{"0":{"start":{"line":1,"column":12},"end":{"line":1,"column":35}},"1":{"start":{"line":3,"column":19},"end":{"line":21,"column":1}},"2":{"start":{"line":5,"column":4},"end":{"line":20,"column":6}},"3":{"start":{"line":7,"column":24},"end":{"line":7,"column":36}},"4":{"start":{"line":9,"column":8},"end":{"line":19,"column":10}},"5":{"start":{"line":13,"column":12},"end":{"line":18,"column":13}},"6":{"start":{"line":14,"column":16},"end":{"line":14,"column":33}},"7":{"start":{"line":15,"column":16},"end":{"line":15,"column":53}},"8":{"start":{"line":17,"column":16},"end":{"line":17,"column":31}},"9":{"start":{"line":23,"column":0},"end":{"line":25,"column":1}}},"fnMap":{"0":{"name":"(anonymous_0)","decl":{"start":{"line":3,"column":19},"end":{"line":3,"column":20}},"loc":{"start":{"line":3,"column":38},"end":{"line":21,"column":1}},"line":3},"1":{"name":"(anonymous_1)","decl":{"start":{"line":5,"column":23},"end":{"line":5,"column":24}},"loc":{"start":{"line":5,"column":44},"end":{"line":20,"column":5}},"line":5},"2":{"name":"(anonymous_2)","decl":{"start":{"line":11,"column":11},"end":{"line":11,"column":12}},"loc":{"start":{"line":11,"column":27},"end":{"line":19,"column":9}},"line":11}},"branchMap":{"0":{"loc":{"start":{"line":3,"column":20},"end":{"line":3,"column":33}},"type":"default-arg","locations":[{"start":{"line":3,"column":31},"end":{"line":3,"column":33}}],"line":3},"1":{"loc":{"start":{"line":13,"column":12},"end":{"line":18,"column":13}},"type":"if","locations":[{"start":{"line":13,"column":12},"end":{"line":18,"column":13}},{"start":{"line":16,"column":19},"end":{"line":18,"column":13}}],"line":13}},"s":{"0":1,"1":1,"2":3,"3":3,"4":3,"5":3,"6":0,"7":0,"8":3,"9":1},"f":{"0":3,"1":3,"2":3},"b":{"0":[0],"1":[0,3]},"_coverageSchema":"1a1c01bbd47fc00a2c39e90264f33305004495a9","hash":"e3a490cc43807414cdc3a5e3411d68a8910cf3cb"}
,"C:\\Users\\Javier Retondo\\Downloads\\curso-node-restserver-4.0.0\\to-do-list\\src\\middlewares\\index.js": {"path":"C:\\Users\\Javier Retondo\\Downloads\\curso-node-restserver-4.0.0\\to-do-list\\src\\middlewares\\index.js","statementMap":{"0":{"start":{"line":3,"column":21},"end":{"line":3,"column":61}},"1":{"start":{"line":4,"column":19},"end":{"line":4,"column":56}},"2":{"start":{"line":5,"column":20},"end":{"line":5,"column":59}},"3":{"start":{"line":7,"column":0},"end":{"line":11,"column":1}}},"fnMap":{},"branchMap":{},"s":{"0":1,"1":1,"2":1,"3":1},"f":{},"b":{},"_coverageSchema":"1a1c01bbd47fc00a2c39e90264f33305004495a9","hash":"55b8188ae527e33b5914cb4ad1efc518818c8f73"}
,"C:\\Users\\Javier Retondo\\Downloads\\curso-node-restserver-4.0.0\\to-do-list\\src\\middlewares\\validar-campos.js": {"path":"C:\\Users\\Javier Retondo\\Downloads\\curso-node-restserver-4.0.0\\to-do-list\\src\\middlewares\\validar-campos.js","statementMap":{"0":{"start":{"line":1,"column":29},"end":{"line":1,"column":57}},"1":{"start":{"line":2,"column":18},"end":{"line":2,"column":48}},"2":{"start":{"line":4,"column":22},"end":{"line":10,"column":1}},"3":{"start":{"line":5,"column":19},"end":{"line":5,"column":40}},"4":{"start":{"line":6,"column":4},"end":{"line":8,"column":5}},"5":{"start":{"line":7,"column":8},"end":{"line":7,"column":61}},"6":{"start":{"line":9,"column":4},"end":{"line":9,"column":11}},"7":{"start":{"line":12,"column":0},"end":{"line":14,"column":1}}},"fnMap":{"0":{"name":"(anonymous_0)","decl":{"start":{"line":4,"column":22},"end":{"line":4,"column":23}},"loc":{"start":{"line":4,"column":42},"end":{"line":10,"column":1}},"line":4}},"branchMap":{"0":{"loc":{"start":{"line":6,"column":4},"end":{"line":8,"column":5}},"type":"if","locations":[{"start":{"line":6,"column":4},"end":{"line":8,"column":5}},{"start":{},"end":{}}],"line":6}},"s":{"0":1,"1":1,"2":1,"3":24,"4":24,"5":5,"6":19,"7":1},"f":{"0":24},"b":{"0":[5,19]},"_coverageSchema":"1a1c01bbd47fc00a2c39e90264f33305004495a9","hash":"2edb5fa9f987721239645a2c10e18a8f3308327c"}
,"C:\\Users\\Javier Retondo\\Downloads\\curso-node-restserver-4.0.0\\to-do-list\\src\\middlewares\\validar-jwt.js": {"path":"C:\\Users\\Javier Retondo\\Downloads\\curso-node-restserver-4.0.0\\to-do-list\\src\\middlewares\\validar-jwt.js","statementMap":{"0":{"start":{"line":1,"column":30},"end":{"line":1,"column":48}},"1":{"start":{"line":2,"column":12},"end":{"line":2,"column":35}},"2":{"start":{"line":4,"column":18},"end":{"line":4,"column":48}},"3":{"start":{"line":6,"column":16},"end":{"line":6,"column":44}},"4":{"start":{"line":9,"column":19},"end":{"line":41,"column":1}},"5":{"start":{"line":11,"column":18},"end":{"line":11,"column":45}},"6":{"start":{"line":13,"column":4},"end":{"line":15,"column":5}},"7":{"start":{"line":14,"column":8},"end":{"line":14,"column":72}},"8":{"start":{"line":17,"column":4},"end":{"line":40,"column":5}},"9":{"start":{"line":18,"column":29},"end":{"line":18,"column":70}},"10":{"start":{"line":19,"column":24},"end":{"line":19,"column":59}},"11":{"start":{"line":21,"column":8},"end":{"line":24,"column":9}},"12":{"start":{"line":22,"column":12},"end":{"line":22,"column":54}},"13":{"start":{"line":23,"column":12},"end":{"line":23,"column":76}},"14":{"start":{"line":26,"column":8},"end":{"line":29,"column":9}},"15":{"start":{"line":27,"column":12},"end":{"line":27,"column":44}},"16":{"start":{"line":28,"column":12},"end":{"line":28,"column":76}},"17":{"start":{"line":31,"column":8},"end":{"line":31,"column":41}},"18":{"start":{"line":32,"column":8},"end":{"line":32,"column":15}},"19":{"start":{"line":35,"column":8},"end":{"line":39,"column":10}},"20":{"start":{"line":43,"column":0},"end":{"line":45,"column":1}}},"fnMap":{"0":{"name":"(anonymous_0)","decl":{"start":{"line":9,"column":19},"end":{"line":9,"column":20}},"loc":{"start":{"line":9,"column":45},"end":{"line":41,"column":1}},"line":9}},"branchMap":{"0":{"loc":{"start":{"line":13,"column":4},"end":{"line":15,"column":5}},"type":"if","locations":[{"start":{"line":13,"column":4},"end":{"line":15,"column":5}},{"start":{},"end":{}}],"line":13},"1":{"loc":{"start":{"line":21,"column":8},"end":{"line":24,"column":9}},"type":"if","locations":[{"start":{"line":21,"column":8},"end":{"line":24,"column":9}},{"start":{},"end":{}}],"line":21},"2":{"loc":{"start":{"line":26,"column":8},"end":{"line":29,"column":9}},"type":"if","locations":[{"start":{"line":26,"column":8},"end":{"line":29,"column":9}},{"start":{},"end":{}}],"line":26}},"s":{"0":1,"1":1,"2":1,"3":1,"4":1,"5":15,"6":15,"7":1,"8":14,"9":14,"10":14,"11":14,"12":0,"13":0,"14":14,"15":0,"16":0,"17":14,"18":14,"19":0,"20":1},"f":{"0":15},"b":{"0":[1,14],"1":[0,14],"2":[0,14]},"_coverageSchema":"1a1c01bbd47fc00a2c39e90264f33305004495a9","hash":"38765a11db38c0428a2ee0a1c0f03e73e36c821c"}
,"C:\\Users\\Javier Retondo\\Downloads\\curso-node-restserver-4.0.0\\to-do-list\\src\\middlewares\\validar-roles.js": {"path":"C:\\Users\\Javier Retondo\\Downloads\\curso-node-restserver-4.0.0\\to-do-list\\src\\middlewares\\validar-roles.js","statementMap":{"0":{"start":{"line":1,"column":21},"end":{"line":1,"column":39}},"1":{"start":{"line":2,"column":18},"end":{"line":2,"column":48}},"2":{"start":{"line":4,"column":17},"end":{"line":16,"column":1}},"3":{"start":{"line":5,"column":4},"end":{"line":15,"column":5}},"4":{"start":{"line":6,"column":8},"end":{"line":9,"column":9}},"5":{"start":{"line":7,"column":12},"end":{"line":7,"column":65}},"6":{"start":{"line":8,"column":12},"end":{"line":8,"column":104}},"7":{"start":{"line":10,"column":8},"end":{"line":12,"column":9}},"8":{"start":{"line":11,"column":12},"end":{"line":11,"column":109}},"9":{"start":{"line":14,"column":8},"end":{"line":14,"column":15}},"10":{"start":{"line":18,"column":0},"end":{"line":20,"column":1}}},"fnMap":{"0":{"name":"(anonymous_0)","decl":{"start":{"line":4,"column":17},"end":{"line":4,"column":18}},"loc":{"start":{"line":4,"column":31},"end":{"line":16,"column":1}},"line":4},"1":{"name":"(anonymous_1)","decl":{"start":{"line":5,"column":11},"end":{"line":5,"column":12}},"loc":{"start":{"line":5,"column":42},"end":{"line":15,"column":5}},"line":5}},"branchMap":{"0":{"loc":{"start":{"line":5,"column":17},"end":{"line":5,"column":31}},"type":"default-arg","locations":[{"start":{"line":5,"column":23},"end":{"line":5,"column":31}}],"line":5},"1":{"loc":{"start":{"line":6,"column":8},"end":{"line":9,"column":9}},"type":"if","locations":[{"start":{"line":6,"column":8},"end":{"line":9,"column":9}},{"start":{},"end":{}}],"line":6},"2":{"loc":{"start":{"line":10,"column":8},"end":{"line":12,"column":9}},"type":"if","locations":[{"start":{"line":10,"column":8},"end":{"line":12,"column":9}},{"start":{},"end":{}}],"line":10}},"s":{"0":1,"1":1,"2":1,"3":10,"4":14,"5":0,"6":0,"7":14,"8":1,"9":13,"10":1},"f":{"0":10,"1":14},"b":{"0":[0],"1":[0,14],"2":[1,13]},"_coverageSchema":"1a1c01bbd47fc00a2c39e90264f33305004495a9","hash":"b815e323e204939ff277e2ac5584d8eda40ff958"}
,"C:\\Users\\Javier Retondo\\Downloads\\curso-node-restserver-4.0.0\\to-do-list\\src\\models\\index.js": {"path":"C:\\Users\\Javier Retondo\\Downloads\\curso-node-restserver-4.0.0\\to-do-list\\src\\models\\index.js","statementMap":{"0":{"start":{"line":3,"column":14},"end":{"line":3,"column":32}},"1":{"start":{"line":4,"column":16},"end":{"line":4,"column":36}},"2":{"start":{"line":5,"column":15},"end":{"line":5,"column":34}},"3":{"start":{"line":7,"column":0},"end":{"line":11,"column":1}}},"fnMap":{},"branchMap":{},"s":{"0":1,"1":1,"2":1,"3":1},"f":{},"b":{},"_coverageSchema":"1a1c01bbd47fc00a2c39e90264f33305004495a9","hash":"4bec72b1ea85d76e3c76a784597d0fe7b2dd89fd"}
,"C:\\Users\\Javier Retondo\\Downloads\\curso-node-restserver-4.0.0\\to-do-list\\src\\models\\server.js": {"path":"C:\\Users\\Javier Retondo\\Downloads\\curso-node-restserver-4.0.0\\to-do-list\\src\\models\\server.js","statementMap":{"0":{"start":{"line":1,"column":16},"end":{"line":1,"column":34}},"1":{"start":{"line":2,"column":13},"end":{"line":2,"column":28}},"2":{"start":{"line":4,"column":25},"end":{"line":4,"column":54}},"3":{"start":{"line":5,"column":18},"end":{"line":5,"column":48}},"4":{"start":{"line":7,"column":18},"end":{"line":7,"column":47}},"5":{"start":{"line":8,"column":24},"end":{"line":8,"column":55}},"6":{"start":{"line":9,"column":13},"end":{"line":9,"column":28}},"7":{"start":{"line":12,"column":8},"end":{"line":12,"column":29}},"8":{"start":{"line":13,"column":8},"end":{"line":13,"column":45}},"9":{"start":{"line":15,"column":8},"end":{"line":20,"column":9}},"10":{"start":{"line":22,"column":8},"end":{"line":22,"column":26}},"11":{"start":{"line":23,"column":8},"end":{"line":23,"column":27}},"12":{"start":{"line":24,"column":8},"end":{"line":24,"column":22}},"13":{"start":{"line":27,"column":17},"end":{"line":34,"column":5}},"14":{"start":{"line":28,"column":8},"end":{"line":33,"column":9}},"15":{"start":{"line":29,"column":12},"end":{"line":29,"column":46}},"16":{"start":{"line":30,"column":12},"end":{"line":30,"column":62}},"17":{"start":{"line":32,"column":12},"end":{"line":32,"column":88}},"18":{"start":{"line":37,"column":8},"end":{"line":37,"column":29}},"19":{"start":{"line":38,"column":8},"end":{"line":38,"column":37}},"20":{"start":{"line":39,"column":8},"end":{"line":39,"column":47}},"21":{"start":{"line":43,"column":8},"end":{"line":43,"column":88}},"22":{"start":{"line":44,"column":8},"end":{"line":44,"column":80}},"23":{"start":{"line":45,"column":8},"end":{"line":45,"column":84}},"24":{"start":{"line":46,"column":8},"end":{"line":46,"column":64}},"25":{"start":{"line":47,"column":8},"end":{"line":47,"column":81}},"26":{"start":{"line":48,"column":8},"end":{"line":52,"column":10}},"27":{"start":{"line":50,"column":12},"end":{"line":50,"column":40}},"28":{"start":{"line":51,"column":12},"end":{"line":51,"column":102}},"29":{"start":{"line":53,"column":8},"end":{"line":55,"column":11}},"30":{"start":{"line":54,"column":12},"end":{"line":54,"column":106}},"31":{"start":{"line":59,"column":8},"end":{"line":61,"column":11}},"32":{"start":{"line":60,"column":12},"end":{"line":60,"column":70}},"33":{"start":{"line":65,"column":0},"end":{"line":65,"column":24}}},"fnMap":{"0":{"name":"(anonymous_0)","decl":{"start":{"line":11,"column":4},"end":{"line":11,"column":5}},"loc":{"start":{"line":11,"column":18},"end":{"line":25,"column":5}},"line":11},"1":{"name":"(anonymous_1)","decl":{"start":{"line":27,"column":17},"end":{"line":27,"column":18}},"loc":{"start":{"line":27,"column":29},"end":{"line":34,"column":5}},"line":27},"2":{"name":"(anonymous_2)","decl":{"start":{"line":36,"column":4},"end":{"line":36,"column":5}},"loc":{"start":{"line":36,"column":18},"end":{"line":40,"column":5}},"line":36},"3":{"name":"(anonymous_3)","decl":{"start":{"line":42,"column":4},"end":{"line":42,"column":5}},"loc":{"start":{"line":42,"column":13},"end":{"line":56,"column":5}},"line":42},"4":{"name":"(anonymous_4)","decl":{"start":{"line":48,"column":21},"end":{"line":48,"column":22}},"loc":{"start":{"line":48,"column":46},"end":{"line":52,"column":9}},"line":48},"5":{"name":"(anonymous_5)","decl":{"start":{"line":53,"column":26},"end":{"line":53,"column":27}},"loc":{"start":{"line":53,"column":46},"end":{"line":55,"column":9}},"line":53},"6":{"name":"(anonymous_6)","decl":{"start":{"line":58,"column":4},"end":{"line":58,"column":5}},"loc":{"start":{"line":58,"column":13},"end":{"line":62,"column":5}},"line":58},"7":{"name":"(anonymous_7)","decl":{"start":{"line":59,"column":35},"end":{"line":59,"column":36}},"loc":{"start":{"line":59,"column":41},"end":{"line":61,"column":9}},"line":59}},"branchMap":{"0":{"loc":{"start":{"line":13,"column":20},"end":{"line":13,"column":44}},"type":"binary-expr","locations":[{"start":{"line":13,"column":20},"end":{"line":13,"column":36}},{"start":{"line":13,"column":40},"end":{"line":13,"column":44}}],"line":13}},"s":{"0":1,"1":1,"2":1,"3":1,"4":1,"5":1,"6":1,"7":1,"8":1,"9":1,"10":1,"11":1,"12":1,"13":1,"14":1,"15":1,"16":1,"17":0,"18":1,"19":1,"20":1,"21":1,"22":1,"23":1,"24":1,"25":1,"26":1,"27":0,"28":0,"29":1,"30":0,"31":0,"32":0,"33":1},"f":{"0":1,"1":1,"2":1,"3":1,"4":0,"5":0,"6":0,"7":0},"b":{"0":[1,0]},"_coverageSchema":"1a1c01bbd47fc00a2c39e90264f33305004495a9","hash":"ec1b4627bdaa0d81f10e24d48ee4191caf713921"}
,"C:\\Users\\Javier Retondo\\Downloads\\curso-node-restserver-4.0.0\\to-do-list\\src\\models\\tarea.js": {"path":"C:\\Users\\Javier Retondo\\Downloads\\curso-node-restserver-4.0.0\\to-do-list\\src\\models\\tarea.js","statementMap":{"0":{"start":{"line":1,"column":33},"end":{"line":1,"column":53}},"1":{"start":{"line":2,"column":25},"end":{"line":2,"column":54}},"2":{"start":{"line":3,"column":16},"end":{"line":3,"column":36}},"3":{"start":{"line":5,"column":14},"end":{"line":35,"column":2}},"4":{"start":{"line":37,"column":0},"end":{"line":42,"column":2}},"5":{"start":{"line":44,"column":0},"end":{"line":47,"column":2}},"6":{"start":{"line":49,"column":0},"end":{"line":49,"column":23}}},"fnMap":{},"branchMap":{},"s":{"0":1,"1":1,"2":1,"3":1,"4":1,"5":1,"6":1},"f":{},"b":{},"_coverageSchema":"1a1c01bbd47fc00a2c39e90264f33305004495a9","hash":"8dd3946ecf9f38d2f89dd5120993f8c88c60764b"}
,"C:\\Users\\Javier Retondo\\Downloads\\curso-node-restserver-4.0.0\\to-do-list\\src\\models\\usuario.js": {"path":"C:\\Users\\Javier Retondo\\Downloads\\curso-node-restserver-4.0.0\\to-do-list\\src\\models\\usuario.js","statementMap":{"0":{"start":{"line":2,"column":33},"end":{"line":2,"column":53}},"1":{"start":{"line":3,"column":25},"end":{"line":3,"column":54}},"2":{"start":{"line":5,"column":16},"end":{"line":39,"column":2}},"3":{"start":{"line":41,"column":0},"end":{"line":41,"column":25}}},"fnMap":{},"branchMap":{},"s":{"0":1,"1":1,"2":1,"3":1},"f":{},"b":{},"_coverageSchema":"1a1c01bbd47fc00a2c39e90264f33305004495a9","hash":"719c89a7a03c9d1015506be0b083ddde17828b93"}
,"C:\\Users\\Javier Retondo\\Downloads\\curso-node-restserver-4.0.0\\to-do-list\\src\\network\\response.js": {"path":"C:\\Users\\Javier Retondo\\Downloads\\curso-node-restserver-4.0.0\\to-do-list\\src\\network\\response.js","statementMap":{"0":{"start":{"line":1,"column":16},"end":{"line":6,"column":1}},"1":{"start":{"line":2,"column":4},"end":{"line":5,"column":7}},"2":{"start":{"line":8,"column":14},"end":{"line":13,"column":1}},"3":{"start":{"line":9,"column":4},"end":{"line":12,"column":7}},"4":{"start":{"line":15,"column":0},"end":{"line":18,"column":1}}},"fnMap":{"0":{"name":"(anonymous_0)","decl":{"start":{"line":1,"column":16},"end":{"line":1,"column":17}},"loc":{"start":{"line":1,"column":27},"end":{"line":6,"column":1}},"line":1},"1":{"name":"(anonymous_1)","decl":{"start":{"line":8,"column":14},"end":{"line":8,"column":15}},"loc":{"start":{"line":8,"column":25},"end":{"line":13,"column":1}},"line":8}},"branchMap":{"0":{"loc":{"start":{"line":2,"column":21},"end":{"line":2,"column":40}},"type":"binary-expr","locations":[{"start":{"line":2,"column":21},"end":{"line":2,"column":33}},{"start":{"line":2,"column":37},"end":{"line":2,"column":40}}],"line":2},"1":{"loc":{"start":{"line":4,"column":14},"end":{"line":4,"column":30}},"type":"binary-expr","locations":[{"start":{"line":4,"column":14},"end":{"line":4,"column":24}},{"start":{"line":4,"column":28},"end":{"line":4,"column":30}}],"line":4},"2":{"loc":{"start":{"line":9,"column":21},"end":{"line":9,"column":40}},"type":"binary-expr","locations":[{"start":{"line":9,"column":21},"end":{"line":9,"column":33}},{"start":{"line":9,"column":37},"end":{"line":9,"column":40}}],"line":9},"3":{"loc":{"start":{"line":11,"column":14},"end":{"line":11,"column":30}},"type":"binary-expr","locations":[{"start":{"line":11,"column":14},"end":{"line":11,"column":24}},{"start":{"line":11,"column":28},"end":{"line":11,"column":30}}],"line":11}},"s":{"0":1,"1":16,"2":1,"3":8,"4":1},"f":{"0":16,"1":8},"b":{"0":[16,13],"1":[16,0],"2":[8,0],"3":[8,0]},"_coverageSchema":"1a1c01bbd47fc00a2c39e90264f33305004495a9","hash":"703a94e060e61d3233a24c1992b595c637c38638"}
}
