{"C:\\Users\\Javier Retondo\\Downloads\\curso-node-restserver-4.0.0\\to-do-list\\dist\\api\\components\\auth\\auth.controller.js": {"path":"C:\\Users\\Javier Retondo\\Downloads\\curso-node-restserver-4.0.0\\to-do-list\\dist\\api\\components\\auth\\auth.controller.js","statementMap":{"0":{"start":{"line":2,"column":16},"end":{"line":10,"column":1}},"1":{"start":{"line":3,"column":28},"end":{"line":3,"column":110}},"2":{"start":{"line":3,"column":91},"end":{"line":3,"column":106}},"3":{"start":{"line":4,"column":4},"end":{"line":9,"column":7}},"4":{"start":{"line":5,"column":36},"end":{"line":5,"column":97}},"5":{"start":{"line":5,"column":42},"end":{"line":5,"column":70}},"6":{"start":{"line":5,"column":85},"end":{"line":5,"column":95}},"7":{"start":{"line":6,"column":35},"end":{"line":6,"column":100}},"8":{"start":{"line":6,"column":41},"end":{"line":6,"column":73}},"9":{"start":{"line":6,"column":88},"end":{"line":6,"column":98}},"10":{"start":{"line":7,"column":32},"end":{"line":7,"column":116}},"11":{"start":{"line":8,"column":8},"end":{"line":8,"column":78}},"12":{"start":{"line":11,"column":22},"end":{"line":13,"column":1}},"13":{"start":{"line":12,"column":4},"end":{"line":12,"column":62}},"14":{"start":{"line":14,"column":0},"end":{"line":14,"column":62}},"15":{"start":{"line":15,"column":0},"end":{"line":15,"column":32}},"16":{"start":{"line":16,"column":19},"end":{"line":16,"column":55}},"17":{"start":{"line":17,"column":21},"end":{"line":17,"column":68}},"18":{"start":{"line":18,"column":24},"end":{"line":18,"column":82}},"19":{"start":{"line":19,"column":20},"end":{"line":19,"column":57}},"20":{"start":{"line":22,"column":8},"end":{"line":53,"column":11}},"21":{"start":{"line":23,"column":12},"end":{"line":52,"column":91}},"22":{"start":{"line":24,"column":16},"end":{"line":51,"column":19}},"23":{"start":{"line":25,"column":48},"end":{"line":25,"column":56}},"24":{"start":{"line":26,"column":33},"end":{"line":26,"column":89}},"25":{"start":{"line":27,"column":20},"end":{"line":30,"column":21}},"26":{"start":{"line":28,"column":24},"end":{"line":28,"column":59}},"27":{"start":{"line":29,"column":24},"end":{"line":29,"column":37}},"28":{"start":{"line":31,"column":20},"end":{"line":34,"column":21}},"29":{"start":{"line":32,"column":24},"end":{"line":32,"column":65}},"30":{"start":{"line":33,"column":24},"end":{"line":33,"column":37}},"31":{"start":{"line":35,"column":42},"end":{"line":35,"column":108}},"32":{"start":{"line":36,"column":20},"end":{"line":39,"column":21}},"33":{"start":{"line":37,"column":24},"end":{"line":37,"column":67}},"34":{"start":{"line":38,"column":24},"end":{"line":38,"column":37}},"35":{"start":{"line":40,"column":37},"end":{"line":45,"column":21}},"36":{"start":{"line":46,"column":34},"end":{"line":46,"column":82}},"37":{"start":{"line":47,"column":20},"end":{"line":50,"column":23}},"38":{"start":{"line":52,"column":33},"end":{"line":52,"column":77}},"39":{"start":{"line":56,"column":0},"end":{"line":56,"column":40}}},"fnMap":{"0":{"name":"(anonymous_0)","decl":{"start":{"line":2,"column":44},"end":{"line":2,"column":45}},"loc":{"start":{"line":2,"column":89},"end":{"line":10,"column":1}},"line":2},"1":{"name":"adopt","decl":{"start":{"line":3,"column":13},"end":{"line":3,"column":18}},"loc":{"start":{"line":3,"column":26},"end":{"line":3,"column":112}},"line":3},"2":{"name":"(anonymous_2)","decl":{"start":{"line":3,"column":70},"end":{"line":3,"column":71}},"loc":{"start":{"line":3,"column":89},"end":{"line":3,"column":108}},"line":3},"3":{"name":"(anonymous_3)","decl":{"start":{"line":4,"column":36},"end":{"line":4,"column":37}},"loc":{"start":{"line":4,"column":63},"end":{"line":9,"column":5}},"line":4},"4":{"name":"fulfilled","decl":{"start":{"line":5,"column":17},"end":{"line":5,"column":26}},"loc":{"start":{"line":5,"column":34},"end":{"line":5,"column":99}},"line":5},"5":{"name":"rejected","decl":{"start":{"line":6,"column":17},"end":{"line":6,"column":25}},"loc":{"start":{"line":6,"column":33},"end":{"line":6,"column":102}},"line":6},"6":{"name":"step","decl":{"start":{"line":7,"column":17},"end":{"line":7,"column":21}},"loc":{"start":{"line":7,"column":30},"end":{"line":7,"column":118}},"line":7},"7":{"name":"(anonymous_7)","decl":{"start":{"line":11,"column":56},"end":{"line":11,"column":57}},"loc":{"start":{"line":11,"column":71},"end":{"line":13,"column":1}},"line":11},"8":{"name":"(anonymous_8)","decl":{"start":{"line":21,"column":4},"end":{"line":21,"column":5}},"loc":{"start":{"line":21,"column":26},"end":{"line":54,"column":5}},"line":21},"9":{"name":"(anonymous_9)","decl":{"start":{"line":22,"column":47},"end":{"line":22,"column":48}},"loc":{"start":{"line":22,"column":60},"end":{"line":53,"column":9}},"line":22},"10":{"name":"(anonymous_10)","decl":{"start":{"line":23,"column":13},"end":{"line":23,"column":14}},"loc":{"start":{"line":23,"column":28},"end":{"line":52,"column":13}},"line":23},"11":{"name":"(anonymous_11)","decl":{"start":{"line":24,"column":55},"end":{"line":24,"column":56}},"loc":{"start":{"line":24,"column":68},"end":{"line":51,"column":17}},"line":24},"12":{"name":"(anonymous_12)","decl":{"start":{"line":52,"column":25},"end":{"line":52,"column":26}},"loc":{"start":{"line":52,"column":33},"end":{"line":52,"column":77}},"line":52}},"branchMap":{"0":{"loc":{"start":{"line":2,"column":16},"end":{"line":10,"column":1}},"type":"binary-expr","locations":[{"start":{"line":2,"column":17},"end":{"line":2,"column":21}},{"start":{"line":2,"column":25},"end":{"line":2,"column":39}},{"start":{"line":2,"column":44},"end":{"line":10,"column":1}}],"line":2},"1":{"loc":{"start":{"line":3,"column":35},"end":{"line":3,"column":109}},"type":"cond-expr","locations":[{"start":{"line":3,"column":56},"end":{"line":3,"column":61}},{"start":{"line":3,"column":64},"end":{"line":3,"column":109}}],"line":3},"2":{"loc":{"start":{"line":4,"column":16},"end":{"line":4,"column":34}},"type":"binary-expr","locations":[{"start":{"line":4,"column":16},"end":{"line":4,"column":17}},{"start":{"line":4,"column":22},"end":{"line":4,"column":33}}],"line":4},"3":{"loc":{"start":{"line":7,"column":32},"end":{"line":7,"column":115}},"type":"cond-expr","locations":[{"start":{"line":7,"column":46},"end":{"line":7,"column":67}},{"start":{"line":7,"column":70},"end":{"line":7,"column":115}}],"line":7},"4":{"loc":{"start":{"line":8,"column":51},"end":{"line":8,"column":67}},"type":"binary-expr","locations":[{"start":{"line":8,"column":51},"end":{"line":8,"column":61}},{"start":{"line":8,"column":65},"end":{"line":8,"column":67}}],"line":8},"5":{"loc":{"start":{"line":11,"column":22},"end":{"line":13,"column":1}},"type":"binary-expr","locations":[{"start":{"line":11,"column":23},"end":{"line":11,"column":27}},{"start":{"line":11,"column":31},"end":{"line":11,"column":51}},{"start":{"line":11,"column":56},"end":{"line":13,"column":1}}],"line":11},"6":{"loc":{"start":{"line":12,"column":11},"end":{"line":12,"column":61}},"type":"cond-expr","locations":[{"start":{"line":12,"column":37},"end":{"line":12,"column":40}},{"start":{"line":12,"column":43},"end":{"line":12,"column":61}}],"line":12},"7":{"loc":{"start":{"line":12,"column":12},"end":{"line":12,"column":33}},"type":"binary-expr","locations":[{"start":{"line":12,"column":12},"end":{"line":12,"column":15}},{"start":{"line":12,"column":19},"end":{"line":12,"column":33}}],"line":12},"8":{"loc":{"start":{"line":27,"column":20},"end":{"line":30,"column":21}},"type":"if","locations":[{"start":{"line":27,"column":20},"end":{"line":30,"column":21}},{"start":{},"end":{}}],"line":27},"9":{"loc":{"start":{"line":31,"column":20},"end":{"line":34,"column":21}},"type":"if","locations":[{"start":{"line":31,"column":20},"end":{"line":34,"column":21}},{"start":{},"end":{}}],"line":31},"10":{"loc":{"start":{"line":36,"column":20},"end":{"line":39,"column":21}},"type":"if","locations":[{"start":{"line":36,"column":20},"end":{"line":39,"column":21}},{"start":{},"end":{}}],"line":36},"11":{"loc":{"start":{"line":41,"column":28},"end":{"line":41,"column":51}},"type":"binary-expr","locations":[{"start":{"line":41,"column":28},"end":{"line":41,"column":46}},{"start":{"line":41,"column":50},"end":{"line":41,"column":51}}],"line":41}},"s":{"0":1,"1":6,"2":3,"3":6,"4":6,"5":6,"6":0,"7":0,"8":0,"9":0,"10":12,"11":6,"12":1,"13":3,"14":1,"15":1,"16":1,"17":1,"18":1,"19":1,"20":3,"21":3,"22":3,"23":3,"24":3,"25":3,"26":0,"27":0,"28":3,"29":0,"30":0,"31":3,"32":3,"33":0,"34":0,"35":3,"36":3,"37":3,"38":3,"39":1},"f":{"0":6,"1":6,"2":3,"3":6,"4":6,"5":0,"6":12,"7":3,"8":3,"9":3,"10":3,"11":3,"12":3},"b":{"0":[1,1,1],"1":[3,3],"2":[6,6],"3":[6,6],"4":[6,6],"5":[1,1,1],"6":[1,2],"7":[3,3],"8":[0,3],"9":[0,3],"10":[0,3],"11":[3,0]},"_coverageSchema":"1a1c01bbd47fc00a2c39e90264f33305004495a9","hash":"5ab1d34625346e9894007c3f404073e5966497c1"}
,"C:\\Users\\Javier Retondo\\Downloads\\curso-node-restserver-4.0.0\\to-do-list\\dist\\api\\components\\auth\\auth.middleware.js": {"path":"C:\\Users\\Javier Retondo\\Downloads\\curso-node-restserver-4.0.0\\to-do-list\\dist\\api\\components\\auth\\auth.middleware.js","statementMap":{"0":{"start":{"line":2,"column":22},"end":{"line":4,"column":1}},"1":{"start":{"line":3,"column":4},"end":{"line":3,"column":62}},"2":{"start":{"line":5,"column":0},"end":{"line":5,"column":62}},"3":{"start":{"line":6,"column":0},"end":{"line":6,"column":24}},"4":{"start":{"line":7,"column":28},"end":{"line":7,"column":56}},"5":{"start":{"line":8,"column":17},"end":{"line":8,"column":50}},"6":{"start":{"line":9,"column":23},"end":{"line":9,"column":80}},"7":{"start":{"line":10,"column":22},"end":{"line":10,"column":53}},"8":{"start":{"line":13,"column":8},"end":{"line":13,"column":16}},"9":{"start":{"line":14,"column":8},"end":{"line":17,"column":10}},"10":{"start":{"line":18,"column":8},"end":{"line":20,"column":10}},"11":{"start":{"line":23,"column":0},"end":{"line":23,"column":24}}},"fnMap":{"0":{"name":"(anonymous_0)","decl":{"start":{"line":2,"column":56},"end":{"line":2,"column":57}},"loc":{"start":{"line":2,"column":71},"end":{"line":4,"column":1}},"line":2},"1":{"name":"(anonymous_1)","decl":{"start":{"line":12,"column":4},"end":{"line":12,"column":5}},"loc":{"start":{"line":12,"column":18},"end":{"line":21,"column":5}},"line":12}},"branchMap":{"0":{"loc":{"start":{"line":2,"column":22},"end":{"line":4,"column":1}},"type":"binary-expr","locations":[{"start":{"line":2,"column":23},"end":{"line":2,"column":27}},{"start":{"line":2,"column":31},"end":{"line":2,"column":51}},{"start":{"line":2,"column":56},"end":{"line":4,"column":1}}],"line":2},"1":{"loc":{"start":{"line":3,"column":11},"end":{"line":3,"column":61}},"type":"cond-expr","locations":[{"start":{"line":3,"column":37},"end":{"line":3,"column":40}},{"start":{"line":3,"column":43},"end":{"line":3,"column":61}}],"line":3},"2":{"loc":{"start":{"line":3,"column":12},"end":{"line":3,"column":33}},"type":"binary-expr","locations":[{"start":{"line":3,"column":12},"end":{"line":3,"column":15}},{"start":{"line":3,"column":19},"end":{"line":3,"column":33}}],"line":3}},"s":{"0":1,"1":1,"2":1,"3":1,"4":1,"5":1,"6":1,"7":1,"8":1,"9":1,"10":1,"11":1},"f":{"0":1,"1":1},"b":{"0":[1,1,1],"1":[1,0],"2":[1,1]},"_coverageSchema":"1a1c01bbd47fc00a2c39e90264f33305004495a9","hash":"26ca938a2d38c84f5c80e5e20ccb49f772fded1f"}
,"C:\\Users\\Javier Retondo\\Downloads\\curso-node-restserver-4.0.0\\to-do-list\\dist\\api\\components\\auth\\auth.router.js": {"path":"C:\\Users\\Javier Retondo\\Downloads\\curso-node-restserver-4.0.0\\to-do-list\\dist\\api\\components\\auth\\auth.router.js","statementMap":{"0":{"start":{"line":2,"column":0},"end":{"line":2,"column":62}},"1":{"start":{"line":3,"column":0},"end":{"line":3,"column":28}},"2":{"start":{"line":4,"column":26},"end":{"line":4,"column":54}},"3":{"start":{"line":5,"column":17},"end":{"line":5,"column":50}},"4":{"start":{"line":6,"column":26},"end":{"line":6,"column":54}},"5":{"start":{"line":9,"column":8},"end":{"line":9,"column":90}},"6":{"start":{"line":12,"column":8},"end":{"line":13,"column":169}},"7":{"start":{"line":16,"column":0},"end":{"line":16,"column":32}}},"fnMap":{"0":{"name":"(anonymous_0)","decl":{"start":{"line":8,"column":4},"end":{"line":8,"column":5}},"loc":{"start":{"line":8,"column":18},"end":{"line":10,"column":5}},"line":8},"1":{"name":"(anonymous_1)","decl":{"start":{"line":11,"column":4},"end":{"line":11,"column":5}},"loc":{"start":{"line":11,"column":13},"end":{"line":14,"column":5}},"line":11}},"branchMap":{},"s":{"0":1,"1":1,"2":1,"3":1,"4":1,"5":1,"6":1,"7":1},"f":{"0":1,"1":1},"b":{},"_coverageSchema":"1a1c01bbd47fc00a2c39e90264f33305004495a9","hash":"f22dc23f57b506f3d4803b01e1b9cd449a9af7d3"}
,"C:\\Users\\Javier Retondo\\Downloads\\curso-node-restserver-4.0.0\\to-do-list\\dist\\api\\components\\tasks\\tasks.controller.js": {"path":"C:\\Users\\Javier Retondo\\Downloads\\curso-node-restserver-4.0.0\\to-do-list\\dist\\api\\components\\tasks\\tasks.controller.js","statementMap":{"0":{"start":{"line":2,"column":16},"end":{"line":10,"column":1}},"1":{"start":{"line":3,"column":28},"end":{"line":3,"column":110}},"2":{"start":{"line":3,"column":91},"end":{"line":3,"column":106}},"3":{"start":{"line":4,"column":4},"end":{"line":9,"column":7}},"4":{"start":{"line":5,"column":36},"end":{"line":5,"column":97}},"5":{"start":{"line":5,"column":42},"end":{"line":5,"column":70}},"6":{"start":{"line":5,"column":85},"end":{"line":5,"column":95}},"7":{"start":{"line":6,"column":35},"end":{"line":6,"column":100}},"8":{"start":{"line":6,"column":41},"end":{"line":6,"column":73}},"9":{"start":{"line":6,"column":88},"end":{"line":6,"column":98}},"10":{"start":{"line":7,"column":32},"end":{"line":7,"column":116}},"11":{"start":{"line":8,"column":8},"end":{"line":8,"column":78}},"12":{"start":{"line":11,"column":13},"end":{"line":21,"column":1}},"13":{"start":{"line":12,"column":12},"end":{"line":12,"column":14}},"14":{"start":{"line":13,"column":4},"end":{"line":14,"column":20}},"15":{"start":{"line":13,"column":21},"end":{"line":14,"column":20}},"16":{"start":{"line":14,"column":8},"end":{"line":14,"column":20}},"17":{"start":{"line":15,"column":4},"end":{"line":19,"column":9}},"18":{"start":{"line":16,"column":8},"end":{"line":19,"column":9}},"19":{"start":{"line":16,"column":21},"end":{"line":16,"column":22}},"20":{"start":{"line":16,"column":28},"end":{"line":16,"column":59}},"21":{"start":{"line":17,"column":12},"end":{"line":18,"column":34}},"22":{"start":{"line":18,"column":16},"end":{"line":18,"column":34}},"23":{"start":{"line":20,"column":4},"end":{"line":20,"column":13}},"24":{"start":{"line":22,"column":22},"end":{"line":24,"column":1}},"25":{"start":{"line":23,"column":4},"end":{"line":23,"column":62}},"26":{"start":{"line":25,"column":0},"end":{"line":25,"column":62}},"27":{"start":{"line":26,"column":0},"end":{"line":26,"column":32}},"28":{"start":{"line":27,"column":22},"end":{"line":27,"column":63}},"29":{"start":{"line":28,"column":20},"end":{"line":28,"column":57}},"30":{"start":{"line":29,"column":20},"end":{"line":29,"column":40}},"31":{"start":{"line":30,"column":21},"end":{"line":30,"column":68}},"32":{"start":{"line":33,"column":8},"end":{"line":89,"column":11}},"33":{"start":{"line":34,"column":12},"end":{"line":88,"column":91}},"34":{"start":{"line":35,"column":16},"end":{"line":87,"column":19}},"35":{"start":{"line":36,"column":65},"end":{"line":36,"column":74}},"36":{"start":{"line":37,"column":37},"end":{"line":37,"column":47}},"37":{"start":{"line":38,"column":34},"end":{"line":38,"column":41}},"38":{"start":{"line":39,"column":20},"end":{"line":39,"column":93}},"39":{"start":{"line":40,"column":40},"end":{"line":40,"column":44}},"40":{"start":{"line":41,"column":20},"end":{"line":41,"column":77}},"41":{"start":{"line":42,"column":20},"end":{"line":42,"column":81}},"42":{"start":{"line":43,"column":20},"end":{"line":43,"column":75}},"43":{"start":{"line":44,"column":20},"end":{"line":86,"column":21}},"44":{"start":{"line":45,"column":47},"end":{"line":45,"column":49}},"45":{"start":{"line":46,"column":39},"end":{"line":46,"column":76}},"46":{"start":{"line":47,"column":48},"end":{"line":63,"column":26}},"47":{"start":{"line":64,"column":24},"end":{"line":68,"column":27}},"48":{"start":{"line":71,"column":24},"end":{"line":85,"column":27}},"49":{"start":{"line":88,"column":33},"end":{"line":88,"column":77}},"50":{"start":{"line":92,"column":8},"end":{"line":99,"column":11}},"51":{"start":{"line":93,"column":12},"end":{"line":98,"column":91}},"52":{"start":{"line":94,"column":16},"end":{"line":97,"column":19}},"53":{"start":{"line":95,"column":35},"end":{"line":95,"column":45}},"54":{"start":{"line":96,"column":20},"end":{"line":96,"column":68}},"55":{"start":{"line":98,"column":33},"end":{"line":98,"column":77}},"56":{"start":{"line":102,"column":8},"end":{"line":115,"column":11}},"57":{"start":{"line":103,"column":12},"end":{"line":114,"column":104}},"58":{"start":{"line":104,"column":16},"end":{"line":113,"column":19}},"59":{"start":{"line":105,"column":50},"end":{"line":105,"column":58}},"60":{"start":{"line":106,"column":35},"end":{"line":106,"column":52}},"61":{"start":{"line":107,"column":33},"end":{"line":107,"column":121}},"62":{"start":{"line":108,"column":20},"end":{"line":112,"column":23}},"63":{"start":{"line":114,"column":33},"end":{"line":114,"column":90}},"64":{"start":{"line":118,"column":8},"end":{"line":132,"column":11}},"65":{"start":{"line":119,"column":12},"end":{"line":131,"column":91}},"66":{"start":{"line":120,"column":16},"end":{"line":130,"column":19}},"67":{"start":{"line":121,"column":35},"end":{"line":121,"column":45}},"68":{"start":{"line":122,"column":31},"end":{"line":122,"column":39}},"69":{"start":{"line":122,"column":56},"end":{"line":122,"column":58}},"70":{"start":{"line":122,"column":71},"end":{"line":122,"column":95}},"71":{"start":{"line":123,"column":33},"end":{"line":123,"column":96}},"72":{"start":{"line":124,"column":20},"end":{"line":129,"column":21}},"73":{"start":{"line":125,"column":24},"end":{"line":125,"column":58}},"74":{"start":{"line":128,"column":24},"end":{"line":128,"column":53}},"75":{"start":{"line":131,"column":33},"end":{"line":131,"column":77}},"76":{"start":{"line":135,"column":8},"end":{"line":148,"column":11}},"77":{"start":{"line":136,"column":12},"end":{"line":147,"column":91}},"78":{"start":{"line":137,"column":16},"end":{"line":146,"column":19}},"79":{"start":{"line":138,"column":35},"end":{"line":138,"column":45}},"80":{"start":{"line":139,"column":33},"end":{"line":139,"column":87}},"81":{"start":{"line":140,"column":20},"end":{"line":145,"column":21}},"82":{"start":{"line":141,"column":24},"end":{"line":141,"column":57}},"83":{"start":{"line":144,"column":24},"end":{"line":144,"column":53}},"84":{"start":{"line":147,"column":33},"end":{"line":147,"column":77}},"85":{"start":{"line":151,"column":8},"end":{"line":166,"column":11}},"86":{"start":{"line":152,"column":12},"end":{"line":165,"column":91}},"87":{"start":{"line":153,"column":16},"end":{"line":164,"column":19}},"88":{"start":{"line":154,"column":35},"end":{"line":154,"column":45}},"89":{"start":{"line":155,"column":33},"end":{"line":155,"column":73}},"90":{"start":{"line":156,"column":20},"end":{"line":163,"column":21}},"91":{"start":{"line":157,"column":24},"end":{"line":157,"column":79}},"92":{"start":{"line":158,"column":24},"end":{"line":158,"column":42}},"93":{"start":{"line":159,"column":24},"end":{"line":159,"column":58}},"94":{"start":{"line":162,"column":24},"end":{"line":162,"column":125}},"95":{"start":{"line":165,"column":33},"end":{"line":165,"column":77}},"96":{"start":{"line":169,"column":0},"end":{"line":169,"column":40}}},"fnMap":{"0":{"name":"(anonymous_0)","decl":{"start":{"line":2,"column":44},"end":{"line":2,"column":45}},"loc":{"start":{"line":2,"column":89},"end":{"line":10,"column":1}},"line":2},"1":{"name":"adopt","decl":{"start":{"line":3,"column":13},"end":{"line":3,"column":18}},"loc":{"start":{"line":3,"column":26},"end":{"line":3,"column":112}},"line":3},"2":{"name":"(anonymous_2)","decl":{"start":{"line":3,"column":70},"end":{"line":3,"column":71}},"loc":{"start":{"line":3,"column":89},"end":{"line":3,"column":108}},"line":3},"3":{"name":"(anonymous_3)","decl":{"start":{"line":4,"column":36},"end":{"line":4,"column":37}},"loc":{"start":{"line":4,"column":63},"end":{"line":9,"column":5}},"line":4},"4":{"name":"fulfilled","decl":{"start":{"line":5,"column":17},"end":{"line":5,"column":26}},"loc":{"start":{"line":5,"column":34},"end":{"line":5,"column":99}},"line":5},"5":{"name":"rejected","decl":{"start":{"line":6,"column":17},"end":{"line":6,"column":25}},"loc":{"start":{"line":6,"column":33},"end":{"line":6,"column":102}},"line":6},"6":{"name":"step","decl":{"start":{"line":7,"column":17},"end":{"line":7,"column":21}},"loc":{"start":{"line":7,"column":30},"end":{"line":7,"column":118}},"line":7},"7":{"name":"(anonymous_7)","decl":{"start":{"line":11,"column":38},"end":{"line":11,"column":39}},"loc":{"start":{"line":11,"column":54},"end":{"line":21,"column":1}},"line":11},"8":{"name":"(anonymous_8)","decl":{"start":{"line":22,"column":56},"end":{"line":22,"column":57}},"loc":{"start":{"line":22,"column":71},"end":{"line":24,"column":1}},"line":22},"9":{"name":"(anonymous_9)","decl":{"start":{"line":32,"column":4},"end":{"line":32,"column":5}},"loc":{"start":{"line":32,"column":29},"end":{"line":90,"column":5}},"line":32},"10":{"name":"(anonymous_10)","decl":{"start":{"line":33,"column":47},"end":{"line":33,"column":48}},"loc":{"start":{"line":33,"column":60},"end":{"line":89,"column":9}},"line":33},"11":{"name":"(anonymous_11)","decl":{"start":{"line":34,"column":13},"end":{"line":34,"column":14}},"loc":{"start":{"line":34,"column":28},"end":{"line":88,"column":13}},"line":34},"12":{"name":"(anonymous_12)","decl":{"start":{"line":35,"column":55},"end":{"line":35,"column":56}},"loc":{"start":{"line":35,"column":68},"end":{"line":87,"column":17}},"line":35},"13":{"name":"(anonymous_13)","decl":{"start":{"line":88,"column":25},"end":{"line":88,"column":26}},"loc":{"start":{"line":88,"column":33},"end":{"line":88,"column":77}},"line":88},"14":{"name":"(anonymous_14)","decl":{"start":{"line":91,"column":4},"end":{"line":91,"column":5}},"loc":{"start":{"line":91,"column":28},"end":{"line":100,"column":5}},"line":91},"15":{"name":"(anonymous_15)","decl":{"start":{"line":92,"column":47},"end":{"line":92,"column":48}},"loc":{"start":{"line":92,"column":60},"end":{"line":99,"column":9}},"line":92},"16":{"name":"(anonymous_16)","decl":{"start":{"line":93,"column":13},"end":{"line":93,"column":14}},"loc":{"start":{"line":93,"column":28},"end":{"line":98,"column":13}},"line":93},"17":{"name":"(anonymous_17)","decl":{"start":{"line":94,"column":55},"end":{"line":94,"column":56}},"loc":{"start":{"line":94,"column":68},"end":{"line":97,"column":17}},"line":94},"18":{"name":"(anonymous_18)","decl":{"start":{"line":98,"column":25},"end":{"line":98,"column":26}},"loc":{"start":{"line":98,"column":33},"end":{"line":98,"column":77}},"line":98},"19":{"name":"(anonymous_19)","decl":{"start":{"line":101,"column":4},"end":{"line":101,"column":5}},"loc":{"start":{"line":101,"column":31},"end":{"line":116,"column":5}},"line":101},"20":{"name":"(anonymous_20)","decl":{"start":{"line":102,"column":47},"end":{"line":102,"column":48}},"loc":{"start":{"line":102,"column":60},"end":{"line":115,"column":9}},"line":102},"21":{"name":"(anonymous_21)","decl":{"start":{"line":103,"column":13},"end":{"line":103,"column":14}},"loc":{"start":{"line":103,"column":28},"end":{"line":114,"column":13}},"line":103},"22":{"name":"(anonymous_22)","decl":{"start":{"line":104,"column":55},"end":{"line":104,"column":56}},"loc":{"start":{"line":104,"column":68},"end":{"line":113,"column":17}},"line":104},"23":{"name":"(anonymous_23)","decl":{"start":{"line":114,"column":25},"end":{"line":114,"column":26}},"loc":{"start":{"line":114,"column":33},"end":{"line":114,"column":90}},"line":114},"24":{"name":"(anonymous_24)","decl":{"start":{"line":117,"column":4},"end":{"line":117,"column":5}},"loc":{"start":{"line":117,"column":31},"end":{"line":133,"column":5}},"line":117},"25":{"name":"(anonymous_25)","decl":{"start":{"line":118,"column":47},"end":{"line":118,"column":48}},"loc":{"start":{"line":118,"column":60},"end":{"line":132,"column":9}},"line":118},"26":{"name":"(anonymous_26)","decl":{"start":{"line":119,"column":13},"end":{"line":119,"column":14}},"loc":{"start":{"line":119,"column":28},"end":{"line":131,"column":13}},"line":119},"27":{"name":"(anonymous_27)","decl":{"start":{"line":120,"column":55},"end":{"line":120,"column":56}},"loc":{"start":{"line":120,"column":68},"end":{"line":130,"column":17}},"line":120},"28":{"name":"(anonymous_28)","decl":{"start":{"line":131,"column":25},"end":{"line":131,"column":26}},"loc":{"start":{"line":131,"column":33},"end":{"line":131,"column":77}},"line":131},"29":{"name":"(anonymous_29)","decl":{"start":{"line":134,"column":4},"end":{"line":134,"column":5}},"loc":{"start":{"line":134,"column":31},"end":{"line":149,"column":5}},"line":134},"30":{"name":"(anonymous_30)","decl":{"start":{"line":135,"column":47},"end":{"line":135,"column":48}},"loc":{"start":{"line":135,"column":60},"end":{"line":148,"column":9}},"line":135},"31":{"name":"(anonymous_31)","decl":{"start":{"line":136,"column":13},"end":{"line":136,"column":14}},"loc":{"start":{"line":136,"column":28},"end":{"line":147,"column":13}},"line":136},"32":{"name":"(anonymous_32)","decl":{"start":{"line":137,"column":55},"end":{"line":137,"column":56}},"loc":{"start":{"line":137,"column":68},"end":{"line":146,"column":17}},"line":137},"33":{"name":"(anonymous_33)","decl":{"start":{"line":147,"column":25},"end":{"line":147,"column":26}},"loc":{"start":{"line":147,"column":33},"end":{"line":147,"column":77}},"line":147},"34":{"name":"(anonymous_34)","decl":{"start":{"line":150,"column":4},"end":{"line":150,"column":5}},"loc":{"start":{"line":150,"column":31},"end":{"line":167,"column":5}},"line":150},"35":{"name":"(anonymous_35)","decl":{"start":{"line":151,"column":47},"end":{"line":151,"column":48}},"loc":{"start":{"line":151,"column":60},"end":{"line":166,"column":9}},"line":151},"36":{"name":"(anonymous_36)","decl":{"start":{"line":152,"column":13},"end":{"line":152,"column":14}},"loc":{"start":{"line":152,"column":28},"end":{"line":165,"column":13}},"line":152},"37":{"name":"(anonymous_37)","decl":{"start":{"line":153,"column":55},"end":{"line":153,"column":56}},"loc":{"start":{"line":153,"column":68},"end":{"line":164,"column":17}},"line":153},"38":{"name":"(anonymous_38)","decl":{"start":{"line":165,"column":25},"end":{"line":165,"column":26}},"loc":{"start":{"line":165,"column":33},"end":{"line":165,"column":77}},"line":165}},"branchMap":{"0":{"loc":{"start":{"line":2,"column":16},"end":{"line":10,"column":1}},"type":"binary-expr","locations":[{"start":{"line":2,"column":17},"end":{"line":2,"column":21}},{"start":{"line":2,"column":25},"end":{"line":2,"column":39}},{"start":{"line":2,"column":44},"end":{"line":10,"column":1}}],"line":2},"1":{"loc":{"start":{"line":3,"column":35},"end":{"line":3,"column":109}},"type":"cond-expr","locations":[{"start":{"line":3,"column":56},"end":{"line":3,"column":61}},{"start":{"line":3,"column":64},"end":{"line":3,"column":109}}],"line":3},"2":{"loc":{"start":{"line":4,"column":16},"end":{"line":4,"column":34}},"type":"binary-expr","locations":[{"start":{"line":4,"column":16},"end":{"line":4,"column":17}},{"start":{"line":4,"column":22},"end":{"line":4,"column":33}}],"line":4},"3":{"loc":{"start":{"line":7,"column":32},"end":{"line":7,"column":115}},"type":"cond-expr","locations":[{"start":{"line":7,"column":46},"end":{"line":7,"column":67}},{"start":{"line":7,"column":70},"end":{"line":7,"column":115}}],"line":7},"4":{"loc":{"start":{"line":8,"column":51},"end":{"line":8,"column":67}},"type":"binary-expr","locations":[{"start":{"line":8,"column":51},"end":{"line":8,"column":61}},{"start":{"line":8,"column":65},"end":{"line":8,"column":67}}],"line":8},"5":{"loc":{"start":{"line":11,"column":13},"end":{"line":21,"column":1}},"type":"binary-expr","locations":[{"start":{"line":11,"column":14},"end":{"line":11,"column":18}},{"start":{"line":11,"column":22},"end":{"line":11,"column":33}},{"start":{"line":11,"column":38},"end":{"line":21,"column":1}}],"line":11},"6":{"loc":{"start":{"line":13,"column":21},"end":{"line":14,"column":20}},"type":"if","locations":[{"start":{"line":13,"column":21},"end":{"line":14,"column":20}},{"start":{},"end":{}}],"line":13},"7":{"loc":{"start":{"line":13,"column":25},"end":{"line":13,"column":87}},"type":"binary-expr","locations":[{"start":{"line":13,"column":25},"end":{"line":13,"column":67}},{"start":{"line":13,"column":71},"end":{"line":13,"column":87}}],"line":13},"8":{"loc":{"start":{"line":15,"column":4},"end":{"line":19,"column":9}},"type":"if","locations":[{"start":{"line":15,"column":4},"end":{"line":19,"column":9}},{"start":{},"end":{}}],"line":15},"9":{"loc":{"start":{"line":15,"column":8},"end":{"line":15,"column":71}},"type":"binary-expr","locations":[{"start":{"line":15,"column":8},"end":{"line":15,"column":17}},{"start":{"line":15,"column":21},"end":{"line":15,"column":71}}],"line":15},"10":{"loc":{"start":{"line":17,"column":12},"end":{"line":18,"column":34}},"type":"if","locations":[{"start":{"line":17,"column":12},"end":{"line":18,"column":34}},{"start":{},"end":{}}],"line":17},"11":{"loc":{"start":{"line":17,"column":16},"end":{"line":17,"column":90}},"type":"binary-expr","locations":[{"start":{"line":17,"column":16},"end":{"line":17,"column":35}},{"start":{"line":17,"column":39},"end":{"line":17,"column":90}}],"line":17},"12":{"loc":{"start":{"line":22,"column":22},"end":{"line":24,"column":1}},"type":"binary-expr","locations":[{"start":{"line":22,"column":23},"end":{"line":22,"column":27}},{"start":{"line":22,"column":31},"end":{"line":22,"column":51}},{"start":{"line":22,"column":56},"end":{"line":24,"column":1}}],"line":22},"13":{"loc":{"start":{"line":23,"column":11},"end":{"line":23,"column":61}},"type":"cond-expr","locations":[{"start":{"line":23,"column":37},"end":{"line":23,"column":40}},{"start":{"line":23,"column":43},"end":{"line":23,"column":61}}],"line":23},"14":{"loc":{"start":{"line":23,"column":12},"end":{"line":23,"column":33}},"type":"binary-expr","locations":[{"start":{"line":23,"column":12},"end":{"line":23,"column":15}},{"start":{"line":23,"column":19},"end":{"line":23,"column":33}}],"line":23},"15":{"loc":{"start":{"line":39,"column":20},"end":{"line":39,"column":92}},"type":"binary-expr","locations":[{"start":{"line":39,"column":20},"end":{"line":39,"column":56}},{"start":{"line":39,"column":61},"end":{"line":39,"column":91}}],"line":39},"16":{"loc":{"start":{"line":41,"column":20},"end":{"line":41,"column":76}},"type":"binary-expr","locations":[{"start":{"line":41,"column":20},"end":{"line":41,"column":49}},{"start":{"line":41,"column":54},"end":{"line":41,"column":75}}],"line":41},"17":{"loc":{"start":{"line":42,"column":20},"end":{"line":42,"column":80}},"type":"binary-expr","locations":[{"start":{"line":42,"column":20},"end":{"line":42,"column":53}},{"start":{"line":42,"column":58},"end":{"line":42,"column":79}}],"line":42},"18":{"loc":{"start":{"line":43,"column":20},"end":{"line":43,"column":74}},"type":"binary-expr","locations":[{"start":{"line":43,"column":20},"end":{"line":43,"column":48}},{"start":{"line":43,"column":53},"end":{"line":43,"column":73}}],"line":43},"19":{"loc":{"start":{"line":44,"column":20},"end":{"line":86,"column":21}},"type":"if","locations":[{"start":{"line":44,"column":20},"end":{"line":86,"column":21}},{"start":{"line":70,"column":25},"end":{"line":86,"column":21}}],"line":44},"20":{"loc":{"start":{"line":48,"column":36},"end":{"line":55,"column":39}},"type":"cond-expr","locations":[{"start":{"line":48,"column":77},"end":{"line":55,"column":34}},{"start":{"line":55,"column":37},"end":{"line":55,"column":39}}],"line":48},"21":{"loc":{"start":{"line":48,"column":37},"end":{"line":48,"column":73}},"type":"binary-expr","locations":[{"start":{"line":48,"column":37},"end":{"line":48,"column":49}},{"start":{"line":48,"column":53},"end":{"line":48,"column":60}},{"start":{"line":48,"column":64},"end":{"line":48,"column":73}}],"line":48},"22":{"loc":{"start":{"line":50,"column":41},"end":{"line":50,"column":117}},"type":"cond-expr","locations":[{"start":{"line":50,"column":56},"end":{"line":50,"column":112}},{"start":{"line":50,"column":115},"end":{"line":50,"column":117}}],"line":50},"23":{"loc":{"start":{"line":51,"column":41},"end":{"line":51,"column":140}},"type":"cond-expr","locations":[{"start":{"line":51,"column":56},"end":{"line":51,"column":135}},{"start":{"line":51,"column":138},"end":{"line":51,"column":140}}],"line":51},"24":{"loc":{"start":{"line":51,"column":71},"end":{"line":51,"column":133}},"type":"binary-expr","locations":[{"start":{"line":51,"column":71},"end":{"line":51,"column":83}},{"start":{"line":51,"column":87},"end":{"line":51,"column":133}}],"line":51},"25":{"loc":{"start":{"line":52,"column":41},"end":{"line":52,"column":119}},"type":"cond-expr","locations":[{"start":{"line":52,"column":77},"end":{"line":52,"column":114}},{"start":{"line":52,"column":117},"end":{"line":52,"column":119}}],"line":52},"26":{"loc":{"start":{"line":53,"column":41},"end":{"line":53,"column":84}},"type":"cond-expr","locations":[{"start":{"line":53,"column":51},"end":{"line":53,"column":79}},{"start":{"line":53,"column":82},"end":{"line":53,"column":84}}],"line":53},"27":{"loc":{"start":{"line":65,"column":40},"end":{"line":65,"column":57}},"type":"cond-expr","locations":[{"start":{"line":65,"column":48},"end":{"line":65,"column":53}},{"start":{"line":65,"column":56},"end":{"line":65,"column":57}}],"line":65},"28":{"loc":{"start":{"line":67,"column":41},"end":{"line":67,"column":57}},"type":"cond-expr","locations":[{"start":{"line":67,"column":48},"end":{"line":67,"column":52}},{"start":{"line":67,"column":55},"end":{"line":67,"column":57}}],"line":67},"29":{"loc":{"start":{"line":72,"column":36},"end":{"line":79,"column":39}},"type":"cond-expr","locations":[{"start":{"line":72,"column":77},"end":{"line":79,"column":34}},{"start":{"line":79,"column":37},"end":{"line":79,"column":39}}],"line":72},"30":{"loc":{"start":{"line":72,"column":37},"end":{"line":72,"column":73}},"type":"binary-expr","locations":[{"start":{"line":72,"column":37},"end":{"line":72,"column":49}},{"start":{"line":72,"column":53},"end":{"line":72,"column":60}},{"start":{"line":72,"column":64},"end":{"line":72,"column":73}}],"line":72},"31":{"loc":{"start":{"line":74,"column":41},"end":{"line":74,"column":117}},"type":"cond-expr","locations":[{"start":{"line":74,"column":56},"end":{"line":74,"column":112}},{"start":{"line":74,"column":115},"end":{"line":74,"column":117}}],"line":74},"32":{"loc":{"start":{"line":75,"column":41},"end":{"line":75,"column":140}},"type":"cond-expr","locations":[{"start":{"line":75,"column":56},"end":{"line":75,"column":135}},{"start":{"line":75,"column":138},"end":{"line":75,"column":140}}],"line":75},"33":{"loc":{"start":{"line":75,"column":71},"end":{"line":75,"column":133}},"type":"binary-expr","locations":[{"start":{"line":75,"column":71},"end":{"line":75,"column":83}},{"start":{"line":75,"column":87},"end":{"line":75,"column":133}}],"line":75},"34":{"loc":{"start":{"line":76,"column":41},"end":{"line":76,"column":91}},"type":"cond-expr","locations":[{"start":{"line":76,"column":53},"end":{"line":76,"column":86}},{"start":{"line":76,"column":89},"end":{"line":76,"column":91}}],"line":76},"35":{"loc":{"start":{"line":77,"column":41},"end":{"line":77,"column":84}},"type":"cond-expr","locations":[{"start":{"line":77,"column":51},"end":{"line":77,"column":79}},{"start":{"line":77,"column":82},"end":{"line":77,"column":84}}],"line":77},"36":{"loc":{"start":{"line":124,"column":20},"end":{"line":129,"column":21}},"type":"if","locations":[{"start":{"line":124,"column":20},"end":{"line":129,"column":21}},{"start":{"line":127,"column":25},"end":{"line":129,"column":21}}],"line":124},"37":{"loc":{"start":{"line":140,"column":20},"end":{"line":145,"column":21}},"type":"if","locations":[{"start":{"line":140,"column":20},"end":{"line":145,"column":21}},{"start":{"line":143,"column":25},"end":{"line":145,"column":21}}],"line":140},"38":{"loc":{"start":{"line":156,"column":20},"end":{"line":163,"column":21}},"type":"if","locations":[{"start":{"line":156,"column":20},"end":{"line":163,"column":21}},{"start":{"line":161,"column":25},"end":{"line":163,"column":21}}],"line":156}},"s":{"0":1,"1":6,"2":0,"3":12,"4":6,"5":6,"6":0,"7":0,"8":0,"9":0,"10":18,"11":12,"12":1,"13":1,"14":1,"15":2,"16":1,"17":1,"18":1,"19":1,"20":1,"21":0,"22":0,"23":1,"24":1,"25":2,"26":1,"27":1,"28":1,"29":1,"30":1,"31":1,"32":2,"33":2,"34":2,"35":2,"36":2,"37":2,"38":2,"39":2,"40":2,"41":2,"42":2,"43":2,"44":1,"45":1,"46":1,"47":1,"48":1,"49":2,"50":1,"51":1,"52":1,"53":1,"54":1,"55":1,"56":1,"57":1,"58":1,"59":1,"60":1,"61":1,"62":1,"63":1,"64":1,"65":1,"66":1,"67":1,"68":1,"69":1,"70":1,"71":1,"72":1,"73":1,"74":0,"75":1,"76":1,"77":1,"78":1,"79":1,"80":1,"81":1,"82":1,"83":0,"84":1,"85":0,"86":0,"87":0,"88":0,"89":0,"90":0,"91":0,"92":0,"93":0,"94":0,"95":0,"96":1},"f":{"0":12,"1":6,"2":0,"3":12,"4":6,"5":0,"6":18,"7":1,"8":2,"9":2,"10":2,"11":2,"12":2,"13":2,"14":1,"15":1,"16":1,"17":1,"18":1,"19":1,"20":1,"21":1,"22":1,"23":1,"24":1,"25":1,"26":1,"27":1,"28":1,"29":1,"30":1,"31":1,"32":1,"33":1,"34":0,"35":0,"36":0,"37":0,"38":0},"b":{"0":[1,1,1],"1":[6,0],"2":[12,12],"3":[12,6],"4":[12,12],"5":[1,1,1],"6":[1,1],"7":[2,2],"8":[1,0],"9":[1,1],"10":[0,0],"11":[0,0],"12":[1,1,1],"13":[0,2],"14":[2,2],"15":[2,0],"16":[2,0],"17":[2,2],"18":[2,0],"19":[1,1],"20":[0,1],"21":[1,1,1],"22":[0,0],"23":[0,0],"24":[0,0],"25":[0,0],"26":[0,0],"27":[1,0],"28":[1,0],"29":[0,1],"30":[1,1,1],"31":[0,0],"32":[0,0],"33":[0,0],"34":[0,0],"35":[0,0],"36":[1,0],"37":[1,0],"38":[0,0]},"_coverageSchema":"1a1c01bbd47fc00a2c39e90264f33305004495a9","hash":"43e381d5f7f9b4d1d6110cad1b9258f67fb584a0"}
,"C:\\Users\\Javier Retondo\\Downloads\\curso-node-restserver-4.0.0\\to-do-list\\dist\\api\\components\\tasks\\tasks.middleware.js": {"path":"C:\\Users\\Javier Retondo\\Downloads\\curso-node-restserver-4.0.0\\to-do-list\\dist\\api\\components\\tasks\\tasks.middleware.js","statementMap":{"0":{"start":{"line":2,"column":22},"end":{"line":4,"column":1}},"1":{"start":{"line":3,"column":4},"end":{"line":3,"column":62}},"2":{"start":{"line":5,"column":0},"end":{"line":5,"column":62}},"3":{"start":{"line":6,"column":0},"end":{"line":6,"column":24}},"4":{"start":{"line":7,"column":28},"end":{"line":7,"column":56}},"5":{"start":{"line":8,"column":17},"end":{"line":8,"column":50}},"6":{"start":{"line":9,"column":23},"end":{"line":9,"column":80}},"7":{"start":{"line":10,"column":22},"end":{"line":10,"column":53}},"8":{"start":{"line":13,"column":8},"end":{"line":13,"column":16}},"9":{"start":{"line":14,"column":8},"end":{"line":21,"column":10}},"10":{"start":{"line":22,"column":8},"end":{"line":25,"column":10}},"11":{"start":{"line":26,"column":8},"end":{"line":28,"column":10}},"12":{"start":{"line":29,"column":8},"end":{"line":31,"column":10}},"13":{"start":{"line":34,"column":0},"end":{"line":34,"column":24}}},"fnMap":{"0":{"name":"(anonymous_0)","decl":{"start":{"line":2,"column":56},"end":{"line":2,"column":57}},"loc":{"start":{"line":2,"column":71},"end":{"line":4,"column":1}},"line":2},"1":{"name":"(anonymous_1)","decl":{"start":{"line":12,"column":4},"end":{"line":12,"column":5}},"loc":{"start":{"line":12,"column":18},"end":{"line":32,"column":5}},"line":12}},"branchMap":{"0":{"loc":{"start":{"line":2,"column":22},"end":{"line":4,"column":1}},"type":"binary-expr","locations":[{"start":{"line":2,"column":23},"end":{"line":2,"column":27}},{"start":{"line":2,"column":31},"end":{"line":2,"column":51}},{"start":{"line":2,"column":56},"end":{"line":4,"column":1}}],"line":2},"1":{"loc":{"start":{"line":3,"column":11},"end":{"line":3,"column":61}},"type":"cond-expr","locations":[{"start":{"line":3,"column":37},"end":{"line":3,"column":40}},{"start":{"line":3,"column":43},"end":{"line":3,"column":61}}],"line":3},"2":{"loc":{"start":{"line":3,"column":12},"end":{"line":3,"column":33}},"type":"binary-expr","locations":[{"start":{"line":3,"column":12},"end":{"line":3,"column":15}},{"start":{"line":3,"column":19},"end":{"line":3,"column":33}}],"line":3}},"s":{"0":1,"1":1,"2":1,"3":1,"4":1,"5":1,"6":1,"7":1,"8":1,"9":1,"10":1,"11":1,"12":1,"13":1},"f":{"0":1,"1":1},"b":{"0":[1,1,1],"1":[1,0],"2":[1,1]},"_coverageSchema":"1a1c01bbd47fc00a2c39e90264f33305004495a9","hash":"d936d6c8640c5da23b53576dbf50174c793e5894"}
,"C:\\Users\\Javier Retondo\\Downloads\\curso-node-restserver-4.0.0\\to-do-list\\dist\\api\\components\\tasks\\tasks.model.js": {"path":"C:\\Users\\Javier Retondo\\Downloads\\curso-node-restserver-4.0.0\\to-do-list\\dist\\api\\components\\tasks\\tasks.model.js","statementMap":{"0":{"start":{"line":2,"column":22},"end":{"line":4,"column":1}},"1":{"start":{"line":3,"column":4},"end":{"line":3,"column":62}},"2":{"start":{"line":5,"column":20},"end":{"line":5,"column":40}},"3":{"start":{"line":6,"column":19},"end":{"line":6,"column":54}},"4":{"start":{"line":7,"column":17},"end":{"line":7,"column":50}},"5":{"start":{"line":8,"column":21},"end":{"line":8,"column":68}},"6":{"start":{"line":9,"column":16},"end":{"line":9,"column":48}},"7":{"start":{"line":12,"column":0},"end":{"line":39,"column":3}},"8":{"start":{"line":40,"column":0},"end":{"line":45,"column":3}},"9":{"start":{"line":46,"column":0},"end":{"line":49,"column":3}},"10":{"start":{"line":50,"column":0},"end":{"line":50,"column":22}}},"fnMap":{"0":{"name":"(anonymous_0)","decl":{"start":{"line":2,"column":56},"end":{"line":2,"column":57}},"loc":{"start":{"line":2,"column":71},"end":{"line":4,"column":1}},"line":2}},"branchMap":{"0":{"loc":{"start":{"line":2,"column":22},"end":{"line":4,"column":1}},"type":"binary-expr","locations":[{"start":{"line":2,"column":23},"end":{"line":2,"column":27}},{"start":{"line":2,"column":31},"end":{"line":2,"column":51}},{"start":{"line":2,"column":56},"end":{"line":4,"column":1}}],"line":2},"1":{"loc":{"start":{"line":3,"column":11},"end":{"line":3,"column":61}},"type":"cond-expr","locations":[{"start":{"line":3,"column":37},"end":{"line":3,"column":40}},{"start":{"line":3,"column":43},"end":{"line":3,"column":61}}],"line":3},"2":{"loc":{"start":{"line":3,"column":12},"end":{"line":3,"column":33}},"type":"binary-expr","locations":[{"start":{"line":3,"column":12},"end":{"line":3,"column":15}},{"start":{"line":3,"column":19},"end":{"line":3,"column":33}}],"line":3}},"s":{"0":1,"1":1,"2":1,"3":1,"4":1,"5":1,"6":1,"7":1,"8":1,"9":1,"10":1},"f":{"0":1},"b":{"0":[1,1,1],"1":[0,1],"2":[1,1]},"_coverageSchema":"1a1c01bbd47fc00a2c39e90264f33305004495a9","hash":"f4fca1a32fb3b499d402e33b072df9652b5c63f1"}
,"C:\\Users\\Javier Retondo\\Downloads\\curso-node-restserver-4.0.0\\to-do-list\\dist\\api\\components\\tasks\\tasks.router.js": {"path":"C:\\Users\\Javier Retondo\\Downloads\\curso-node-restserver-4.0.0\\to-do-list\\dist\\api\\components\\tasks\\tasks.router.js","statementMap":{"0":{"start":{"line":2,"column":0},"end":{"line":2,"column":62}},"1":{"start":{"line":3,"column":0},"end":{"line":3,"column":28}},"2":{"start":{"line":4,"column":27},"end":{"line":4,"column":56}},"3":{"start":{"line":5,"column":17},"end":{"line":5,"column":50}},"4":{"start":{"line":6,"column":27},"end":{"line":6,"column":56}},"5":{"start":{"line":7,"column":16},"end":{"line":7,"column":48}},"6":{"start":{"line":10,"column":8},"end":{"line":10,"column":93}},"7":{"start":{"line":13,"column":8},"end":{"line":19,"column":226}},"8":{"start":{"line":22,"column":0},"end":{"line":22,"column":32}}},"fnMap":{"0":{"name":"(anonymous_0)","decl":{"start":{"line":9,"column":4},"end":{"line":9,"column":5}},"loc":{"start":{"line":9,"column":18},"end":{"line":11,"column":5}},"line":9},"1":{"name":"(anonymous_1)","decl":{"start":{"line":12,"column":4},"end":{"line":12,"column":5}},"loc":{"start":{"line":12,"column":13},"end":{"line":20,"column":5}},"line":12}},"branchMap":{},"s":{"0":1,"1":1,"2":1,"3":1,"4":1,"5":1,"6":1,"7":1,"8":1},"f":{"0":1,"1":1},"b":{},"_coverageSchema":"1a1c01bbd47fc00a2c39e90264f33305004495a9","hash":"1cc80849ed61e4aa84802e37b4ea7081da628194"}
,"C:\\Users\\Javier Retondo\\Downloads\\curso-node-restserver-4.0.0\\to-do-list\\dist\\api\\components\\users\\user.controller.js": {"path":"C:\\Users\\Javier Retondo\\Downloads\\curso-node-restserver-4.0.0\\to-do-list\\dist\\api\\components\\users\\user.controller.js","statementMap":{"0":{"start":{"line":2,"column":16},"end":{"line":10,"column":1}},"1":{"start":{"line":3,"column":28},"end":{"line":3,"column":110}},"2":{"start":{"line":3,"column":91},"end":{"line":3,"column":106}},"3":{"start":{"line":4,"column":4},"end":{"line":9,"column":7}},"4":{"start":{"line":5,"column":36},"end":{"line":5,"column":97}},"5":{"start":{"line":5,"column":42},"end":{"line":5,"column":70}},"6":{"start":{"line":5,"column":85},"end":{"line":5,"column":95}},"7":{"start":{"line":6,"column":35},"end":{"line":6,"column":100}},"8":{"start":{"line":6,"column":41},"end":{"line":6,"column":73}},"9":{"start":{"line":6,"column":88},"end":{"line":6,"column":98}},"10":{"start":{"line":7,"column":32},"end":{"line":7,"column":116}},"11":{"start":{"line":8,"column":8},"end":{"line":8,"column":78}},"12":{"start":{"line":11,"column":13},"end":{"line":21,"column":1}},"13":{"start":{"line":12,"column":12},"end":{"line":12,"column":14}},"14":{"start":{"line":13,"column":4},"end":{"line":14,"column":20}},"15":{"start":{"line":13,"column":21},"end":{"line":14,"column":20}},"16":{"start":{"line":14,"column":8},"end":{"line":14,"column":20}},"17":{"start":{"line":15,"column":4},"end":{"line":19,"column":9}},"18":{"start":{"line":16,"column":8},"end":{"line":19,"column":9}},"19":{"start":{"line":16,"column":21},"end":{"line":16,"column":22}},"20":{"start":{"line":16,"column":28},"end":{"line":16,"column":59}},"21":{"start":{"line":17,"column":12},"end":{"line":18,"column":34}},"22":{"start":{"line":18,"column":16},"end":{"line":18,"column":34}},"23":{"start":{"line":20,"column":4},"end":{"line":20,"column":13}},"24":{"start":{"line":22,"column":22},"end":{"line":24,"column":1}},"25":{"start":{"line":23,"column":4},"end":{"line":23,"column":62}},"26":{"start":{"line":25,"column":0},"end":{"line":25,"column":62}},"27":{"start":{"line":26,"column":0},"end":{"line":26,"column":32}},"28":{"start":{"line":27,"column":21},"end":{"line":27,"column":61}},"29":{"start":{"line":28,"column":19},"end":{"line":28,"column":55}},"30":{"start":{"line":29,"column":17},"end":{"line":29,"column":50}},"31":{"start":{"line":30,"column":20},"end":{"line":30,"column":57}},"32":{"start":{"line":33,"column":8},"end":{"line":41,"column":11}},"33":{"start":{"line":34,"column":12},"end":{"line":40,"column":88}},"34":{"start":{"line":35,"column":16},"end":{"line":39,"column":19}},"35":{"start":{"line":36,"column":20},"end":{"line":38,"column":23}},"36":{"start":{"line":40,"column":30},"end":{"line":40,"column":74}},"37":{"start":{"line":44,"column":8},"end":{"line":53,"column":11}},"38":{"start":{"line":45,"column":12},"end":{"line":52,"column":91}},"39":{"start":{"line":46,"column":16},"end":{"line":51,"column":19}},"40":{"start":{"line":47,"column":35},"end":{"line":47,"column":45}},"41":{"start":{"line":48,"column":20},"end":{"line":50,"column":23}},"42":{"start":{"line":52,"column":33},"end":{"line":52,"column":77}},"43":{"start":{"line":56,"column":8},"end":{"line":77,"column":11}},"44":{"start":{"line":57,"column":12},"end":{"line":76,"column":104}},"45":{"start":{"line":58,"column":16},"end":{"line":75,"column":19}},"46":{"start":{"line":59,"column":60},"end":{"line":59,"column":68}},"47":{"start":{"line":60,"column":33},"end":{"line":60,"column":65}},"48":{"start":{"line":61,"column":36},"end":{"line":66,"column":21}},"49":{"start":{"line":67,"column":33},"end":{"line":67,"column":75}},"50":{"start":{"line":68,"column":20},"end":{"line":68,"column":32}},"51":{"start":{"line":69,"column":20},"end":{"line":74,"column":23}},"52":{"start":{"line":76,"column":33},"end":{"line":76,"column":90}},"53":{"start":{"line":80,"column":8},"end":{"line":98,"column":11}},"54":{"start":{"line":81,"column":12},"end":{"line":97,"column":91}},"55":{"start":{"line":82,"column":16},"end":{"line":96,"column":19}},"56":{"start":{"line":83,"column":35},"end":{"line":83,"column":45}},"57":{"start":{"line":84,"column":31},"end":{"line":84,"column":39}},"58":{"start":{"line":84,"column":53},"end":{"line":84,"column":55}},"59":{"start":{"line":84,"column":68},"end":{"line":84,"column":89}},"60":{"start":{"line":85,"column":20},"end":{"line":88,"column":21}},"61":{"start":{"line":86,"column":37},"end":{"line":86,"column":69}},"62":{"start":{"line":87,"column":24},"end":{"line":87,"column":97}},"63":{"start":{"line":89,"column":33},"end":{"line":89,"column":95}},"64":{"start":{"line":90,"column":20},"end":{"line":95,"column":21}},"65":{"start":{"line":91,"column":24},"end":{"line":91,"column":58}},"66":{"start":{"line":94,"column":24},"end":{"line":94,"column":127}},"67":{"start":{"line":97,"column":33},"end":{"line":97,"column":77}},"68":{"start":{"line":101,"column":8},"end":{"line":114,"column":11}},"69":{"start":{"line":102,"column":12},"end":{"line":113,"column":91}},"70":{"start":{"line":103,"column":16},"end":{"line":112,"column":19}},"71":{"start":{"line":104,"column":35},"end":{"line":104,"column":45}},"72":{"start":{"line":105,"column":33},"end":{"line":105,"column":103}},"73":{"start":{"line":106,"column":20},"end":{"line":111,"column":21}},"74":{"start":{"line":107,"column":24},"end":{"line":107,"column":57}},"75":{"start":{"line":110,"column":24},"end":{"line":110,"column":126}},"76":{"start":{"line":113,"column":33},"end":{"line":113,"column":77}},"77":{"start":{"line":117,"column":8},"end":{"line":130,"column":11}},"78":{"start":{"line":118,"column":12},"end":{"line":129,"column":91}},"79":{"start":{"line":119,"column":16},"end":{"line":128,"column":19}},"80":{"start":{"line":120,"column":35},"end":{"line":120,"column":45}},"81":{"start":{"line":121,"column":33},"end":{"line":121,"column":86}},"82":{"start":{"line":122,"column":20},"end":{"line":127,"column":21}},"83":{"start":{"line":123,"column":24},"end":{"line":123,"column":57}},"84":{"start":{"line":126,"column":24},"end":{"line":126,"column":126}},"85":{"start":{"line":129,"column":33},"end":{"line":129,"column":77}},"86":{"start":{"line":133,"column":0},"end":{"line":133,"column":40}}},"fnMap":{"0":{"name":"(anonymous_0)","decl":{"start":{"line":2,"column":44},"end":{"line":2,"column":45}},"loc":{"start":{"line":2,"column":89},"end":{"line":10,"column":1}},"line":2},"1":{"name":"adopt","decl":{"start":{"line":3,"column":13},"end":{"line":3,"column":18}},"loc":{"start":{"line":3,"column":26},"end":{"line":3,"column":112}},"line":3},"2":{"name":"(anonymous_2)","decl":{"start":{"line":3,"column":70},"end":{"line":3,"column":71}},"loc":{"start":{"line":3,"column":89},"end":{"line":3,"column":108}},"line":3},"3":{"name":"(anonymous_3)","decl":{"start":{"line":4,"column":36},"end":{"line":4,"column":37}},"loc":{"start":{"line":4,"column":63},"end":{"line":9,"column":5}},"line":4},"4":{"name":"fulfilled","decl":{"start":{"line":5,"column":17},"end":{"line":5,"column":26}},"loc":{"start":{"line":5,"column":34},"end":{"line":5,"column":99}},"line":5},"5":{"name":"rejected","decl":{"start":{"line":6,"column":17},"end":{"line":6,"column":25}},"loc":{"start":{"line":6,"column":33},"end":{"line":6,"column":102}},"line":6},"6":{"name":"step","decl":{"start":{"line":7,"column":17},"end":{"line":7,"column":21}},"loc":{"start":{"line":7,"column":30},"end":{"line":7,"column":118}},"line":7},"7":{"name":"(anonymous_7)","decl":{"start":{"line":11,"column":38},"end":{"line":11,"column":39}},"loc":{"start":{"line":11,"column":54},"end":{"line":21,"column":1}},"line":11},"8":{"name":"(anonymous_8)","decl":{"start":{"line":22,"column":56},"end":{"line":22,"column":57}},"loc":{"start":{"line":22,"column":71},"end":{"line":24,"column":1}},"line":22},"9":{"name":"(anonymous_9)","decl":{"start":{"line":32,"column":4},"end":{"line":32,"column":5}},"loc":{"start":{"line":32,"column":29},"end":{"line":42,"column":5}},"line":32},"10":{"name":"(anonymous_10)","decl":{"start":{"line":33,"column":47},"end":{"line":33,"column":48}},"loc":{"start":{"line":33,"column":60},"end":{"line":41,"column":9}},"line":33},"11":{"name":"(anonymous_11)","decl":{"start":{"line":34,"column":13},"end":{"line":34,"column":14}},"loc":{"start":{"line":34,"column":25},"end":{"line":40,"column":13}},"line":34},"12":{"name":"(anonymous_12)","decl":{"start":{"line":35,"column":55},"end":{"line":35,"column":56}},"loc":{"start":{"line":35,"column":68},"end":{"line":39,"column":17}},"line":35},"13":{"name":"(anonymous_13)","decl":{"start":{"line":40,"column":22},"end":{"line":40,"column":23}},"loc":{"start":{"line":40,"column":30},"end":{"line":40,"column":74}},"line":40},"14":{"name":"(anonymous_14)","decl":{"start":{"line":43,"column":4},"end":{"line":43,"column":5}},"loc":{"start":{"line":43,"column":28},"end":{"line":54,"column":5}},"line":43},"15":{"name":"(anonymous_15)","decl":{"start":{"line":44,"column":47},"end":{"line":44,"column":48}},"loc":{"start":{"line":44,"column":60},"end":{"line":53,"column":9}},"line":44},"16":{"name":"(anonymous_16)","decl":{"start":{"line":45,"column":13},"end":{"line":45,"column":14}},"loc":{"start":{"line":45,"column":28},"end":{"line":52,"column":13}},"line":45},"17":{"name":"(anonymous_17)","decl":{"start":{"line":46,"column":55},"end":{"line":46,"column":56}},"loc":{"start":{"line":46,"column":68},"end":{"line":51,"column":17}},"line":46},"18":{"name":"(anonymous_18)","decl":{"start":{"line":52,"column":25},"end":{"line":52,"column":26}},"loc":{"start":{"line":52,"column":33},"end":{"line":52,"column":77}},"line":52},"19":{"name":"(anonymous_19)","decl":{"start":{"line":55,"column":4},"end":{"line":55,"column":5}},"loc":{"start":{"line":55,"column":31},"end":{"line":78,"column":5}},"line":55},"20":{"name":"(anonymous_20)","decl":{"start":{"line":56,"column":47},"end":{"line":56,"column":48}},"loc":{"start":{"line":56,"column":60},"end":{"line":77,"column":9}},"line":56},"21":{"name":"(anonymous_21)","decl":{"start":{"line":57,"column":13},"end":{"line":57,"column":14}},"loc":{"start":{"line":57,"column":28},"end":{"line":76,"column":13}},"line":57},"22":{"name":"(anonymous_22)","decl":{"start":{"line":58,"column":55},"end":{"line":58,"column":56}},"loc":{"start":{"line":58,"column":68},"end":{"line":75,"column":17}},"line":58},"23":{"name":"(anonymous_23)","decl":{"start":{"line":76,"column":25},"end":{"line":76,"column":26}},"loc":{"start":{"line":76,"column":33},"end":{"line":76,"column":90}},"line":76},"24":{"name":"(anonymous_24)","decl":{"start":{"line":79,"column":4},"end":{"line":79,"column":5}},"loc":{"start":{"line":79,"column":31},"end":{"line":99,"column":5}},"line":79},"25":{"name":"(anonymous_25)","decl":{"start":{"line":80,"column":47},"end":{"line":80,"column":48}},"loc":{"start":{"line":80,"column":60},"end":{"line":98,"column":9}},"line":80},"26":{"name":"(anonymous_26)","decl":{"start":{"line":81,"column":13},"end":{"line":81,"column":14}},"loc":{"start":{"line":81,"column":28},"end":{"line":97,"column":13}},"line":81},"27":{"name":"(anonymous_27)","decl":{"start":{"line":82,"column":55},"end":{"line":82,"column":56}},"loc":{"start":{"line":82,"column":68},"end":{"line":96,"column":17}},"line":82},"28":{"name":"(anonymous_28)","decl":{"start":{"line":97,"column":25},"end":{"line":97,"column":26}},"loc":{"start":{"line":97,"column":33},"end":{"line":97,"column":77}},"line":97},"29":{"name":"(anonymous_29)","decl":{"start":{"line":100,"column":4},"end":{"line":100,"column":5}},"loc":{"start":{"line":100,"column":33},"end":{"line":115,"column":5}},"line":100},"30":{"name":"(anonymous_30)","decl":{"start":{"line":101,"column":47},"end":{"line":101,"column":48}},"loc":{"start":{"line":101,"column":60},"end":{"line":114,"column":9}},"line":101},"31":{"name":"(anonymous_31)","decl":{"start":{"line":102,"column":13},"end":{"line":102,"column":14}},"loc":{"start":{"line":102,"column":28},"end":{"line":113,"column":13}},"line":102},"32":{"name":"(anonymous_32)","decl":{"start":{"line":103,"column":55},"end":{"line":103,"column":56}},"loc":{"start":{"line":103,"column":68},"end":{"line":112,"column":17}},"line":103},"33":{"name":"(anonymous_33)","decl":{"start":{"line":113,"column":25},"end":{"line":113,"column":26}},"loc":{"start":{"line":113,"column":33},"end":{"line":113,"column":77}},"line":113},"34":{"name":"(anonymous_34)","decl":{"start":{"line":116,"column":4},"end":{"line":116,"column":5}},"loc":{"start":{"line":116,"column":31},"end":{"line":131,"column":5}},"line":116},"35":{"name":"(anonymous_35)","decl":{"start":{"line":117,"column":47},"end":{"line":117,"column":48}},"loc":{"start":{"line":117,"column":60},"end":{"line":130,"column":9}},"line":117},"36":{"name":"(anonymous_36)","decl":{"start":{"line":118,"column":13},"end":{"line":118,"column":14}},"loc":{"start":{"line":118,"column":28},"end":{"line":129,"column":13}},"line":118},"37":{"name":"(anonymous_37)","decl":{"start":{"line":119,"column":55},"end":{"line":119,"column":56}},"loc":{"start":{"line":119,"column":68},"end":{"line":128,"column":17}},"line":119},"38":{"name":"(anonymous_38)","decl":{"start":{"line":129,"column":25},"end":{"line":129,"column":26}},"loc":{"start":{"line":129,"column":33},"end":{"line":129,"column":77}},"line":129}},"branchMap":{"0":{"loc":{"start":{"line":2,"column":16},"end":{"line":10,"column":1}},"type":"binary-expr","locations":[{"start":{"line":2,"column":17},"end":{"line":2,"column":21}},{"start":{"line":2,"column":25},"end":{"line":2,"column":39}},{"start":{"line":2,"column":44},"end":{"line":10,"column":1}}],"line":2},"1":{"loc":{"start":{"line":3,"column":35},"end":{"line":3,"column":109}},"type":"cond-expr","locations":[{"start":{"line":3,"column":56},"end":{"line":3,"column":61}},{"start":{"line":3,"column":64},"end":{"line":3,"column":109}}],"line":3},"2":{"loc":{"start":{"line":4,"column":16},"end":{"line":4,"column":34}},"type":"binary-expr","locations":[{"start":{"line":4,"column":16},"end":{"line":4,"column":17}},{"start":{"line":4,"column":22},"end":{"line":4,"column":33}}],"line":4},"3":{"loc":{"start":{"line":7,"column":32},"end":{"line":7,"column":115}},"type":"cond-expr","locations":[{"start":{"line":7,"column":46},"end":{"line":7,"column":67}},{"start":{"line":7,"column":70},"end":{"line":7,"column":115}}],"line":7},"4":{"loc":{"start":{"line":8,"column":51},"end":{"line":8,"column":67}},"type":"binary-expr","locations":[{"start":{"line":8,"column":51},"end":{"line":8,"column":61}},{"start":{"line":8,"column":65},"end":{"line":8,"column":67}}],"line":8},"5":{"loc":{"start":{"line":11,"column":13},"end":{"line":21,"column":1}},"type":"binary-expr","locations":[{"start":{"line":11,"column":14},"end":{"line":11,"column":18}},{"start":{"line":11,"column":22},"end":{"line":11,"column":33}},{"start":{"line":11,"column":38},"end":{"line":21,"column":1}}],"line":11},"6":{"loc":{"start":{"line":13,"column":21},"end":{"line":14,"column":20}},"type":"if","locations":[{"start":{"line":13,"column":21},"end":{"line":14,"column":20}},{"start":{},"end":{}}],"line":13},"7":{"loc":{"start":{"line":13,"column":25},"end":{"line":13,"column":87}},"type":"binary-expr","locations":[{"start":{"line":13,"column":25},"end":{"line":13,"column":67}},{"start":{"line":13,"column":71},"end":{"line":13,"column":87}}],"line":13},"8":{"loc":{"start":{"line":15,"column":4},"end":{"line":19,"column":9}},"type":"if","locations":[{"start":{"line":15,"column":4},"end":{"line":19,"column":9}},{"start":{},"end":{}}],"line":15},"9":{"loc":{"start":{"line":15,"column":8},"end":{"line":15,"column":71}},"type":"binary-expr","locations":[{"start":{"line":15,"column":8},"end":{"line":15,"column":17}},{"start":{"line":15,"column":21},"end":{"line":15,"column":71}}],"line":15},"10":{"loc":{"start":{"line":17,"column":12},"end":{"line":18,"column":34}},"type":"if","locations":[{"start":{"line":17,"column":12},"end":{"line":18,"column":34}},{"start":{},"end":{}}],"line":17},"11":{"loc":{"start":{"line":17,"column":16},"end":{"line":17,"column":90}},"type":"binary-expr","locations":[{"start":{"line":17,"column":16},"end":{"line":17,"column":35}},{"start":{"line":17,"column":39},"end":{"line":17,"column":90}}],"line":17},"12":{"loc":{"start":{"line":22,"column":22},"end":{"line":24,"column":1}},"type":"binary-expr","locations":[{"start":{"line":22,"column":23},"end":{"line":22,"column":27}},{"start":{"line":22,"column":31},"end":{"line":22,"column":51}},{"start":{"line":22,"column":56},"end":{"line":24,"column":1}}],"line":22},"13":{"loc":{"start":{"line":23,"column":11},"end":{"line":23,"column":61}},"type":"cond-expr","locations":[{"start":{"line":23,"column":37},"end":{"line":23,"column":40}},{"start":{"line":23,"column":43},"end":{"line":23,"column":61}}],"line":23},"14":{"loc":{"start":{"line":23,"column":12},"end":{"line":23,"column":33}},"type":"binary-expr","locations":[{"start":{"line":23,"column":12},"end":{"line":23,"column":15}},{"start":{"line":23,"column":19},"end":{"line":23,"column":33}}],"line":23},"15":{"loc":{"start":{"line":85,"column":20},"end":{"line":88,"column":21}},"type":"if","locations":[{"start":{"line":85,"column":20},"end":{"line":88,"column":21}},{"start":{},"end":{}}],"line":85},"16":{"loc":{"start":{"line":90,"column":20},"end":{"line":95,"column":21}},"type":"if","locations":[{"start":{"line":90,"column":20},"end":{"line":95,"column":21}},{"start":{"line":93,"column":25},"end":{"line":95,"column":21}}],"line":90},"17":{"loc":{"start":{"line":106,"column":20},"end":{"line":111,"column":21}},"type":"if","locations":[{"start":{"line":106,"column":20},"end":{"line":111,"column":21}},{"start":{"line":109,"column":25},"end":{"line":111,"column":21}}],"line":106},"18":{"loc":{"start":{"line":122,"column":20},"end":{"line":127,"column":21}},"type":"if","locations":[{"start":{"line":122,"column":20},"end":{"line":127,"column":21}},{"start":{"line":125,"column":25},"end":{"line":127,"column":21}}],"line":122}},"s":{"0":1,"1":7,"2":0,"3":14,"4":7,"5":7,"6":0,"7":0,"8":0,"9":0,"10":21,"11":14,"12":1,"13":1,"14":1,"15":4,"16":4,"17":1,"18":1,"19":1,"20":1,"21":0,"22":0,"23":1,"24":1,"25":2,"26":1,"27":1,"28":1,"29":1,"30":1,"31":1,"32":2,"33":2,"34":2,"35":2,"36":2,"37":0,"38":0,"39":0,"40":0,"41":0,"42":0,"43":2,"44":2,"45":2,"46":2,"47":2,"48":2,"49":2,"50":2,"51":2,"52":2,"53":1,"54":1,"55":1,"56":1,"57":1,"58":1,"59":1,"60":1,"61":1,"62":1,"63":1,"64":1,"65":1,"66":0,"67":1,"68":0,"69":0,"70":0,"71":0,"72":0,"73":0,"74":0,"75":0,"76":0,"77":2,"78":2,"79":2,"80":2,"81":2,"82":2,"83":2,"84":0,"85":2,"86":1},"f":{"0":14,"1":7,"2":0,"3":14,"4":7,"5":0,"6":21,"7":1,"8":2,"9":2,"10":2,"11":2,"12":2,"13":2,"14":0,"15":0,"16":0,"17":0,"18":0,"19":2,"20":2,"21":2,"22":2,"23":2,"24":1,"25":1,"26":1,"27":1,"28":1,"29":0,"30":0,"31":0,"32":0,"33":0,"34":2,"35":2,"36":2,"37":2,"38":2},"b":{"0":[1,1,1],"1":[7,0],"2":[14,14],"3":[14,7],"4":[14,14],"5":[1,1,1],"6":[4,0],"7":[4,4],"8":[1,0],"9":[1,1],"10":[0,0],"11":[0,0],"12":[1,1,1],"13":[0,2],"14":[2,2],"15":[1,0],"16":[1,0],"17":[0,0],"18":[2,0]},"_coverageSchema":"1a1c01bbd47fc00a2c39e90264f33305004495a9","hash":"36b4b22f4b93cd41c6594f1264a2360afdeb4c2e"}
,"C:\\Users\\Javier Retondo\\Downloads\\curso-node-restserver-4.0.0\\to-do-list\\dist\\api\\components\\users\\user.middleware.js": {"path":"C:\\Users\\Javier Retondo\\Downloads\\curso-node-restserver-4.0.0\\to-do-list\\dist\\api\\components\\users\\user.middleware.js","statementMap":{"0":{"start":{"line":2,"column":22},"end":{"line":4,"column":1}},"1":{"start":{"line":3,"column":4},"end":{"line":3,"column":62}},"2":{"start":{"line":5,"column":0},"end":{"line":5,"column":62}},"3":{"start":{"line":6,"column":0},"end":{"line":6,"column":24}},"4":{"start":{"line":7,"column":28},"end":{"line":7,"column":56}},"5":{"start":{"line":8,"column":17},"end":{"line":8,"column":50}},"6":{"start":{"line":9,"column":16},"end":{"line":9,"column":48}},"7":{"start":{"line":10,"column":23},"end":{"line":10,"column":80}},"8":{"start":{"line":11,"column":22},"end":{"line":11,"column":53}},"9":{"start":{"line":14,"column":8},"end":{"line":14,"column":16}},"10":{"start":{"line":15,"column":8},"end":{"line":15,"column":33}},"11":{"start":{"line":16,"column":8},"end":{"line":16,"column":42}},"12":{"start":{"line":17,"column":8},"end":{"line":17,"column":32}},"13":{"start":{"line":18,"column":8},"end":{"line":25,"column":10}},"14":{"start":{"line":26,"column":8},"end":{"line":32,"column":10}},"15":{"start":{"line":33,"column":8},"end":{"line":35,"column":10}},"16":{"start":{"line":38,"column":0},"end":{"line":38,"column":24}}},"fnMap":{"0":{"name":"(anonymous_0)","decl":{"start":{"line":2,"column":56},"end":{"line":2,"column":57}},"loc":{"start":{"line":2,"column":71},"end":{"line":4,"column":1}},"line":2},"1":{"name":"(anonymous_1)","decl":{"start":{"line":13,"column":4},"end":{"line":13,"column":5}},"loc":{"start":{"line":13,"column":18},"end":{"line":36,"column":5}},"line":13}},"branchMap":{"0":{"loc":{"start":{"line":2,"column":22},"end":{"line":4,"column":1}},"type":"binary-expr","locations":[{"start":{"line":2,"column":23},"end":{"line":2,"column":27}},{"start":{"line":2,"column":31},"end":{"line":2,"column":51}},{"start":{"line":2,"column":56},"end":{"line":4,"column":1}}],"line":2},"1":{"loc":{"start":{"line":3,"column":11},"end":{"line":3,"column":61}},"type":"cond-expr","locations":[{"start":{"line":3,"column":37},"end":{"line":3,"column":40}},{"start":{"line":3,"column":43},"end":{"line":3,"column":61}}],"line":3},"2":{"loc":{"start":{"line":3,"column":12},"end":{"line":3,"column":33}},"type":"binary-expr","locations":[{"start":{"line":3,"column":12},"end":{"line":3,"column":15}},{"start":{"line":3,"column":19},"end":{"line":3,"column":33}}],"line":3}},"s":{"0":1,"1":1,"2":1,"3":1,"4":1,"5":1,"6":1,"7":1,"8":1,"9":1,"10":1,"11":1,"12":1,"13":1,"14":1,"15":1,"16":1},"f":{"0":1,"1":1},"b":{"0":[1,1,1],"1":[1,0],"2":[1,1]},"_coverageSchema":"1a1c01bbd47fc00a2c39e90264f33305004495a9","hash":"82ce348b3e08110d5bb14e4646980d935fb5c7ca"}
,"C:\\Users\\Javier Retondo\\Downloads\\curso-node-restserver-4.0.0\\to-do-list\\dist\\api\\components\\users\\user.model.js": {"path":"C:\\Users\\Javier Retondo\\Downloads\\curso-node-restserver-4.0.0\\to-do-list\\dist\\api\\components\\users\\user.model.js","statementMap":{"0":{"start":{"line":2,"column":20},"end":{"line":2,"column":40}},"1":{"start":{"line":3,"column":19},"end":{"line":3,"column":54}},"2":{"start":{"line":4,"column":17},"end":{"line":4,"column":50}},"3":{"start":{"line":5,"column":16},"end":{"line":5,"column":48}},"4":{"start":{"line":8,"column":0},"end":{"line":43,"column":3}},"5":{"start":{"line":44,"column":0},"end":{"line":44,"column":22}}},"fnMap":{},"branchMap":{},"s":{"0":1,"1":1,"2":1,"3":1,"4":1,"5":1},"f":{},"b":{},"_coverageSchema":"1a1c01bbd47fc00a2c39e90264f33305004495a9","hash":"ba9ce0c344c57ecd6b4a994fd9a1164778c53aca"}
,"C:\\Users\\Javier Retondo\\Downloads\\curso-node-restserver-4.0.0\\to-do-list\\dist\\api\\components\\users\\user.router.js": {"path":"C:\\Users\\Javier Retondo\\Downloads\\curso-node-restserver-4.0.0\\to-do-list\\dist\\api\\components\\users\\user.router.js","statementMap":{"0":{"start":{"line":2,"column":0},"end":{"line":2,"column":62}},"1":{"start":{"line":3,"column":0},"end":{"line":3,"column":28}},"2":{"start":{"line":4,"column":26},"end":{"line":4,"column":54}},"3":{"start":{"line":5,"column":17},"end":{"line":5,"column":50}},"4":{"start":{"line":6,"column":26},"end":{"line":6,"column":54}},"5":{"start":{"line":7,"column":16},"end":{"line":7,"column":48}},"6":{"start":{"line":10,"column":8},"end":{"line":10,"column":91}},"7":{"start":{"line":13,"column":8},"end":{"line":19,"column":193}},"8":{"start":{"line":22,"column":0},"end":{"line":22,"column":32}}},"fnMap":{"0":{"name":"(anonymous_0)","decl":{"start":{"line":9,"column":4},"end":{"line":9,"column":5}},"loc":{"start":{"line":9,"column":18},"end":{"line":11,"column":5}},"line":9},"1":{"name":"(anonymous_1)","decl":{"start":{"line":12,"column":4},"end":{"line":12,"column":5}},"loc":{"start":{"line":12,"column":13},"end":{"line":20,"column":5}},"line":12}},"branchMap":{},"s":{"0":1,"1":1,"2":1,"3":1,"4":1,"5":1,"6":1,"7":1,"8":1},"f":{"0":1,"1":1},"b":{},"_coverageSchema":"1a1c01bbd47fc00a2c39e90264f33305004495a9","hash":"660d04d8fcf1d9be7cd6b16bc9f33b64d4632b58"}
,"C:\\Users\\Javier Retondo\\Downloads\\curso-node-restserver-4.0.0\\to-do-list\\dist\\common\\enums.js": {"path":"C:\\Users\\Javier Retondo\\Downloads\\curso-node-restserver-4.0.0\\to-do-list\\dist\\common\\enums.js","statementMap":{"0":{"start":{"line":2,"column":0},"end":{"line":2,"column":62}},"1":{"start":{"line":3,"column":0},"end":{"line":3,"column":48}},"2":{"start":{"line":5,"column":0},"end":{"line":8,"column":50}},"3":{"start":{"line":6,"column":4},"end":{"line":6,"column":39}},"4":{"start":{"line":7,"column":4},"end":{"line":7,"column":37}},"5":{"start":{"line":10,"column":0},"end":{"line":16,"column":77}},"6":{"start":{"line":11,"column":4},"end":{"line":11,"column":42}},"7":{"start":{"line":12,"column":4},"end":{"line":12,"column":44}},"8":{"start":{"line":13,"column":4},"end":{"line":13,"column":46}},"9":{"start":{"line":14,"column":4},"end":{"line":14,"column":44}},"10":{"start":{"line":15,"column":4},"end":{"line":15,"column":50}}},"fnMap":{"0":{"name":"(anonymous_0)","decl":{"start":{"line":5,"column":1},"end":{"line":5,"column":2}},"loc":{"start":{"line":5,"column":18},"end":{"line":8,"column":1}},"line":5},"1":{"name":"(anonymous_1)","decl":{"start":{"line":10,"column":1},"end":{"line":10,"column":2}},"loc":{"start":{"line":10,"column":27},"end":{"line":16,"column":1}},"line":10}},"branchMap":{"0":{"loc":{"start":{"line":8,"column":11},"end":{"line":8,"column":48}},"type":"binary-expr","locations":[{"start":{"line":8,"column":11},"end":{"line":8,"column":24}},{"start":{"line":8,"column":29},"end":{"line":8,"column":47}}],"line":8},"1":{"loc":{"start":{"line":16,"column":20},"end":{"line":16,"column":75}},"type":"binary-expr","locations":[{"start":{"line":16,"column":20},"end":{"line":16,"column":42}},{"start":{"line":16,"column":47},"end":{"line":16,"column":74}}],"line":16}},"s":{"0":1,"1":1,"2":1,"3":1,"4":1,"5":1,"6":1,"7":1,"8":1,"9":1,"10":1},"f":{"0":1,"1":1},"b":{"0":[1,1],"1":[1,1]},"_coverageSchema":"1a1c01bbd47fc00a2c39e90264f33305004495a9","hash":"a1fad58fd361fe3821272d89f921eb6508f38627"}
,"C:\\Users\\Javier Retondo\\Downloads\\curso-node-restserver-4.0.0\\to-do-list\\dist\\common\\tables.js": {"path":"C:\\Users\\Javier Retondo\\Downloads\\curso-node-restserver-4.0.0\\to-do-list\\dist\\common\\tables.js","statementMap":{"0":{"start":{"line":2,"column":0},"end":{"line":2,"column":62}},"1":{"start":{"line":3,"column":0},"end":{"line":3,"column":24}},"2":{"start":{"line":4,"column":0},"end":{"line":33,"column":2}}},"fnMap":{},"branchMap":{},"s":{"0":1,"1":1,"2":1},"f":{},"b":{},"_coverageSchema":"1a1c01bbd47fc00a2c39e90264f33305004495a9","hash":"fd8c9bdefa3634ee4dd0912c2afda25ea5368b55"}
,"C:\\Users\\Javier Retondo\\Downloads\\curso-node-restserver-4.0.0\\to-do-list\\dist\\config\\config.js": {"path":"C:\\Users\\Javier Retondo\\Downloads\\curso-node-restserver-4.0.0\\to-do-list\\dist\\config\\config.js","statementMap":{"0":{"start":{"line":2,"column":22},"end":{"line":12,"column":3}},"1":{"start":{"line":3,"column":4},"end":{"line":3,"column":33}},"2":{"start":{"line":3,"column":26},"end":{"line":3,"column":33}},"3":{"start":{"line":4,"column":15},"end":{"line":4,"column":52}},"4":{"start":{"line":5,"column":4},"end":{"line":7,"column":5}},"5":{"start":{"line":6,"column":6},"end":{"line":6,"column":68}},"6":{"start":{"line":6,"column":51},"end":{"line":6,"column":63}},"7":{"start":{"line":8,"column":4},"end":{"line":8,"column":39}},"8":{"start":{"line":10,"column":4},"end":{"line":10,"column":33}},"9":{"start":{"line":10,"column":26},"end":{"line":10,"column":33}},"10":{"start":{"line":11,"column":4},"end":{"line":11,"column":17}},"11":{"start":{"line":13,"column":25},"end":{"line":17,"column":2}},"12":{"start":{"line":14,"column":4},"end":{"line":14,"column":72}},"13":{"start":{"line":16,"column":4},"end":{"line":16,"column":21}},"14":{"start":{"line":18,"column":19},"end":{"line":24,"column":1}},"15":{"start":{"line":19,"column":4},"end":{"line":19,"column":42}},"16":{"start":{"line":19,"column":31},"end":{"line":19,"column":42}},"17":{"start":{"line":20,"column":17},"end":{"line":20,"column":19}},"18":{"start":{"line":21,"column":4},"end":{"line":21,"column":141}},"19":{"start":{"line":21,"column":21},"end":{"line":21,"column":141}},"20":{"start":{"line":21,"column":40},"end":{"line":21,"column":141}},"21":{"start":{"line":21,"column":109},"end":{"line":21,"column":141}},"22":{"start":{"line":22,"column":4},"end":{"line":22,"column":36}},"23":{"start":{"line":23,"column":4},"end":{"line":23,"column":18}},"24":{"start":{"line":25,"column":0},"end":{"line":25,"column":62}},"25":{"start":{"line":26,"column":0},"end":{"line":26,"column":30}},"26":{"start":{"line":27,"column":15},"end":{"line":27,"column":46}},"27":{"start":{"line":28,"column":13},"end":{"line":28,"column":42}},"28":{"start":{"line":29,"column":0},"end":{"line":31,"column":3}},"29":{"start":{"line":35,"column":8},"end":{"line":35,"column":32}},"30":{"start":{"line":38,"column":8},"end":{"line":38,"column":48}},"31":{"start":{"line":41,"column":23},"end":{"line":41,"column":30}},"32":{"start":{"line":42,"column":8},"end":{"line":45,"column":9}},"33":{"start":{"line":43,"column":34},"end":{"line":43,"column":49}},"34":{"start":{"line":44,"column":12},"end":{"line":44,"column":45}},"35":{"start":{"line":46,"column":8},"end":{"line":46,"column":38}},"36":{"start":{"line":49,"column":8},"end":{"line":55,"column":10}},"37":{"start":{"line":58,"column":0},"end":{"line":58,"column":36}}},"fnMap":{"0":{"name":"(anonymous_0)","decl":{"start":{"line":2,"column":74},"end":{"line":2,"column":75}},"loc":{"start":{"line":2,"column":96},"end":{"line":9,"column":1}},"line":2},"1":{"name":"(anonymous_1)","decl":{"start":{"line":6,"column":38},"end":{"line":6,"column":39}},"loc":{"start":{"line":6,"column":49},"end":{"line":6,"column":65}},"line":6},"2":{"name":"(anonymous_2)","decl":{"start":{"line":9,"column":6},"end":{"line":9,"column":7}},"loc":{"start":{"line":9,"column":28},"end":{"line":12,"column":1}},"line":9},"3":{"name":"(anonymous_3)","decl":{"start":{"line":13,"column":80},"end":{"line":13,"column":81}},"loc":{"start":{"line":13,"column":95},"end":{"line":15,"column":1}},"line":13},"4":{"name":"(anonymous_4)","decl":{"start":{"line":15,"column":5},"end":{"line":15,"column":6}},"loc":{"start":{"line":15,"column":20},"end":{"line":17,"column":1}},"line":15},"5":{"name":"(anonymous_5)","decl":{"start":{"line":18,"column":50},"end":{"line":18,"column":51}},"loc":{"start":{"line":18,"column":65},"end":{"line":24,"column":1}},"line":18},"6":{"name":"(anonymous_6)","decl":{"start":{"line":33,"column":4},"end":{"line":33,"column":5}},"loc":{"start":{"line":33,"column":18},"end":{"line":33,"column":21}},"line":33},"7":{"name":"(anonymous_7)","decl":{"start":{"line":34,"column":4},"end":{"line":34,"column":5}},"loc":{"start":{"line":34,"column":24},"end":{"line":36,"column":5}},"line":34},"8":{"name":"(anonymous_8)","decl":{"start":{"line":37,"column":4},"end":{"line":37,"column":5}},"loc":{"start":{"line":37,"column":30},"end":{"line":39,"column":5}},"line":37},"9":{"name":"(anonymous_9)","decl":{"start":{"line":40,"column":4},"end":{"line":40,"column":5}},"loc":{"start":{"line":40,"column":24},"end":{"line":47,"column":5}},"line":40},"10":{"name":"(anonymous_10)","decl":{"start":{"line":48,"column":4},"end":{"line":48,"column":5}},"loc":{"start":{"line":48,"column":23},"end":{"line":56,"column":5}},"line":48}},"branchMap":{"0":{"loc":{"start":{"line":2,"column":22},"end":{"line":12,"column":3}},"type":"binary-expr","locations":[{"start":{"line":2,"column":23},"end":{"line":2,"column":27}},{"start":{"line":2,"column":31},"end":{"line":2,"column":51}},{"start":{"line":2,"column":57},"end":{"line":12,"column":2}}],"line":2},"1":{"loc":{"start":{"line":2,"column":57},"end":{"line":12,"column":2}},"type":"cond-expr","locations":[{"start":{"line":2,"column":74},"end":{"line":9,"column":1}},{"start":{"line":9,"column":6},"end":{"line":12,"column":1}}],"line":2},"2":{"loc":{"start":{"line":3,"column":4},"end":{"line":3,"column":33}},"type":"if","locations":[{"start":{"line":3,"column":4},"end":{"line":3,"column":33}},{"start":{},"end":{}}],"line":3},"3":{"loc":{"start":{"line":5,"column":4},"end":{"line":7,"column":5}},"type":"if","locations":[{"start":{"line":5,"column":4},"end":{"line":7,"column":5}},{"start":{},"end":{}}],"line":5},"4":{"loc":{"start":{"line":5,"column":8},"end":{"line":5,"column":85}},"type":"binary-expr","locations":[{"start":{"line":5,"column":8},"end":{"line":5,"column":13}},{"start":{"line":5,"column":18},"end":{"line":5,"column":84}}],"line":5},"5":{"loc":{"start":{"line":5,"column":18},"end":{"line":5,"column":84}},"type":"cond-expr","locations":[{"start":{"line":5,"column":34},"end":{"line":5,"column":47}},{"start":{"line":5,"column":50},"end":{"line":5,"column":84}}],"line":5},"6":{"loc":{"start":{"line":5,"column":50},"end":{"line":5,"column":84}},"type":"binary-expr","locations":[{"start":{"line":5,"column":50},"end":{"line":5,"column":63}},{"start":{"line":5,"column":67},"end":{"line":5,"column":84}}],"line":5},"7":{"loc":{"start":{"line":10,"column":4},"end":{"line":10,"column":33}},"type":"if","locations":[{"start":{"line":10,"column":4},"end":{"line":10,"column":33}},{"start":{},"end":{}}],"line":10},"8":{"loc":{"start":{"line":13,"column":25},"end":{"line":17,"column":2}},"type":"binary-expr","locations":[{"start":{"line":13,"column":26},"end":{"line":13,"column":30}},{"start":{"line":13,"column":34},"end":{"line":13,"column":57}},{"start":{"line":13,"column":63},"end":{"line":17,"column":1}}],"line":13},"9":{"loc":{"start":{"line":13,"column":63},"end":{"line":17,"column":1}},"type":"cond-expr","locations":[{"start":{"line":13,"column":80},"end":{"line":15,"column":1}},{"start":{"line":15,"column":5},"end":{"line":17,"column":1}}],"line":13},"10":{"loc":{"start":{"line":18,"column":19},"end":{"line":24,"column":1}},"type":"binary-expr","locations":[{"start":{"line":18,"column":20},"end":{"line":18,"column":24}},{"start":{"line":18,"column":28},"end":{"line":18,"column":45}},{"start":{"line":18,"column":50},"end":{"line":24,"column":1}}],"line":18},"11":{"loc":{"start":{"line":19,"column":4},"end":{"line":19,"column":42}},"type":"if","locations":[{"start":{"line":19,"column":4},"end":{"line":19,"column":42}},{"start":{},"end":{}}],"line":19},"12":{"loc":{"start":{"line":19,"column":8},"end":{"line":19,"column":29}},"type":"binary-expr","locations":[{"start":{"line":19,"column":8},"end":{"line":19,"column":11}},{"start":{"line":19,"column":15},"end":{"line":19,"column":29}}],"line":19},"13":{"loc":{"start":{"line":21,"column":4},"end":{"line":21,"column":141}},"type":"if","locations":[{"start":{"line":21,"column":4},"end":{"line":21,"column":141}},{"start":{},"end":{}}],"line":21},"14":{"loc":{"start":{"line":21,"column":40},"end":{"line":21,"column":141}},"type":"if","locations":[{"start":{"line":21,"column":40},"end":{"line":21,"column":141}},{"start":{},"end":{}}],"line":21},"15":{"loc":{"start":{"line":21,"column":44},"end":{"line":21,"column":107}},"type":"binary-expr","locat
[...]
d":{"line":49,"column":5}},"line":21},"9":{"name":"(anonymous_9)","decl":{"start":{"line":22,"column":47},"end":{"line":22,"column":48}},"loc":{"start":{"line":22,"column":60},"end":{"line":48,"column":9}},"line":22},"10":{"name":"(anonymous_10)","decl":{"start":{"line":50,"column":4},"end":{"line":50,"column":5}},"loc":{"start":{"line":50,"column":36},"end":{"line":56,"column":5}},"line":50},"11":{"name":"(anonymous_11)","decl":{"start":{"line":57,"column":4},"end":{"line":57,"column":5}},"loc":{"start":{"line":57,"column":28},"end":{"line":73,"column":5}},"line":57},"12":{"name":"(anonymous_12)","decl":{"start":{"line":58,"column":15},"end":{"line":58,"column":16}},"loc":{"start":{"line":58,"column":35},"end":{"line":72,"column":9}},"line":58}},"branchMap":{"0":{"loc":{"start":{"line":2,"column":16},"end":{"line":10,"column":1}},"type":"binary-expr","locations":[{"start":{"line":2,"column":17},"end":{"line":2,"column":21}},{"start":{"line":2,"column":25},"end":{"line":2,"column":39}},{"start":{"line":2,"column":44},"end":{"line":10,"column":1}}],"line":2},"1":{"loc":{"start":{"line":3,"column":35},"end":{"line":3,"column":109}},"type":"cond-expr","locations":[{"start":{"line":3,"column":56},"end":{"line":3,"column":61}},{"start":{"line":3,"column":64},"end":{"line":3,"column":109}}],"line":3},"2":{"loc":{"start":{"line":4,"column":16},"end":{"line":4,"column":34}},"type":"binary-expr","locations":[{"start":{"line":4,"column":16},"end":{"line":4,"column":17}},{"start":{"line":4,"column":22},"end":{"line":4,"column":33}}],"line":4},"3":{"loc":{"start":{"line":7,"column":32},"end":{"line":7,"column":115}},"type":"cond-expr","locations":[{"start":{"line":7,"column":46},"end":{"line":7,"column":67}},{"start":{"line":7,"column":70},"end":{"line":7,"column":115}}],"line":7},"4":{"loc":{"start":{"line":8,"column":51},"end":{"line":8,"column":67}},"type":"binary-expr","locations":[{"start":{"line":8,"column":51},"end":{"line":8,"column":61}},{"start":{"line":8,"column":65},"end":{"line":8,"column":67}}],"line":8},"5":{"loc":{"start":{"line":11,"column":22},"end":{"line":13,"column":1}},"type":"binary-expr","locations":[{"start":{"line":11,"column":23},"end":{"line":11,"column":27}},{"start":{"line":11,"column":31},"end":{"line":11,"column":51}},{"start":{"line":11,"column":56},"end":{"line":13,"column":1}}],"line":11},"6":{"loc":{"start":{"line":12,"column":11},"end":{"line":12,"column":61}},"type":"cond-expr","locations":[{"start":{"line":12,"column":37},"end":{"line":12,"column":40}},{"start":{"line":12,"column":43},"end":{"line":12,"column":61}}],"line":12},"7":{"loc":{"start":{"line":12,"column":12},"end":{"line":12,"column":33}},"type":"binary-expr","locations":[{"start":{"line":12,"column":12},"end":{"line":12,"column":15}},{"start":{"line":12,"column":19},"end":{"line":12,"column":33}}],"line":12},"8":{"loc":{"start":{"line":24,"column":12},"end":{"line":26,"column":13}},"type":"if","locations":[{"start":{"line":24,"column":12},"end":{"line":26,"column":13}},{"start":{},"end":{}}],"line":24},"9":{"loc":{"start":{"line":28,"column":74},"end":{"line":28,"column":108}},"type":"binary-expr","locations":[{"start":{"line":28,"column":74},"end":{"line":28,"column":96}},{"start":{"line":28,"column":100},"end":{"line":28,"column":108}}],"line":28},"10":{"loc":{"start":{"line":30,"column":16},"end":{"line":33,"column":17}},"type":"if","locations":[{"start":{"line":30,"column":16},"end":{"line":33,"column":17}},{"start":{},"end":{}}],"line":30},"11":{"loc":{"start":{"line":30,"column":22},"end":{"line":30,"column":84}},"type":"cond-expr","locations":[{"start":{"line":30,"column":57},"end":{"line":30,"column":63}},{"start":{"line":30,"column":66},"end":{"line":30,"column":84}}],"line":30},"12":{"loc":{"start":{"line":30,"column":22},"end":{"line":30,"column":54}},"type":"binary-expr","locations":[{"start":{"line":30,"column":22},"end":{"line":30,"column":35}},{"start":{"line":30,"column":39},"end":{"line":30,"column":54}}],"line":30},"13":{"loc":{"start":{"line":34,"column":16},"end":{"line":37,"column":17}},"type":"if","locations":[{"start":{"line":34,"column":16},"end":{"line":37,"column":17}},{"start":{},"end":{}}],"line":34},"14":{"loc":{"start":{"line":52,"column":8},"end":{"line":54,"column":9}},"type":"if","locations":[{"start":{"line":52,"column":8},"end":{"line":54,"column":9}},{"start":{},"end":{}}],"line":52},"15":{"loc":{"start":{"line":59,"column":12},"end":{"line":67,"column":13}},"type":"if","locations":[{"start":{"line":59,"column":12},"end":{"line":67,"column":13}},{"start":{},"end":{}}],"line":59},"16":{"loc":{"start":{"line":68,"column":12},"end":{"line":70,"column":13}},"type":"if","locations":[{"start":{"line":68,"column":12},"end":{"line":70,"column":13}},{"start":{},"end":{}}],"line":68}},"s":{"0":1,"1":13,"2":0,"3":14,"4":13,"5":13,"6":0,"7":0,"8":0,"9":0,"10":27,"11":14,"12":1,"13":2,"14":1,"15":1,"16":1,"17":1,"18":1,"19":1,"20":14,"21":14,"22":14,"23":1,"24":13,"25":13,"26":13,"27":13,"28":0,"29":0,"30":13,"31":0,"32":0,"33":13,"34":13,"35":0,"36":17,"37":17,"38":5,"39":12,"40":10,"41":13,"42":0,"43":13,"44":1,"45":12,"46":1},"f":{"0":14,"1":13,"2":0,"3":14,"4":13,"5":0,"6":27,"7":2,"8":14,"9":14,"10":17,"11":10,"12":13},"b":{"0":[1,1,1],"1":[13,0],"2":[14,14],"3":[14,13],"4":[14,14],"5":[1,1,1],"6":[0,2],"7":[2,2],"8":[1,13],"9":[13,0],"10":[0,13],"11":[0,13],"12":[13,13],"13":[0,13],"14":[5,12],"15":[0,13],"16":[1,12]},"_coverageSchema":"1a1c01bbd47fc00a2c39e90264f33305004495a9","hash":"7dbbe85fae883e4df703ac5ed140a9e0c06cd926"}
,"C:\\Users\\Javier Retondo\\Downloads\\curso-node-restserver-4.0.0\\to-do-list\\dist\\models\\router.js": {"path":"C:\\Users\\Javier Retondo\\Downloads\\curso-node-restserver-4.0.0\\to-do-list\\dist\\models\\router.js","statementMap":{"0":{"start":{"line":2,"column":0},"end":{"line":2,"column":62}},"1":{"start":{"line":3,"column":0},"end":{"line":3,"column":28}},"2":{"start":{"line":4,"column":18},"end":{"line":4,"column":36}},"3":{"start":{"line":7,"column":8},"end":{"line":7,"column":39}},"4":{"start":{"line":8,"column":8},"end":{"line":8,"column":35}},"5":{"start":{"line":9,"column":8},"end":{"line":9,"column":46}},"6":{"start":{"line":10,"column":8},"end":{"line":10,"column":44}},"7":{"start":{"line":11,"column":8},"end":{"line":11,"column":44}},"8":{"start":{"line":12,"column":8},"end":{"line":12,"column":22}},"9":{"start":{"line":16,"column":0},"end":{"line":16,"column":32}}},"fnMap":{"0":{"name":"(anonymous_0)","decl":{"start":{"line":6,"column":4},"end":{"line":6,"column":5}},"loc":{"start":{"line":6,"column":66},"end":{"line":13,"column":5}},"line":6},"1":{"name":"(anonymous_1)","decl":{"start":{"line":14,"column":4},"end":{"line":14,"column":5}},"loc":{"start":{"line":14,"column":13},"end":{"line":14,"column":16}},"line":14}},"branchMap":{},"s":{"0":1,"1":1,"2":1,"3":3,"4":3,"5":3,"6":3,"7":3,"8":3,"9":1},"f":{"0":3,"1":0},"b":{},"_coverageSchema":"1a1c01bbd47fc00a2c39e90264f33305004495a9","hash":"d25174b04404c8d06aa9a3ea48a111ba4d9d6b60"}
,"C:\\Users\\Javier Retondo\\Downloads\\curso-node-restserver-4.0.0\\to-do-list\\dist\\models\\server.js": {"path":"C:\\Users\\Javier Retondo\\Downloads\\curso-node-restserver-4.0.0\\to-do-list\\dist\\models\\server.js","statementMap":{"0":{"start":{"line":2,"column":16},"end":{"line":10,"column":1}},"1":{"start":{"line":3,"column":28},"end":{"line":3,"column":110}},"2":{"start":{"line":3,"column":91},"end":{"line":3,"column":106}},"3":{"start":{"line":4,"column":4},"end":{"line":9,"column":7}},"4":{"start":{"line":5,"column":36},"end":{"line":5,"column":97}},"5":{"start":{"line":5,"column":42},"end":{"line":5,"column":70}},"6":{"start":{"line":5,"column":85},"end":{"line":5,"column":95}},"7":{"start":{"line":6,"column":35},"end":{"line":6,"column":100}},"8":{"start":{"line":6,"column":41},"end":{"line":6,"column":73}},"9":{"start":{"line":6,"column":88},"end":{"line":6,"column":98}},"10":{"start":{"line":7,"column":32},"end":{"line":7,"column":116}},"11":{"start":{"line":8,"column":8},"end":{"line":8,"column":78}},"12":{"start":{"line":11,"column":22},"end":{"line":13,"column":1}},"13":{"start":{"line":12,"column":4},"end":{"line":12,"column":62}},"14":{"start":{"line":14,"column":0},"end":{"line":14,"column":62}},"15":{"start":{"line":15,"column":0},"end":{"line":15,"column":24}},"16":{"start":{"line":16,"column":18},"end":{"line":16,"column":53}},"17":{"start":{"line":17,"column":17},"end":{"line":17,"column":51}},"18":{"start":{"line":18,"column":15},"end":{"line":18,"column":47}},"19":{"start":{"line":19,"column":22},"end":{"line":19,"column":68}},"20":{"start":{"line":20,"column":17},"end":{"line":20,"column":44}},"21":{"start":{"line":21,"column":23},"end":{"line":21,"column":70}},"22":{"start":{"line":22,"column":22},"end":{"line":22,"column":67}},"23":{"start":{"line":23,"column":19},"end":{"line":23,"column":48}},"24":{"start":{"line":24,"column":29},"end":{"line":24,"column":75}},"25":{"start":{"line":25,"column":15},"end":{"line":25,"column":47}},"26":{"start":{"line":26,"column":20},"end":{"line":26,"column":51}},"27":{"start":{"line":29,"column":8},"end":{"line":29,"column":16}},"28":{"start":{"line":30,"column":8},"end":{"line":30,"column":54}},"29":{"start":{"line":31,"column":8},"end":{"line":40,"column":11}},"30":{"start":{"line":31,"column":32},"end":{"line":40,"column":10}},"31":{"start":{"line":32,"column":12},"end":{"line":39,"column":13}},"32":{"start":{"line":33,"column":16},"end":{"line":33,"column":58}},"33":{"start":{"line":34,"column":16},"end":{"line":34,"column":50}},"34":{"start":{"line":35,"column":16},"end":{"line":35,"column":66}},"35":{"start":{"line":38,"column":16},"end":{"line":38,"column":92}},"36":{"start":{"line":41,"column":8},"end":{"line":41,"column":44}},"37":{"start":{"line":42,"column":8},"end":{"line":42,"column":26}},"38":{"start":{"line":43,"column":8},"end":{"line":43,"column":22}},"39":{"start":{"line":44,"column":8},"end":{"line":44,"column":22}},"40":{"start":{"line":47,"column":8},"end":{"line":47,"column":51}},"41":{"start":{"line":48,"column":8},"end":{"line":48,"column":44}},"42":{"start":{"line":49,"column":8},"end":{"line":49,"column":47}},"43":{"start":{"line":50,"column":8},"end":{"line":50,"column":72}},"44":{"start":{"line":53,"column":8},"end":{"line":53,"column":45}},"45":{"start":{"line":54,"column":8},"end":{"line":54,"column":79}},"46":{"start":{"line":55,"column":8},"end":{"line":55,"column":131}},"47":{"start":{"line":56,"column":8},"end":{"line":56,"column":119}},"48":{"start":{"line":56,"column":46},"end":{"line":56,"column":117}},"49":{"start":{"line":57,"column":8},"end":{"line":59,"column":11}},"50":{"start":{"line":58,"column":12},"end":{"line":58,"column":117}},"51":{"start":{"line":62,"column":8},"end":{"line":66,"column":10}},"52":{"start":{"line":69,"column":8},"end":{"line":71,"column":11}},"53":{"start":{"line":70,"column":12},"end":{"line":70,"column":53}},"54":{"start":{"line":74,"column":0},"end":{"line":74,"column":24}}},"fnMap":{"0":{"name":"(anonymous_0)","decl":{"start":{"line":2,"column":44},"end":{"line":2,"column":45}},"loc":{"start":{"line":2,"column":89},"end":{"line":10,"column":1}},"line":2},"1":{"name":"adopt","decl":{"start":{"line":3,"column":13},"end":{"line":3,"column":18}},"loc":{"start":{"line":3,"column":26},"end":{"line":3,"column":112}},"line":3},"2":{"name":"(anonymous_2)","decl":{"start":{"line":3,"column":70},"end":{"line":3,"column":71}},"loc":{"start":{"line":3,"column":89},"end":{"line":3,"column":108}},"line":3},"3":{"name":"(anonymous_3)","decl":{"start":{"line":4,"column":36},"end":{"line":4,"column":37}},"loc":{"start":{"line":4,"column":63},"end":{"line":9,"column":5}},"line":4},"4":{"name":"fulfilled","decl":{"start":{"line":5,"column":17},"end":{"line":5,"column":26}},"loc":{"start":{"line":5,"column":34},"end":{"line":5,"column":99}},"line":5},"5":{"name":"rejected","decl":{"start":{"line":6,"column":17},"end":{"line":6,"column":25}},"loc":{"start":{"line":6,"column":33},"end":{"line":6,"column":102}},"line":6},"6":{"name":"step","decl":{"start":{"line":7,"column":17},"end":{"line":7,"column":21}},"loc":{"start":{"line":7,"column":30},"end":{"line":7,"column":118}},"line":7},"7":{"name":"(anonymous_7)","decl":{"start":{"line":11,"column":56},"end":{"line":11,"column":57}},"loc":{"start":{"line":11,"column":71},"end":{"line":13,"column":1}},"line":11},"8":{"name":"(anonymous_8)","decl":{"start":{"line":28,"column":4},"end":{"line":28,"column":5}},"loc":{"start":{"line":28,"column":18},"end":{"line":45,"column":5}},"line":28},"9":{"name":"(anonymous_9)","decl":{"start":{"line":31,"column":26},"end":{"line":31,"column":27}},"loc":{"start":{"line":31,"column":32},"end":{"line":40,"column":10}},"line":31},"10":{"name":"(anonymous_10)","decl":{"start":{"line":31,"column":64},"end":{"line":31,"column":65}},"loc":{"start":{"line":31,"column":77},"end":{"line":40,"column":9}},"line":31},"11":{"name":"(anonymous_11)","decl":{"start":{"line":46,"column":4},"end":{"line":46,"column":5}},"loc":{"start":{"line":46,"column":13},"end":{"line":51,"column":5}},"line":46},"12":{"name":"(anonymous_12)","decl":{"start":{"line":52,"column":4},"end":{"line":52,"column":5}},"loc":{"start":{"line":52,"column":13},"end":{"line":60,"column":5}},"line":52},"13":{"name":"(anonymous_13)","decl":{"start":{"line":56,"column":21},"end":{"line":56,"column":22}},"loc":{"start":{"line":56,"column":46},"end":{"line":56,"column":117}},"line":56},"14":{"name":"(anonymous_14)","decl":{"start":{"line":57,"column":26},"end":{"line":57,"column":27}},"loc":{"start":{"line":57,"column":40},"end":{"line":59,"column":9}},"line":57},"15":{"name":"(anonymous_15)","decl":{"start":{"line":61,"column":4},"end":{"line":61,"column":5}},"loc":{"start":{"line":61,"column":14},"end":{"line":67,"column":5}},"line":61},"16":{"name":"(anonymous_16)","decl":{"start":{"line":68,"column":4},"end":{"line":68,"column":5}},"loc":{"start":{"line":68,"column":12},"end":{"line":72,"column":5}},"line":68},"17":{"name":"(anonymous_17)","decl":{"start":{"line":69,"column":35},"end":{"line":69,"column":36}},"loc":{"start":{"line":69,"column":41},"end":{"line":71,"column":9}},"line":69}},"branchMap":{"0":{"loc":{"start":{"line":2,"column":16},"end":{"line":10,"column":1}},"type":"binary-expr","locations":[{"start":{"line":2,"column":17},"end":{"line":2,"column":21}},{"start":{"line":2,"column":25},"end":{"line":2,"column":39}},{"start":{"line":2,"column":44},"end":{"line":10,"column":1}}],"line":2},"1":{"loc":{"start":{"line":3,"column":35},"end":{"line":3,"column":109}},"type":"cond-expr","locations":[{"start":{"line":3,"column":56},"end":{"line":3,"column":61}},{"start":{"line":3,"column":64},"end":{"line":3,"column":109}}],"line":3},"2":{"loc":{"start":{"line":4,"column":16},"end":{"line":4,"column":34}},"type":"binary-expr","locations":[{"start":{"line":4,"column":16},"end":{"line":4,"column":17}},{"start":{"line":4,"column":22},"end":{"line":4,"column":33}}],"line":4},"3":{"loc":{"start":{"line":7,"column":32},"end":{"line":7,"column":115}},"type":"cond-expr","locations":[{"start":{"line":7,"column":46},"end":{"line":7,"column":67}},{"start":{"line":7,"column":70},"end":{"line":7,"column":115}}],"line":7},"4":{"loc":{"start":{"line":8,"column":51},"end":{"line":8,"column":67}},"type":"binary-expr","locations":[{"start":{"line":8,"column":51},"end":{"line":8,"column":61}},{"start":{"line":8,"column":65},"end":{"line":8,"column":67}}],"line":8},"5":{"loc":{"start":{"line":11,"column":22},"end":{"line":13,"column":1}},"type":"binary-expr","locations":[{"start":{"line":11,"column":23},"end":{"line":11,"column":27}},{"start":{"line":11,"column":31},"end":{"line":11,"column":51}},{"start":{"line":11,"column":56},"end":{"line":13,"column":1}}],"line":11},"6":{"loc":{"start":{"line":12,"column":11},"end":{"line":12,"column":61}},"type":"cond-expr","locations":[{"start":{"line":12,"column":37},"end":{"line":12,"column":40}},{"start":{"line":12,"column":43},"end":{"line":12,"column":61}}],"line":12},"7":{"loc":{"start":{"line":12,"column":12},"end":{"line":12,"column":33}},"type":"binary-expr","locations":[{"start":{"line":12,"column":12},"end":{"line":12,"column":15}},{"start":{"line":12,"column":19},"end":{"line":12,"column":33}}],"line":12}},"s":{"0":1,"1":2,"2":0,"3":1,"4":1,"5":1,"6":0,"7":1,"8":1,"9":0,"10":3,"11":1,"12":1,"13":5,"14":1,"15":1,"16":1,"17":1,"18":1,"19":1,"20":1,"21":1,"22":1,"23":1,"24":1,"25":1,"26":1,"27":1,"28":1,"29":1,"30":1,"31":1,"32":1,"33":1,"34":0,"35":1,"36":1,"37":1,"38":1,"39":1,"40":1,"41":1,"42":1,"43":1,"44":1,"45":1,"46":1,"47":1,"48":0,"49":1,"50":0,"51":1,"52":0,"53":0,"54":1},"f":{"0":1,"1":2,"2":0,"3":1,"4":1,"5":1,"6":3,"7":5,"8":1,"9":1,"10":1,"11":1,"12":1,"13":0,"14":0,"15":1,"16":0,"17":0},"b":{"0":[1,1,1],"1":[2,0],"2":[1,1],"3":[1,2],"4":[1,1],"5":[1,1,1],"6":[0,5],"7":[5,5]},"_coverageSchema":"1a1c01bbd47fc00a2c39e90264f33305004495a9","hash":"fa9d599344648479588b6515aac90e09dee5d09a"}
,"C:\\Users\\Javier Retondo\\Downloads\\curso-node-restserver-4.0.0\\to-do-list\\dist\\network\\responses.js": {"path":"C:\\Users\\Javier Retondo\\Downloads\\curso-node-restserver-4.0.0\\to-do-list\\dist\\network\\responses.js","statementMap":{"0":{"start":{"line":3,"column":0},"end":{"line":3,"column":62}},"1":{"start":{"line":4,"column":0},"end":{"line":4,"column":41}},"2":{"start":{"line":7,"column":8},"end":{"line":13,"column":10}},"3":{"start":{"line":8,"column":12},"end":{"line":12,"column":15}},"4":{"start":{"line":14,"column":8},"end":{"line":20,"column":10}},"5":{"start":{"line":15,"column":12},"end":{"line":19,"column":15}},"6":{"start":{"line":23,"column":0},"end":{"line":23,"column":77}}},"fnMap":{"0":{"name":"(anonymous_0)","decl":{"start":{"line":6,"column":4},"end":{"line":6,"column":5}},"loc":{"start":{"line":6,"column":18},"end":{"line":21,"column":5}},"line":6},"1":{"name":"(anonymous_1)","decl":{"start":{"line":7,"column":23},"end":{"line":7,"column":24}},"loc":{"start":{"line":7,"column":34},"end":{"line":13,"column":9}},"line":7},"2":{"name":"(anonymous_2)","decl":{"start":{"line":14,"column":21},"end":{"line":14,"column":22}},"loc":{"start":{"line":14,"column":32},"end":{"line":20,"column":9}},"line":14}},"branchMap":{"0":{"loc":{"start":{"line":8,"column":29},"end":{"line":8,"column":48}},"type":"binary-expr","locations":[{"start":{"line":8,"column":29},"end":{"line":8,"column":41}},{"start":{"line":8,"column":45},"end":{"line":8,"column":48}}],"line":8},"1":{"loc":{"start":{"line":10,"column":24},"end":{"line":10,"column":43}},"type":"binary-expr","locations":[{"start":{"line":10,"column":24},"end":{"line":10,"column":36}},{"start":{"line":10,"column":40},"end":{"line":10,"column":43}}],"line":10},"2":{"loc":{"start":{"line":11,"column":22},"end":{"line":11,"column":38}},"type":"binary-expr","locations":[{"start":{"line":11,"column":22},"end":{"line":11,"column":32}},{"start":{"line":11,"column":36},"end":{"line":11,"column":38}}],"line":11},"3":{"loc":{"start":{"line":15,"column":29},"end":{"line":15,"column":48}},"type":"binary-expr","locations":[{"start":{"line":15,"column":29},"end":{"line":15,"column":41}},{"start":{"line":15,"column":45},"end":{"line":15,"column":48}}],"line":15},"4":{"loc":{"start":{"line":17,"column":24},"end":{"line":17,"column":43}},"type":"binary-expr","locations":[{"start":{"line":17,"column":24},"end":{"line":17,"column":36}},{"start":{"line":17,"column":40},"end":{"line":17,"column":43}}],"line":17},"5":{"loc":{"start":{"line":18,"column":22},"end":{"line":18,"column":38}},"type":"binary-expr","locations":[{"start":{"line":18,"column":22},"end":{"line":18,"column":32}},{"start":{"line":18,"column":36},"end":{"line":18,"column":38}}],"line":18}},"s":{"0":1,"1":1,"2":1,"3":16,"4":1,"5":7,"6":1},"f":{"0":1,"1":16,"2":7},"b":{"0":[16,13],"1":[16,13],"2":[16,0],"3":[7,0],"4":[7,0],"5":[7,0]},"_coverageSchema":"1a1c01bbd47fc00a2c39e90264f33305004495a9","hash":"965c24d3556cc048052803202ae53a12aacfc6c5"}
}
