TN:
SF:dist\api\components\auth\auth.controller.js
FN:2,(anonymous_0)
FN:3,adopt
FN:3,(anonymous_2)
FN:4,(anonymous_3)
FN:5,fulfilled
FN:6,rejected
FN:7,step
FN:11,(anonymous_7)
FN:21,(anonymous_8)
FN:22,(anonymous_9)
FN:23,(anonymous_10)
FN:24,(anonymous_11)
FN:52,(anonymous_12)
FNF:13
FNH:12
FNDA:6,(anonymous_0)
FNDA:6,adopt
FNDA:3,(anonymous_2)
FNDA:6,(anonymous_3)
FNDA:6,fulfilled
FNDA:0,rejected
FNDA:12,step
FNDA:3,(anonymous_7)
FNDA:3,(anonymous_8)
FNDA:3,(anonymous_9)
FNDA:3,(anonymous_10)
FNDA:3,(anonymous_11)
FNDA:3,(anonymous_12)
DA:2,1
DA:3,6
DA:4,6
DA:5,6
DA:6,0
DA:7,12
DA:8,6
DA:11,1
DA:12,3
DA:14,1
DA:15,1
DA:16,1
DA:17,1
DA:18,1
DA:19,1
DA:22,3
DA:23,3
DA:24,3
DA:25,3
DA:26,3
DA:27,3
DA:28,0
DA:29,0
DA:31,3
DA:32,0
DA:33,0
DA:35,3
DA:36,3
DA:37,0
DA:38,0
DA:40,3
DA:46,3
DA:47,3
DA:52,3
DA:56,1
LF:35
LH:28
BRDA:2,0,0,1
BRDA:2,0,1,1
BRDA:2,0,2,1
BRDA:3,1,0,3
BRDA:3,1,1,3
BRDA:4,2,0,6
BRDA:4,2,1,6
BRDA:7,3,0,6
BRDA:7,3,1,6
BRDA:8,4,0,6
BRDA:8,4,1,6
BRDA:11,5,0,1
BRDA:11,5,1,1
BRDA:11,5,2,1
BRDA:12,6,0,1
BRDA:12,6,1,2
BRDA:12,7,0,3
BRDA:12,7,1,3
BRDA:27,8,0,0
BRDA:27,8,1,3
BRDA:31,9,0,0
BRDA:31,9,1,3
BRDA:36,10,0,0
BRDA:36,10,1,3
BRDA:41,11,0,3
BRDA:41,11,1,0
BRF:26
BRH:22
end_of_record
TN:
SF:dist\api\components\auth\auth.middleware.js
FN:2,(anonymous_0)
FN:12,(anonymous_1)
FNF:2
FNH:2
FNDA:1,(anonymous_0)
FNDA:1,(anonymous_1)
DA:2,1
DA:3,1
DA:5,1
DA:6,1
DA:7,1
DA:8,1
DA:9,1
DA:10,1
DA:13,1
DA:14,1
DA:18,1
DA:23,1
LF:12
LH:12
BRDA:2,0,0,1
BRDA:2,0,1,1
BRDA:2,0,2,1
BRDA:3,1,0,1
BRDA:3,1,1,0
BRDA:3,2,0,1
BRDA:3,2,1,1
BRF:7
BRH:6
end_of_record
TN:
SF:dist\api\components\auth\auth.router.js
FN:8,(anonymous_0)
FN:11,(anonymous_1)
FNF:2
FNH:2
FNDA:1,(anonymous_0)
FNDA:1,(anonymous_1)
DA:2,1
DA:3,1
DA:4,1
DA:5,1
DA:6,1
DA:9,1
DA:12,1
DA:16,1
LF:8
LH:8
BRF:0
BRH:0
end_of_record
TN:
SF:dist\api\components\tasks\tasks.controller.js
FN:2,(anonymous_0)
FN:3,adopt
FN:3,(anonymous_2)
FN:4,(anonymous_3)
FN:5,fulfilled
FN:6,rejected
FN:7,step
FN:11,(anonymous_7)
FN:22,(anonymous_8)
FN:32,(anonymous_9)
FN:33,(anonymous_10)
FN:34,(anonymous_11)
FN:35,(anonymous_12)
FN:88,(anonymous_13)
FN:91,(anonymous_14)
FN:92,(anonymous_15)
FN:93,(anonymous_16)
FN:94,(anonymous_17)
FN:98,(anonymous_18)
FN:101,(anonymous_19)
FN:102,(anonymous_20)
FN:103,(anonymous_21)
FN:104,(anonymous_22)
FN:114,(anonymous_23)
FN:117,(anonymous_24)
FN:118,(anonymous_25)
FN:119,(anonymous_26)
FN:120,(anonymous_27)
FN:131,(anonymous_28)
FN:134,(anonymous_29)
FN:135,(anonymous_30)
FN:136,(anonymous_31)
FN:137,(anonymous_32)
FN:147,(anonymous_33)
FN:150,(anonymous_34)
FN:151,(anonymous_35)
FN:152,(anonymous_36)
FN:153,(anonymous_37)
FN:165,(anonymous_38)
FNF:39
FNH:32
FNDA:12,(anonymous_0)
FNDA:6,adopt
FNDA:0,(anonymous_2)
FNDA:12,(anonymous_3)
FNDA:6,fulfilled
FNDA:0,rejected
FNDA:18,step
FNDA:1,(anonymous_7)
FNDA:2,(anonymous_8)
FNDA:2,(anonymous_9)
FNDA:2,(anonymous_10)
FNDA:2,(anonymous_11)
FNDA:2,(anonymous_12)
FNDA:2,(anonymous_13)
FNDA:1,(anonymous_14)
FNDA:1,(anonymous_15)
FNDA:1,(anonymous_16)
FNDA:1,(anonymous_17)
FNDA:1,(anonymous_18)
FNDA:1,(anonymous_19)
FNDA:1,(anonymous_20)
FNDA:1,(anonymous_21)
FNDA:1,(anonymous_22)
FNDA:1,(anonymous_23)
FNDA:1,(anonymous_24)
FNDA:1,(anonymous_25)
FNDA:1,(anonymous_26)
FNDA:1,(anonymous_27)
FNDA:1,(anonymous_28)
FNDA:1,(anonymous_29)
FNDA:1,(anonymous_30)
FNDA:1,(anonymous_31)
FNDA:1,(anonymous_32)
FNDA:1,(anonymous_33)
FNDA:0,(anonymous_34)
FNDA:0,(anonymous_35)
FNDA:0,(anonymous_36)
FNDA:0,(anonymous_37)
FNDA:0,(anonymous_38)
DA:2,1
DA:3,6
DA:4,12
DA:5,6
DA:6,0
DA:7,18
DA:8,12
DA:11,1
DA:12,1
DA:13,2
DA:14,1
DA:15,1
DA:16,1
DA:17,0
DA:18,0
DA:20,1
DA:22,1
DA:23,2
DA:25,1
DA:26,1
DA:27,1
DA:28,1
DA:29,1
DA:30,1
DA:33,2
DA:34,2
DA:35,2
DA:36,2
DA:37,2
DA:38,2
DA:39,2
DA:40,2
DA:41,2
DA:42,2
DA:43,2
DA:44,2
DA:45,1
DA:46,1
DA:47,1
DA:64,1
DA:71,1
DA:88,2
DA:92,1
DA:93,1
DA:94,1
DA:95,1
DA:96,1
DA:98,1
DA:102,1
DA:103,1
DA:104,1
DA:105,1
DA:106,1
DA:107,1
DA:108,1
DA:114,1
DA:118,1
DA:119,1
DA:120,1
DA:121,1
DA:122,1
DA:123,1
DA:124,1
DA:125,1
DA:128,0
DA:131,1
DA:135,1
DA:136,1
DA:137,1
DA:138,1
DA:139,1
DA:140,1
DA:141,1
DA:144,0
DA:147,1
DA:151,0
DA:152,0
DA:153,0
DA:154,0
DA:155,0
DA:156,0
DA:157,0
DA:158,0
DA:159,0
DA:162,0
DA:165,0
DA:169,1
LF:87
LH:71
BRDA:2,0,0,1
BRDA:2,0,1,1
BRDA:2,0,2,1
BRDA:3,1,0,6
BRDA:3,1,1,0
BRDA:4,2,0,12
BRDA:4,2,1,12
BRDA:7,3,0,12
BRDA:7,3,1,6
BRDA:8,4,0,12
BRDA:8,4,1,12
BRDA:11,5,0,1
BRDA:11,5,1,1
BRDA:11,5,2,1
BRDA:13,6,0,1
BRDA:13,6,1,1
BRDA:13,7,0,2
BRDA:13,7,1,2
BRDA:15,8,0,1
BRDA:15,8,1,0
BRDA:15,9,0,1
BRDA:15,9,1,1
BRDA:17,10,0,0
BRDA:17,10,1,0
BRDA:17,11,0,0
BRDA:17,11,1,0
BRDA:22,12,0,1
BRDA:22,12,1,1
BRDA:22,12,2,1
BRDA:23,13,0,0
BRDA:23,13,1,2
BRDA:23,14,0,2
BRDA:23,14,1,2
BRDA:39,15,0,2
BRDA:39,15,1,0
BRDA:41,16,0,2
BRDA:41,16,1,0
BRDA:42,17,0,2
BRDA:42,17,1,2
BRDA:43,18,0,2
BRDA:43,18,1,0
BRDA:44,19,0,1
BRDA:44,19,1,1
BRDA:48,20,0,0
BRDA:48,20,1,1
BRDA:48,21,0,1
BRDA:48,21,1,1
BRDA:48,21,2,1
BRDA:50,22,0,0
BRDA:50,22,1,0
BRDA:51,23,0,0
BRDA:51,23,1,0
BRDA:51,24,0,0
BRDA:51,24,1,0
BRDA:52,25,0,0
BRDA:52,25,1,0
BRDA:53,26,0,0
BRDA:53,26,1,0
BRDA:65,27,0,1
BRDA:65,27,1,0
BRDA:67,28,0,1
BRDA:67,28,1,0
BRDA:72,29,0,0
BRDA:72,29,1,1
BRDA:72,30,0,1
BRDA:72,30,1,1
BRDA:72,30,2,1
BRDA:74,31,0,0
BRDA:74,31,1,0
BRDA:75,32,0,0
BRDA:75,32,1,0
BRDA:75,33,0,0
BRDA:75,33,1,0
BRDA:76,34,0,0
BRDA:76,34,1,0
BRDA:77,35,0,0
BRDA:77,35,1,0
BRDA:124,36,0,1
BRDA:124,36,1,0
BRDA:140,37,0,1
BRDA:140,37,1,0
BRDA:156,38,0,0
BRDA:156,38,1,0
BRF:83
BRH:45
end_of_record
TN:
SF:dist\api\components\tasks\tasks.middleware.js
FN:2,(anonymous_0)
FN:12,(anonymous_1)
FNF:2
FNH:2
FNDA:1,(anonymous_0)
FNDA:1,(anonymous_1)
DA:2,1
DA:3,1
DA:5,1
DA:6,1
DA:7,1
DA:8,1
DA:9,1
DA:10,1
DA:13,1
DA:14,1
DA:22,1
DA:26,1
DA:29,1
DA:34,1
LF:14
LH:14
BRDA:2,0,0,1
BRDA:2,0,1,1
BRDA:2,0,2,1
BRDA:3,1,0,1
BRDA:3,1,1,0
BRDA:3,2,0,1
BRDA:3,2,1,1
BRF:7
BRH:6
end_of_record
TN:
SF:dist\api\components\tasks\tasks.model.js
FN:2,(anonymous_0)
FNF:1
FNH:1
FNDA:1,(anonymous_0)
DA:2,1
DA:3,1
DA:5,1
DA:6,1
DA:7,1
DA:8,1
DA:9,1
DA:12,1
DA:40,1
DA:46,1
DA:50,1
LF:11
LH:11
BRDA:2,0,0,1
BRDA:2,0,1,1
BRDA:2,0,2,1
BRDA:3,1,0,0
BRDA:3,1,1,1
BRDA:3,2,0,1
BRDA:3,2,1,1
BRF:7
BRH:6
end_of_record
TN:
SF:dist\api\components\tasks\tasks.router.js
FN:9,(anonymous_0)
FN:12,(anonymous_1)
FNF:2
FNH:2
FNDA:1,(anonymous_0)
FNDA:1,(anonymous_1)
DA:2,1
DA:3,1
DA:4,1
DA:5,1
DA:6,1
DA:7,1
DA:10,1
DA:13,1
DA:22,1
LF:9
LH:9
BRF:0
BRH:0
end_of_record
TN:
SF:dist\api\components\users\user.controller.js
FN:2,(anonymous_0)
FN:3,adopt
FN:3,(anonymous_2)
FN:4,(anonymous_3)
FN:5,fulfilled
FN:6,rejected
FN:7,step
FN:11,(anonymous_7)
FN:22,(anonymous_8)
FN:32,(anonymous_9)
FN:33,(anonymous_10)
FN:34,(anonymous_11)
FN:35,(anonymous_12)
FN:40,(anonymous_13)
FN:43,(anonymous_14)
FN:44,(anonymous_15)
FN:45,(anonymous_16)
FN:46,(anonymous_17)
FN:52,(anonymous_18)
FN:55,(anonymous_19)
FN:56,(anonymous_20)
FN:57,(anonymous_21)
FN:58,(anonymous_22)
FN:76,(anonymous_23)
FN:79,(anonymous_24)
FN:80,(anonymous_25)
FN:81,(anonymous_26)
FN:82,(anonymous_27)
FN:97,(anonymous_28)
FN:100,(anonymous_29)
FN:101,(anonymous_30)
FN:102,(anonymous_31)
FN:103,(anonymous_32)
FN:113,(anonymous_33)
FN:116,(anonymous_34)
FN:117,(anonymous_35)
FN:118,(anonymous_36)
FN:119,(anonymous_37)
FN:129,(anonymous_38)
FNF:39
FNH:27
FNDA:14,(anonymous_0)
FNDA:7,adopt
FNDA:0,(anonymous_2)
FNDA:14,(anonymous_3)
FNDA:7,fulfilled
FNDA:0,rejected
FNDA:21,step
FNDA:1,(anonymous_7)
FNDA:2,(anonymous_8)
FNDA:2,(anonymous_9)
FNDA:2,(anonymous_10)
FNDA:2,(anonymous_11)
FNDA:2,(anonymous_12)
FNDA:2,(anonymous_13)
FNDA:0,(anonymous_14)
FNDA:0,(anonymous_15)
FNDA:0,(anonymous_16)
FNDA:0,(anonymous_17)
FNDA:0,(anonymous_18)
FNDA:2,(anonymous_19)
FNDA:2,(anonymous_20)
FNDA:2,(anonymous_21)
FNDA:2,(anonymous_22)
FNDA:2,(anonymous_23)
FNDA:1,(anonymous_24)
FNDA:1,(anonymous_25)
FNDA:1,(anonymous_26)
FNDA:1,(anonymous_27)
FNDA:1,(anonymous_28)
FNDA:0,(anonymous_29)
FNDA:0,(anonymous_30)
FNDA:0,(anonymous_31)
FNDA:0,(anonymous_32)
FNDA:0,(anonymous_33)
FNDA:2,(anonymous_34)
FNDA:2,(anonymous_35)
FNDA:2,(anonymous_36)
FNDA:2,(anonymous_37)
FNDA:2,(anonymous_38)
DA:2,1
DA:3,7
DA:4,14
DA:5,7
DA:6,0
DA:7,21
DA:8,14
DA:11,1
DA:12,1
DA:13,4
DA:14,4
DA:15,1
DA:16,1
DA:17,0
DA:18,0
DA:20,1
DA:22,1
DA:23,2
DA:25,1
DA:26,1
DA:27,1
DA:28,1
DA:29,1
DA:30,1
DA:33,2
DA:34,2
DA:35,2
DA:36,2
DA:40,2
DA:44,0
DA:45,0
DA:46,0
DA:47,0
DA:48,0
DA:52,0
DA:56,2
DA:57,2
DA:58,2
DA:59,2
DA:60,2
DA:61,2
DA:67,2
DA:68,2
DA:69,2
DA:76,2
DA:80,1
DA:81,1
DA:82,1
DA:83,1
DA:84,1
DA:85,1
DA:86,1
DA:87,1
DA:89,1
DA:90,1
DA:91,1
DA:94,0
DA:97,1
DA:101,0
DA:102,0
DA:103,0
DA:104,0
DA:105,0
DA:106,0
DA:107,0
DA:110,0
DA:113,0
DA:117,2
DA:118,2
DA:119,2
DA:120,2
DA:121,2
DA:122,2
DA:123,2
DA:126,0
DA:129,2
DA:133,1
LF:77
LH:57
BRDA:2,0,0,1
BRDA:2,0,1,1
BRDA:2,0,2,1
BRDA:3,1,0,7
BRDA:3,1,1,0
BRDA:4,2,0,14
BRDA:4,2,1,14
BRDA:7,3,0,14
BRDA:7,3,1,7
BRDA:8,4,0,14
BRDA:8,4,1,14
BRDA:11,5,0,1
BRDA:11,5,1,1
BRDA:11,5,2,1
BRDA:13,6,0,4
BRDA:13,6,1,0
BRDA:13,7,0,4
BRDA:13,7,1,4
BRDA:15,8,0,1
BRDA:15,8,1,0
BRDA:15,9,0,1
BRDA:15,9,1,1
BRDA:17,10,0,0
BRDA:17,10,1,0
BRDA:17,11,0,0
BRDA:17,11,1,0
BRDA:22,12,0,1
BRDA:22,12,1,1
BRDA:22,12,2,1
BRDA:23,13,0,0
BRDA:23,13,1,2
BRDA:23,14,0,2
BRDA:23,14,1,2
BRDA:85,15,0,1
BRDA:85,15,1,0
BRDA:90,16,0,1
BRDA:90,16,1,0
BRDA:106,17,0,0
BRDA:106,17,1,0
BRDA:122,18,0,2
BRDA:122,18,1,0
BRF:41
BRH:28
end_of_record
TN:
SF:dist\api\components\users\user.middleware.js
FN:2,(anonymous_0)
FN:13,(anonymous_1)
FNF:2
FNH:2
FNDA:1,(anonymous_0)
FNDA:1,(anonymous_1)
DA:2,1
DA:3,1
DA:5,1
DA:6,1
DA:7,1
DA:8,1
DA:9,1
DA:10,1
DA:11,1
DA:14,1
DA:15,1
DA:16,1
DA:17,1
DA:18,1
DA:26,1
DA:33,1
DA:38,1
LF:17
LH:17
BRDA:2,0,0,1
BRDA:2,0,1,1
BRDA:2,0,2,1
BRDA:3,1,0,1
BRDA:3,1,1,0
BRDA:3,2,0,1
BRDA:3,2,1,1
BRF:7
BRH:6
end_of_record
TN:
SF:dist\api\components\users\user.model.js
FNF:0
FNH:0
DA:2,1
DA:3,1
DA:4,1
DA:5,1
DA:8,1
DA:44,1
LF:6
LH:6
BRF:0
BRH:0
end_of_record
TN:
SF:dist\api\components\users\user.router.js
FN:9,(anonymous_0)
FN:12,(anonymous_1)
FNF:2
FNH:2
FNDA:1,(anonymous_0)
FNDA:1,(anonymous_1)
DA:2,1
DA:3,1
DA:4,1
DA:5,1
DA:6,1
DA:7,1
DA:10,1
DA:13,1
DA:22,1
LF:9
LH:9
BRF:0
BRH:0
end_of_record
TN:
SF:dist\common\enums.js
FN:5,(anonymous_0)
FN:10,(anonymous_1)
FNF:2
FNH:2
FNDA:1,(anonymous_0)
FNDA:1,(anonymous_1)
DA:2,1
DA:3,1
DA:5,1
DA:6,1
DA:7,1
DA:10,1
DA:11,1
DA:12,1
DA:13,1
DA:14,1
DA:15,1
LF:11
LH:11
BRDA:8,0,0,1
BRDA:8,0,1,1
BRDA:16,1,0,1
BRDA:16,1,1,1
BRF:4
BRH:4
end_of_record
TN:
SF:dist\common\tables.js
FNF:0
FNH:0
DA:2,1
DA:3,1
DA:4,1
LF:3
LH:3
BRF:0
BRH:0
end_of_record
TN:
SF:dist\config\config.js
FN:2,(anonymous_0)
FN:6,(anonymous_1)
FN:9,(anonymous_2)
FN:13,(anonymous_3)
FN:15,(anonymous_4)
FN:18,(anonymous_5)
FN:33,(anonymous_6)
FN:34,(anonymous_7)
FN:37,(anonymous_8)
FN:40,(anonymous_9)
FN:48,(anonymous_10)
FNF:11
FNH:8
FNDA:23,(anonymous_0)
FNDA:2,(anonymous_1)
FNDA:0,(anonymous_2)
FNDA:2,(anonymous_3)
FNDA:0,(anonymous_4)
FNDA:2,(anonymous_5)
FNDA:1,(anonymous_6)
FNDA:26,(anonymous_7)
FNDA:6,(anonymous_8)
FNDA:0,(anonymous_9)
FNDA:5,(anonymous_10)
DA:2,1
DA:3,23
DA:4,23
DA:5,23
DA:6,23
DA:8,23
DA:10,0
DA:11,0
DA:13,1
DA:14,2
DA:16,0
DA:18,1
DA:19,2
DA:20,2
DA:21,23
DA:22,2
DA:23,2
DA:25,1
DA:26,1
DA:27,1
DA:28,1
DA:29,1
DA:35,26
DA:38,6
DA:41,0
DA:42,0
DA:43,0
DA:44,0
DA:46,0
DA:49,5
DA:58,1
LF:31
LH:23
BRDA:2,0,0,1
BRDA:2,0,1,1
BRDA:2,0,2,1
BRDA:2,1,0,1
BRDA:2,1,1,0
BRDA:3,2,0,23
BRDA:3,2,1,0
BRDA:5,3,0,23
BRDA:5,3,1,0
BRDA:5,4,0,23
BRDA:5,4,1,23
BRDA:5,5,0,0
BRDA:5,5,1,23
BRDA:5,6,0,23
BRDA:5,6,1,0
BRDA:10,7,0,0
BRDA:10,7,1,0
BRDA:13,8,0,1
BRDA:13,8,1,1
BRDA:13,8,2,1
BRDA:13,9,0,1
BRDA:13,9,1,0
BRDA:18,10,0,1
BRDA:18,10,1,1
BRDA:18,10,2,1
BRDA:19,11,0,0
BRDA:19,11,1,2
BRDA:19,12,0,2
BRDA:19,12,1,2
BRDA:21,13,0,2
BRDA:21,13,1,0
BRDA:21,14,0,23
BRDA:21,14,1,0
BRDA:21,15,0,23
BRDA:21,15,1,23
BRDA:42,16,0,0
BRDA:42,16,1,0
BRF:37
BRH:24
end_of_record
TN:
SF:dist\config\database.js
FNF:0
FNH:0
DA:2,1
DA:3,1
DA:4,1
DA:5,1
DA:6,1
LF:5
LH:5
BRDA:6,0,0,1
BRDA:6,0,1,0
BRDA:6,1,0,1
BRDA:6,1,1,0
BRF:4
BRH:2
end_of_record
TN:
SF:dist\helpers\db-validator.js
FN:2,(anonymous_0)
FN:3,adopt
FN:3,(anonymous_2)
FN:4,(anonymous_3)
FN:5,fulfilled
FN:6,rejected
FN:7,step
FN:17,(anonymous_7)
FN:17,(anonymous_8)
FN:23,(anonymous_9)
FN:23,(anonymous_10)
FN:29,(anonymous_11)
FN:29,(anonymous_12)
FN:35,(anonymous_13)
FN:35,(anonymous_14)
FN:41,(anonymous_15)
FN:41,(anonymous_16)
FNF:17
FNH:11
FNDA:15,(anonymous_0)
FNDA:15,adopt
FNDA:0,(anonymous_2)
FNDA:15,(anonymous_3)
FNDA:15,fulfilled
FNDA:0,rejected
FNDA:27,step
FNDA:4,(anonymous_7)
FNDA:4,(anonymous_8)
FNDA:5,(anonymous_9)
FNDA:5,(anonymous_10)
FNDA:0,(anonymous_11)
FNDA:0,(anonymous_12)
FNDA:6,(anonymous_13)
FNDA:6,(anonymous_14)
FNDA:0,(anonymous_15)
FNDA:0,(anonymous_16)
DA:2,1
DA:3,15
DA:4,15
DA:5,15
DA:6,0
DA:7,27
DA:8,15
DA:12,1
DA:15,1
DA:16,1
DA:17,4
DA:18,4
DA:19,4
DA:20,2
DA:23,5
DA:24,5
DA:25,5
DA:26,1
DA:29,1
DA:30,0
DA:31,0
DA:32,0
DA:35,6
DA:36,6
DA:37,6
DA:38,0
DA:41,1
DA:43,1
LF:28
LH:23
BRDA:2,0,0,1
BRDA:2,0,1,1
BRDA:2,0,2,1
BRDA:3,1,0,15
BRDA:3,1,1,0
BRDA:4,2,0,15
BRDA:4,2,1,15
BRDA:7,3,0,12
BRDA:7,3,1,15
BRDA:8,4,0,15
BRDA:8,4,1,15
BRDA:17,5,0,0
BRDA:19,6,0,2
BRDA:19,6,1,2
BRDA:23,7,0,1
BRDA:25,8,0,1
BRDA:25,8,1,4
BRDA:31,9,0,0
BRDA:31,9,1,0
BRDA:37,10,0,0
BRDA:37,10,1,6
BRF:21
BRH:16
end_of_record
TN:
SF:dist\helpers\jwt-generator.js
FN:4,(anonymous_0)
FNF:1
FNH:1
FNDA:3,(anonymous_0)
DA:2,1
DA:5,3
DA:8,1
DA:9,1
DA:10,1
LF:5
LH:5
BRF:0
BRH:0
end_of_record
TN:
SF:dist\middlewares\index.js
FN:2,(anonymous_0)
FN:3,adopt
FN:3,(anonymous_2)
FN:4,(anonymous_3)
FN:5,fulfilled
FN:6,rejected
FN:7,step
FN:11,(anonymous_7)
FN:21,(anonymous_8)
FN:22,(anonymous_9)
FN:50,(anonymous_10)
FN:57,(anonymous_11)
FN:58,(anonymous_12)
FNF:13
FNH:11
FNDA:14,(anonymous_0)
FNDA:13,adopt
FNDA:0,(anonymous_2)
FNDA:14,(anonymous_3)
FNDA:13,fulfilled
FNDA:0,rejected
FNDA:27,step
FNDA:2,(anonymous_7)
FNDA:14,(anonymous_8)
FNDA:14,(anonymous_9)
FNDA:17,(anonymous_10)
FNDA:10,(anonymous_11)
FNDA:13,(anonymous_12)
DA:2,1
DA:3,13
DA:4,14
DA:5,13
DA:6,0
DA:7,27
DA:8,14
DA:11,1
DA:12,2
DA:14,1
DA:15,1
DA:16,1
DA:17,1
DA:18,1
DA:19,1
DA:22,14
DA:23,14
DA:24,14
DA:25,1
DA:27,13
DA:28,13
DA:29,13
DA:30,13
DA:31,0
DA:32,0
DA:34,13
DA:35,0
DA:36,0
DA:38,13
DA:39,13
DA:42,0
DA:51,17
DA:52,17
DA:53,5
DA:55,12
DA:58,10
DA:59,13
DA:60,0
DA:68,13
DA:69,1
DA:71,12
DA:75,1
LF:42
LH:35
BRDA:2,0,0,1
BRDA:2,0,1,1
BRDA:2,0,2,1
BRDA:3,1,0,13
BRDA:3,1,1,0
BRDA:4,2,0,14
BRDA:4,2,1,14
BRDA:7,3,0,14
BRDA:7,3,1,13
BRDA:8,4,0,14
BRDA:8,4,1,14
BRDA:11,5,0,1
BRDA:11,5,1,1
BRDA:11,5,2,1
BRDA:12,6,0,0
BRDA:12,6,1,2
BRDA:12,7,0,2
BRDA:12,7,1,2
BRDA:24,8,0,1
BRDA:24,8,1,13
BRDA:28,9,0,13
BRDA:28,9,1,0
BRDA:30,10,0,0
BRDA:30,10,1,13
BRDA:30,11,0,0
BRDA:30,11,1,13
BRDA:30,12,0,13
BRDA:30,12,1,13
BRDA:34,13,0,0
BRDA:34,13,1,13
BRDA:52,14,0,5
BRDA:52,14,1,12
BRDA:59,15,0,0
BRDA:59,15,1,13
BRDA:68,16,0,1
BRDA:68,16,1,12
BRF:36
BRH:29
end_of_record
TN:
SF:dist\models\router.js
FN:6,(anonymous_0)
FN:14,(anonymous_1)
FNF:2
FNH:1
FNDA:3,(anonymous_0)
FNDA:0,(anonymous_1)
DA:2,1
DA:3,1
DA:4,1
DA:7,3
DA:8,3
DA:9,3
DA:10,3
DA:11,3
DA:12,3
DA:16,1
LF:10
LH:10
BRF:0
BRH:0
end_of_record
TN:
SF:dist\models\server.js
FN:2,(anonymous_0)
FN:3,adopt
FN:3,(anonymous_2)
FN:4,(anonymous_3)
FN:5,fulfilled
FN:6,rejected
FN:7,step
FN:11,(anonymous_7)
FN:28,(anonymous_8)
FN:31,(anonymous_9)
FN:31,(anonymous_10)
FN:46,(anonymous_11)
FN:52,(anonymous_12)
FN:56,(anonymous_13)
FN:57,(anonymous_14)
FN:61,(anonymous_15)
FN:68,(anonymous_16)
FN:69,(anonymous_17)
FNF:18
FNH:13
FNDA:1,(anonymous_0)
FNDA:2,adopt
FNDA:0,(anonymous_2)
FNDA:1,(anonymous_3)
FNDA:1,fulfilled
FNDA:1,rejected
FNDA:3,step
FNDA:5,(anonymous_7)
FNDA:1,(anonymous_8)
FNDA:1,(anonymous_9)
FNDA:1,(anonymous_10)
FNDA:1,(anonymous_11)
FNDA:1,(anonymous_12)
FNDA:0,(anonymous_13)
FNDA:0,(anonymous_14)
FNDA:1,(anonymous_15)
FNDA:0,(anonymous_16)
FNDA:0,(anonymous_17)
DA:2,1
DA:3,2
DA:4,1
DA:5,1
DA:6,1
DA:7,3
DA:8,1
DA:11,1
DA:12,5
DA:14,1
DA:15,1
DA:16,1
DA:17,1
DA:18,1
DA:19,1
DA:20,1
DA:21,1
DA:22,1
DA:23,1
DA:24,1
DA:25,1
DA:26,1
DA:29,1
DA:30,1
DA:31,1
DA:32,1
DA:33,1
DA:34,1
DA:35,0
DA:38,1
DA:41,1
DA:42,1
DA:43,1
DA:44,1
DA:47,1
DA:48,1
DA:49,1
DA:50,1
DA:53,1
DA:54,1
DA:55,1
DA:56,1
DA:57,1
DA:58,0
DA:62,1
DA:69,0
DA:70,0
DA:74,1
LF:48
LH:44
BRDA:2,0,0,1
BRDA:2,0,1,1
BRDA:2,0,2,1
BRDA:3,1,0,2
BRDA:3,1,1,0
BRDA:4,2,0,1
BRDA:4,2,1,1
BRDA:7,3,0,1
BRDA:7,3,1,2
BRDA:8,4,0,1
BRDA:8,4,1,1
BRDA:11,5,0,1
BRDA:11,5,1,1
BRDA:11,5,2,1
BRDA:12,6,0,0
BRDA:12,6,1,5
BRDA:12,7,0,5
BRDA:12,7,1,5
BRF:18
BRH:16
end_of_record
TN:
SF:dist\network\responses.js
FN:6,(anonymous_0)
FN:7,(anonymous_1)
FN:14,(anonymous_2)
FNF:3
FNH:3
FNDA:1,(anonymous_0)
FNDA:16,(anonymous_1)
FNDA:7,(anonymous_2)
DA:3,1
DA:4,1
DA:7,1
DA:8,16
DA:14,1
DA:15,7
DA:23,1
LF:7
LH:7
BRDA:8,0,0,16
BRDA:8,0,1,13
BRDA:10,1,0,16
BRDA:10,1,1,13
BRDA:11,2,0,16
BRDA:11,2,1,0
BRDA:15,3,0,7
BRDA:15,3,1,0
BRDA:17,4,0,7
BRDA:17,4,1,0
BRDA:18,5,0,7
BRDA:18,5,1,0
BRF:12
BRH:8
end_of_record
