TN:
SF:src\api\components\auth\controller.js
FN:5,(anonymous_0)
FN:6,(anonymous_1)
FNF:2
FNH:2
FNDA:1,(anonymous_0)
FNDA:4,(anonymous_1)
DA:1,1
DA:2,1
DA:3,1
DA:5,1
DA:6,1
DA:7,4
DA:9,4
DA:11,4
DA:12,0
DA:13,0
DA:16,4
DA:17,0
DA:18,0
DA:21,4
DA:22,4
DA:23,1
DA:24,1
DA:27,3
DA:34,3
DA:36,3
DA:41,1
LF:21
LH:17
BRDA:11,0,0,0
BRDA:11,0,1,4
BRDA:16,1,0,0
BRDA:16,1,1,4
BRDA:22,2,0,1
BRDA:22,2,1,3
BRF:6
BRH:4
end_of_record
TN:
SF:src\api\components\auth\index.js
FNF:0
FNH:0
DA:1,1
DA:3,1
LF:2
LH:2
BRF:0
BRH:0
end_of_record
TN:
SF:src\api\components\auth\routes.js
FN:17,(anonymous_0)
FN:17,(anonymous_1)
FNF:2
FNH:2
FNDA:4,(anonymous_0)
FNDA:4,(anonymous_1)
DA:1,1
DA:2,1
DA:4,1
DA:5,1
DA:6,1
DA:7,1
DA:9,1
DA:11,1
DA:17,4
DA:18,4
DA:22,1
LF:11
LH:11
BRDA:18,0,0,3
BRDA:18,0,1,1
BRF:2
BRH:2
end_of_record
TN:
SF:src\api\components\tareas\controller.js
FN:5,(anonymous_0)
FN:6,(anonymous_1)
FN:64,(anonymous_2)
FN:70,(anonymous_3)
FN:80,(anonymous_4)
FN:91,(anonymous_5)
FNF:6
FNH:6
FNDA:1,(anonymous_0)
FNDA:2,(anonymous_1)
FNDA:1,(anonymous_2)
FNDA:1,(anonymous_3)
FNDA:1,(anonymous_4)
FNDA:1,(anonymous_5)
DA:1,1
DA:2,1
DA:3,1
DA:5,1
DA:6,1
DA:11,2
DA:13,2
DA:15,2
DA:16,2
DA:17,0
DA:20,2
DA:21,1
DA:22,1
DA:23,1
DA:40,1
DA:46,1
DA:64,1
DA:65,1
DA:66,1
DA:67,1
DA:70,1
DA:71,1
DA:72,1
DA:80,1
DA:81,1
DA:82,1
DA:83,1
DA:84,1
DA:85,1
DA:87,0
DA:91,1
DA:92,1
DA:93,1
DA:95,1
DA:96,1
DA:98,0
DA:102,1
LF:37
LH:34
BRDA:16,0,0,0
BRDA:16,0,1,2
BRDA:20,1,0,1
BRDA:20,1,1,1
BRDA:24,2,0,0
BRDA:24,2,1,1
BRDA:24,3,0,1
BRDA:24,3,1,1
BRDA:24,3,2,1
BRDA:26,4,0,0
BRDA:26,4,1,0
BRDA:27,5,0,0
BRDA:27,5,1,0
BRDA:28,6,0,0
BRDA:28,6,1,0
BRDA:29,7,0,0
BRDA:29,7,1,0
BRDA:41,8,0,1
BRDA:41,8,1,0
BRDA:43,9,0,1
BRDA:43,9,1,0
BRDA:47,10,0,0
BRDA:47,10,1,1
BRDA:47,11,0,1
BRDA:47,11,1,1
BRDA:47,11,2,1
BRDA:49,12,0,0
BRDA:49,12,1,0
BRDA:50,13,0,0
BRDA:50,13,1,0
BRDA:51,14,0,0
BRDA:51,14,1,0
BRDA:52,15,0,0
BRDA:52,15,1,0
BRDA:84,16,0,1
BRDA:84,16,1,0
BRDA:95,17,0,1
BRDA:95,17,1,0
BRF:38
BRH:15
end_of_record
TN:
SF:src\api\components\tareas\index.js
FNF:0
FNH:0
DA:1,1
DA:3,1
LF:2
LH:2
BRF:0
BRH:0
end_of_record
TN:
SF:src\api\components\tareas\routes.js
FN:33,(anonymous_0)
FN:33,(anonymous_1)
FN:43,(anonymous_2)
FN:43,(anonymous_3)
FN:50,(anonymous_4)
FN:50,(anonymous_5)
FN:58,(anonymous_6)
FN:59,(anonymous_7)
FN:72,(anonymous_8)
FN:72,(anonymous_9)
FN:79,(anonymous_10)
FN:79,(anonymous_11)
FNF:12
FNH:12
FNDA:1,(anonymous_0)
FNDA:1,(anonymous_1)
FNDA:1,(anonymous_2)
FNDA:1,(anonymous_3)
FNDA:1,(anonymous_4)
FNDA:1,(anonymous_5)
FNDA:1,(anonymous_6)
FNDA:1,(anonymous_7)
FNDA:1,(anonymous_8)
FNDA:1,(anonymous_9)
FNDA:1,(anonymous_10)
FNDA:1,(anonymous_11)
DA:2,1
DA:3,1
DA:4,1
DA:5,1
DA:11,1
DA:19,1
DA:21,1
DA:23,1
DA:33,1
DA:43,1
DA:50,1
DA:58,1
DA:59,1
DA:72,1
DA:79,1
DA:81,1
LF:16
LH:16
BRF:0
BRH:0
end_of_record
TN:
SF:src\api\components\usuarios\controller.js
FN:4,(anonymous_0)
FN:5,(anonymous_1)
FN:11,(anonymous_2)
FN:18,(anonymous_3)
FN:35,(anonymous_4)
FN:52,(anonymous_5)
FNF:6
FNH:5
FNDA:1,(anonymous_0)
FNDA:2,(anonymous_1)
FNDA:0,(anonymous_2)
FNDA:2,(anonymous_3)
FNDA:1,(anonymous_4)
FNDA:2,(anonymous_5)
DA:1,1
DA:2,1
DA:4,1
DA:5,1
DA:6,2
DA:11,1
DA:12,0
DA:13,0
DA:18,1
DA:19,2
DA:20,2
DA:22,2
DA:23,2
DA:25,2
DA:27,2
DA:35,1
DA:36,1
DA:37,1
DA:38,1
DA:39,1
DA:40,1
DA:43,1
DA:45,1
DA:46,1
DA:48,0
DA:52,1
DA:53,2
DA:54,2
DA:56,2
DA:57,2
DA:59,0
DA:63,1
LF:32
LH:28
BRDA:38,0,0,1
BRDA:38,0,1,0
BRDA:45,1,0,1
BRDA:45,1,1,0
BRDA:56,2,0,2
BRDA:56,2,1,0
BRF:6
BRH:3
end_of_record
TN:
SF:src\api\components\usuarios\index.js
FNF:0
FNH:0
DA:1,1
DA:3,1
LF:2
LH:2
BRF:0
BRH:0
end_of_record
TN:
SF:src\api\components\usuarios\routes.js
FN:30,(anonymous_0)
FN:30,(anonymous_1)
FN:37,(anonymous_2)
FN:37,(anonymous_3)
FN:47,(anonymous_4)
FN:47,(anonymous_5)
FN:58,(anonymous_6)
FN:58,(anonymous_7)
FN:71,(anonymous_8)
FN:71,(anonymous_9)
FN:78,(anonymous_10)
FN:78,(anonymous_11)
FNF:12
FNH:10
FNDA:2,(anonymous_0)
FNDA:2,(anonymous_1)
FNDA:0,(anonymous_2)
FNDA:0,(anonymous_3)
FNDA:1,(anonymous_4)
FNDA:1,(anonymous_5)
FNDA:1,(anonymous_6)
FNDA:1,(anonymous_7)
FNDA:1,(anonymous_8)
FNDA:1,(anonymous_9)
FNDA:2,(anonymous_10)
FNDA:2,(anonymous_11)
DA:2,1
DA:3,1
DA:4,1
DA:10,1
DA:16,1
DA:24,1
DA:26,1
DA:28,1
DA:30,2
DA:37,0
DA:47,1
DA:58,1
DA:71,1
DA:78,2
DA:80,1
LF:15
LH:14
BRF:0
BRH:0
end_of_record
TN:
SF:src\database\config.js
FNF:0
FNH:0
DA:1,1
DA:3,1
DA:14,1
LF:3
LH:3
BRF:0
BRH:0
end_of_record
TN:
SF:src\helpers\db-validators.js
FN:3,(anonymous_0)
FN:10,(anonymous_1)
FN:17,(anonymous_2)
FN:24,(anonymous_3)
FN:31,(anonymous_4)
FNF:5
FNH:5
FNDA:4,(anonymous_0)
FNDA:4,(anonymous_1)
FNDA:2,(anonymous_2)
FNDA:3,(anonymous_3)
FNDA:4,(anonymous_4)
DA:1,1
DA:3,1
DA:4,4
DA:5,4
DA:6,2
DA:10,1
DA:11,4
DA:12,4
DA:13,0
DA:17,1
DA:18,2
DA:19,2
DA:20,1
DA:24,1
DA:25,3
DA:26,3
DA:27,0
DA:31,1
DA:32,4
DA:33,4
DA:34,1
DA:38,1
LF:22
LH:20
BRDA:3,0,0,0
BRDA:5,1,0,2
BRDA:5,1,1,2
BRDA:10,2,0,0
BRDA:12,3,0,0
BRDA:12,3,1,4
BRDA:19,4,0,1
BRDA:19,4,1,1
BRDA:26,5,0,0
BRDA:26,5,1,3
BRDA:33,6,0,1
BRDA:33,6,1,3
BRF:12
BRH:8
end_of_record
TN:
SF:src\helpers\generar-jwt.js
FN:3,(anonymous_0)
FN:5,(anonymous_1)
FN:11,(anonymous_2)
FNF:3
FNH:3
FNDA:3,(anonymous_0)
FNDA:3,(anonymous_1)
FNDA:3,(anonymous_2)
DA:1,1
DA:3,1
DA:5,3
DA:7,3
DA:9,3
DA:13,3
DA:14,0
DA:15,0
DA:17,3
DA:23,1
LF:10
LH:8
BRDA:3,0,0,0
BRDA:13,1,0,0
BRDA:13,1,1,3
BRF:3
BRH:1
end_of_record
TN:
SF:src\middlewares\index.js
FNF:0
FNH:0
DA:3,1
DA:4,1
DA:5,1
DA:7,1
LF:4
LH:4
BRF:0
BRH:0
end_of_record
TN:
SF:src\middlewares\validar-campos.js
FN:4,(anonymous_0)
FNF:1
FNH:1
FNDA:24,(anonymous_0)
DA:1,1
DA:2,1
DA:4,1
DA:5,24
DA:6,24
DA:7,5
DA:9,19
DA:12,1
LF:8
LH:8
BRDA:6,0,0,5
BRDA:6,0,1,19
BRF:2
BRH:2
end_of_record
TN:
SF:src\middlewares\validar-jwt.js
FN:9,(anonymous_0)
FNF:1
FNH:1
FNDA:15,(anonymous_0)
DA:1,1
DA:2,1
DA:4,1
DA:6,1
DA:9,1
DA:11,15
DA:13,15
DA:14,1
DA:17,14
DA:18,14
DA:19,14
DA:21,14
DA:22,0
DA:23,0
DA:26,14
DA:27,0
DA:28,0
DA:31,14
DA:32,14
DA:35,0
DA:43,1
LF:21
LH:16
BRDA:13,0,0,1
BRDA:13,0,1,14
BRDA:21,1,0,0
BRDA:21,1,1,14
BRDA:26,2,0,0
BRDA:26,2,1,14
BRF:6
BRH:4
end_of_record
TN:
SF:src\middlewares\validar-roles.js
FN:4,(anonymous_0)
FN:5,(anonymous_1)
FNF:2
FNH:2
FNDA:10,(anonymous_0)
FNDA:14,(anonymous_1)
DA:1,1
DA:2,1
DA:4,1
DA:5,10
DA:6,14
DA:7,0
DA:8,0
DA:10,14
DA:11,1
DA:14,13
DA:18,1
LF:11
LH:9
BRDA:5,0,0,0
BRDA:6,1,0,0
BRDA:6,1,1,14
BRDA:10,2,0,1
BRDA:10,2,1,13
BRF:5
BRH:3
end_of_record
TN:
SF:src\models\index.js
FNF:0
FNH:0
DA:3,1
DA:4,1
DA:5,1
DA:7,1
LF:4
LH:4
BRF:0
BRH:0
end_of_record
TN:
SF:src\models\server.js
FN:11,(anonymous_0)
FN:27,(anonymous_1)
FN:36,(anonymous_2)
FN:42,(anonymous_3)
FN:48,(anonymous_4)
FN:53,(anonymous_5)
FN:58,(anonymous_6)
FN:59,(anonymous_7)
FNF:8
FNH:4
FNDA:1,(anonymous_0)
FNDA:1,(anonymous_1)
FNDA:1,(anonymous_2)
FNDA:1,(anonymous_3)
FNDA:0,(anonymous_4)
FNDA:0,(anonymous_5)
FNDA:0,(anonymous_6)
FNDA:0,(anonymous_7)
DA:1,1
DA:2,1
DA:4,1
DA:5,1
DA:7,1
DA:8,1
DA:9,1
DA:12,1
DA:13,1
DA:15,1
DA:22,1
DA:23,1
DA:24,1
DA:27,1
DA:28,1
DA:29,1
DA:30,1
DA:32,0
DA:37,1
DA:38,1
DA:39,1
DA:43,1
DA:44,1
DA:45,1
DA:46,1
DA:47,1
DA:48,1
DA:50,0
DA:51,0
DA:53,1
DA:54,0
DA:59,0
DA:60,0
DA:65,1
LF:34
LH:28
BRDA:13,0,0,1
BRDA:13,0,1,0
BRF:2
BRH:1
end_of_record
TN:
SF:src\models\tarea.js
FNF:0
FNH:0
DA:1,1
DA:2,1
DA:3,1
DA:5,1
DA:37,1
DA:44,1
DA:49,1
LF:7
LH:7
BRF:0
BRH:0
end_of_record
TN:
SF:src\models\usuario.js
FNF:0
FNH:0
DA:2,1
DA:3,1
DA:5,1
DA:41,1
LF:4
LH:4
BRF:0
BRH:0
end_of_record
TN:
SF:src\network\response.js
FN:1,(anonymous_0)
FN:8,(anonymous_1)
FNF:2
FNH:2
FNDA:16,(anonymous_0)
FNDA:8,(anonymous_1)
DA:1,1
DA:2,16
DA:8,1
DA:9,8
DA:15,1
LF:5
LH:5
BRDA:2,0,0,16
BRDA:2,0,1,13
BRDA:4,1,0,16
BRDA:4,1,1,0
BRDA:9,2,0,8
BRDA:9,2,1,0
BRDA:11,3,0,8
BRDA:11,3,1,0
BRF:8
BRH:5
end_of_record
